87.6642
121
161
135
11
129
162
164
16
8
41
115
59
185
66
52
74
141
36
17
37
173
82
143
131
153
104
118
32
199
26
102
12
132
184
70
28
79
108
98
134
175
163
21
191
14
72
138
31
73
43
27
148
171
158
151
120
168
187
46
68
24
49
95
149
80
84
165
179
87
192
96
54
9
48
147
75
22
157
99
190
182
53
10
145
154
126
42
4
101
3
1
124
86
92
91
159
56
156
186
178
181
142
58
198
13
34
112
167
97
189
50
88
183
119
100
114
133
127
63
113
174
110
89
39
93
117
94
55
140
57
69
180
60
38
128
65
71
61
5
152
105
197
85
176
109
137
67
193
90
45
2
166
35
144
194
169
78
150
6
81
170
20
160
83
172
130
23
122
62
44
188
196
177
40
200
77
51
64
76
18
25
195
30
107
47
19
7
125
15
139
136
123
103
29
33
111
106
146
116
155
