97.0073
81
156
90
182
92
83
68
29
186
55
36
199
71
12
80
197
59
160
134
25
104
42
110
23
72
127
135
151
28
198
94
111
141
170
139
114
177
38
75
105
175
26
116
164
173
178
191
91
22
54
34
74
158
152
67
9
165
82
13
153
88
98
57
96
11
125
171
188
119
137
95
17
150
61
190
118
172
41
180
78
107
149
115
46
176
200
126
147
184
148
140
187
131
18
63
56
35
194
132
50
49
121
19
179
27
136
84
154
166
45
21
102
196
65
60
62
33
43
168
142
15
58
5
155
66
37
70
8
73
79
129
113
106
122
6
32
93
163
24
133
16
185
97
120
31
7
20
30
143
124
117
2
145
4
144
138
53
103
161
99
14
162
86
189
183
51
112
64
85
169
77
181
89
39
123
44
87
1
167
159
100
130
76
146
128
174
40
108
101
195
47
52
3
157
69
192
109
48
10
193
