117.373
87
74
24
196
57
23
101
10
169
37
19
67
121
98
99
30
166
77
73
79
200
82
184
180
175
105
181
124
94
176
63
177
123
8
159
161
148
108
165
149
147
93
130
29
4
136
142
153
162
179
150
88
106
84
21
42
155
127
199
134
154
41
190
5
50
112
195
168
137
71
104
78
3
49
81
170
70
62
109
11
53
131
111
59
143
52
126
92
22
51
20
85
90
192
102
54
157
39
116
66
182
12
100
135
48
27
40
129
80
188
69
46
125
32
64
25
119
151
47
191
38
138
110
189
132
1
185
91
31
96
97
45
95
36
146
197
152
158
68
26
171
72
55
61
118
86
13
2
17
14
140
145
187
141
43
44
117
83
75
144
183
34
56
15
186
164
76
18
7
193
114
16
58
33
115
194
65
128
167
107
198
173
174
35
139
156
9
160
163
120
28
172
178
60
89
122
6
133
113
103
