114.797
15
139
170
134
175
68
90
29
160
10
180
74
19
117
178
155
165
140
39
188
144
102
53
143
3
30
199
197
80
151
104
179
14
99
145
131
43
18
33
185
59
46
187
34
119
97
118
5
27
113
115
129
173
190
36
89
57
120
92
132
109
193
26
127
50
200
86
21
111
166
70
177
37
158
22
142
195
60
191
174
163
196
122
49
64
135
123
100
192
87
17
98
157
54
41
103
48
32
114
159
8
38
45
11
96
110
31
141
58
164
61
198
147
91
56
148
186
78
149
138
128
146
171
94
82
42
137
67
154
156
88
95
152
77
83
130
16
9
4
25
153
44
62
85
167
168
105
73
93
125
133
84
183
28
12
107
76
184
7
2
47
66
150
72
101
136
51
1
52
71
181
65
121
20
63
182
172
13
112
81
23
75
189
124
162
169
24
35
6
55
108
40
126
79
194
69
106
161
116
176
