93.6847
76
143
94
178
28
77
3
99
146
34
70
87
155
55
49
121
25
12
182
104
166
167
116
52
192
91
171
14
150
198
93
7
20
139
170
19
103
82
200
147
158
113
88
98
101
123
169
32
36
156
153
80
196
72
148
62
29
149
97
75
159
112
161
135
152
96
151
176
9
57
105
21
107
64
145
73
172
130
50
165
127
137
189
92
186
140
168
31
83
45
10
84
54
115
44
191
23
122
78
71
119
89
39
11
42
27
125
60
129
79
144
157
133
180
162
126
86
102
26
164
40
41
175
141
90
124
118
190
160
134
81
6
59
43
13
120
194
46
184
187
24
110
163
30
58
185
74
111
22
183
181
132
109
69
65
114
33
18
68
138
128
136
193
66
5
17
4
51
8
85
1
2
197
106
108
61
174
67
15
95
38
154
195
16
48
100
53
117
177
142
35
131
37
63
179
173
47
199
56
188
