88.3666
72
156
46
42
86
91
8
193
56
139
142
123
153
194
195
15
9
141
83
13
78
125
20
197
105
102
37
62
165
88
65
196
182
104
145
99
186
198
117
70
69
57
122
148
61
66
67
181
110
19
43
161
4
22
41
93
11
71
179
32
167
170
106
60
17
140
35
168
107
52
152
128
146
85
103
2
24
34
63
143
192
75
51
134
160
132
53
175
64
116
97
96
131
130
178
174
157
6
90
155
150
199
111
12
126
87
177
184
112
89
23
191
76
36
84
77
173
40
1
18
149
158
74
169
59
26
159
137
119
80
154
190
5
39
188
129
27
30
138
189
109
48
10
180
45
147
100
114
171
54
28
124
133
14
55
118
200
68
38
33
16
136
25
113
185
29
21
183
121
127
176
151
73
135
58
98
49
79
172
44
7
95
108
94
92
163
187
3
162
115
101
81
144
47
164
50
166
31
120
82
