95.0125
65
20
16
40
71
197
24
46
87
66
17
171
175
192
162
85
180
53
11
76
161
188
105
2
164
108
195
144
120
174
26
114
125
118
86
153
70
185
178
129
121
89
39
149
124
176
36
81
157
134
95
78
100
154
187
62
172
92
34
15
58
184
51
168
117
79
97
91
111
113
104
198
190
1
33
38
4
6
9
43
152
35
140
72
155
130
123
193
64
186
150
103
69
57
136
59
47
151
77
7
107
27
116
170
122
14
200
28
25
199
160
131
13
173
127
30
177
74
163
73
44
60
146
139
55
61
42
147
80
196
142
68
158
41
141
133
50
52
194
84
49
148
3
10
22
75
132
63
159
138
21
5
165
32
83
96
67
166
191
143
94
82
182
189
31
156
88
90
115
106
101
48
93
102
23
98
99
179
109
37
135
112
128
119
45
18
8
181
110
169
56
145
12
126
29
167
54
183
137
19
