95.4905
172
68
156
55
165
41
188
196
184
103
151
181
67
177
132
129
192
46
180
154
119
21
33
199
56
145
91
100
117
200
82
60
70
54
183
115
185
112
34
147
130
125
26
102
79
178
191
194
22
114
160
109
190
179
76
28
189
73
166
20
150
164
75
80
175
113
104
198
143
159
105
31
27
5
126
120
163
77
93
87
135
65
57
81
127
66
45
123
88
186
173
92
97
187
148
108
48
111
23
122
58
1
37
19
35
89
36
90
44
4
136
110
182
124
84
106
167
162
86
12
174
43
30
72
140
193
18
29
64
101
170
153
2
3
14
99
141
38
169
133
146
24
52
94
78
59
138
96
42
107
134
51
131
74
32
15
195
144
152
137
10
116
176
158
168
139
171
53
11
50
98
39
8
62
63
16
157
128
69
40
118
149
7
85
9
6
121
13
71
95
49
142
47
155
17
161
25
197
83
61
