95.5592
2
161
88
40
28
163
10
133
157
188
192
1
63
9
4
34
158
47
87
20
128
69
38
108
14
56
111
7
52
173
79
196
106
26
174
21
124
29
193
6
98
16
46
74
96
120
53
171
99
150
182
12
123
166
121
170
95
58
8
75
97
90
169
60
41
92
172
162
18
151
73
137
184
78
107
152
168
51
180
147
126
118
125
142
144
83
117
70
54
183
149
191
89
122
36
177
113
159
80
110
45
62
50
186
72
145
11
178
116
146
35
153
68
37
33
17
156
67
100
164
148
65
181
130
143
136
84
93
104
5
3
15
23
197
82
61
101
57
102
94
165
199
77
31
22
114
76
13
105
134
127
190
189
119
25
160
66
200
129
138
175
185
48
30
167
115
86
42
176
135
141
187
112
85
103
194
24
32
179
132
43
64
49
139
195
71
198
55
140
91
19
44
59
27
155
109
39
81
154
131
