88.2364
72
74
94
169
104
146
145
198
177
117
187
170
9
99
46
28
107
110
154
45
191
105
135
130
136
51
157
161
143
133
80
129
84
144
39
14
149
141
83
93
67
151
90
56
132
120
116
27
16
197
97
115
75
50
153
6
35
167
55
86
81
138
188
162
54
114
19
113
58
126
174
48
164
38
73
5
125
183
137
155
18
109
49
41
156
8
57
36
47
199
32
78
189
182
190
196
171
87
123
60
106
147
159
43
26
37
88
127
52
30
82
180
100
42
175
194
10
192
98
181
179
11
108
178
44
131
59
193
2
20
112
91
12
4
70
101
25
62
66
71
102
118
53
69
89
184
150
173
124
92
111
40
1
172
61
166
23
152
3
31
85
33
24
21
22
64
96
15
17
168
65
7
34
119
79
200
95
165
186
13
142
122
121
148
29
185
68
77
195
158
103
163
139
140
76
160
63
176
134
128
