87.5957
76
94
61
85
54
12
37
165
66
78
92
4
112
81
173
47
155
160
200
159
187
29
140
145
34
102
49
93
41
55
190
135
68
125
199
157
30
124
139
142
83
183
91
176
89
158
114
69
189
60
95
179
109
84
101
194
3
151
43
122
182
100
65
98
178
116
6
185
107
20
58
13
156
88
198
186
163
63
9
28
1
23
104
72
17
147
161
123
42
136
175
129
96
196
191
52
141
138
134
8
45
137
7
167
131
154
103
67
80
119
79
50
82
177
36
150
51
152
90
26
121
73
184
31
195
113
120
11
39
148
181
169
118
130
106
99
22
172
110
111
71
40
10
128
188
64
108
127
87
171
170
59
44
168
143
133
5
97
19
27
74
197
132
2
77
174
166
144
146
70
164
180
117
105
75
115
38
24
33
162
46
32
21
62
15
14
193
16
192
86
35
48
56
18
53
57
149
126
153
25
