107.401
158
1
168
120
24
132
145
198
194
61
146
55
155
83
142
53
62
196
162
16
45
184
119
87
31
117
47
66
32
63
152
94
29
181
92
106
91
81
36
33
141
89
176
134
128
124
107
42
41
13
113
140
165
170
179
60
189
19
173
116
72
26
90
149
112
101
27
67
23
44
39
175
125
74
103
52
99
9
4
193
105
93
150
78
71
22
190
50
153
177
20
35
130
28
200
160
30
6
25
138
77
98
122
86
58
10
2
131
136
171
34
76
161
104
144
65
118
151
154
11
88
133
37
185
166
84
164
183
3
167
43
82
135
12
127
156
97
70
143
180
100
137
187
109
172
110
85
114
38
18
199
188
195
96
139
69
108
51
126
102
178
182
186
57
129
148
95
115
80
15
48
49
54
159
14
75
5
79
59
157
197
111
73
8
174
7
163
40
21
46
191
123
64
169
68
17
147
56
121
192
