104.473
50
193
95
155
40
69
7
152
46
108
141
161
126
75
134
25
2
74
94
142
33
113
139
72
26
30
38
22
131
29
65
62
57
128
77
59
158
111
78
132
182
116
186
20
31
90
28
104
153
86
189
103
60
4
3
34
80
89
154
192
10
101
112
68
64
100
19
150
97
51
102
70
135
164
137
178
157
181
61
195
194
198
91
172
110
58
36
13
55
160
148
187
190
117
83
52
21
43
151
174
136
63
18
169
82
196
107
121
199
9
147
12
159
85
49
76
165
6
53
163
98
146
16
67
120
24
73
88
138
81
180
144
1
140
15
176
79
45
23
166
129
145
171
92
42
114
118
37
8
184
127
156
197
173
177
96
191
71
66
27
35
106
99
32
11
167
170
162
54
93
47
41
179
188
125
175
39
200
105
168
130
149
14
17
143
185
123
44
5
119
87
183
84
122
56
133
115
48
124
109
