74.2016
474
750
127
468
4
832
378
531
946
537
629
607
874
615
259
25
351
118
588
617
761
965
928
170
124
467
939
880
103
888
169
427
907
15
167
524
717
638
142
287
1
821
631
56
573
546
566
725
473
600
164
125
112
358
885
461
659
891
648
533
236
384
975
190
486
184
416
551
513
904
322
230
497
662
241
430
764
557
448
896
677
997
626
52
447
727
914
703
591
632
161
903
889
71
481
530
333
645
380
496
203
584
149
182
331
69
376
689
375
614
39
217
762
490
181
752
89
797
74
576
364
484
779
450
926
575
694
685
547
906
941
532
374
19
860
954
663
252
544
95
226
131
943
307
22
892
714
246
768
43
422
40
443
511
160
664
211
773
938
313
180
827
454
477
931
147
482
345
373
660
519
882
619
578
647
837
288
514
85
718
697
778
552
449
654
741
816
979
910
138
256
709
853
356
154
707
637
577
464
721
377
215
369
318
712
667
960
857
585
771
206
894
507
661
878
535
966
128
758
964
616
159
268
503
386
733
340
223
123
371
113
789
767
688
895
944
510
242
104
734
590
346
515
559
801
383
311
691
483
704
379
281
933
701
786
96
921
796
325
292
116
879
304
129
248
465
634
599
652
881
343
155
301
876
92
41
82
739
305
439
605
352
460
722
157
273
202
317
855
310
210
119
433
335
956
197
909
336
897
255
957
676
529
65
451
274
137
791
234
401
509
644
151
130
911
840
31
643
431
803
367
446
49
171
505
435
51
330
28
298
495
192
700
755
354
564
177
438
756
253
120
163
745
920
763
625
277
321
240
110
385
145
633
953
990
198
788
227
602
315
109
440
107
247
414
611
972
858
908
283
498
826
355
517
108
81
219
893
799
403
319
675
207
405
730
406
106
363
485
569
262
597
46
394
807
213
620
800
84
923
916
132
982
100
859
466
334
804
16
848
389
824
899
720
459
457
499
328
692
512
60
948
774
967
991
111
494
665
666
144
708
959
525
284
627
412
565
316
562
793
901
94
877
117
393
3
540
887
749
592
808
70
604
122
999
229
399
141
250
630
561
487
843
26
639
183
538
798
684
699
8
2
925
55
992
981
175
329
723
738
556
348
845
80
146
114
726
913
884
282
541
987
196
672
77
610
671
402
67
952
188
162
42
777
636
613
810
856
441
271
781
831
191
886
165
83
940
995
72
545
986
193
337
825
978
249
970
62
898
686
678
14
766
502
520
554
841
550
567
919
744
492
548
222
260
989
296
488
172
674
838
735
179
609
244
622
526
93
140
463
702
308
875
225
320
849
612
323
603
267
105
445
442
656
338
29
115
381
419
388
984
830
204
969
508
968
23
698
696
695
977
44
669
742
949
872
918
596
397
579
754
971
314
528
543
359
59
922
33
942
927
395
563
18
208
339
522
480
655
245
863
635
862
98
237
32
775
868
935
905
932
850
936
158
929
327
864
851
772
306
148
13
902
326
784
985
623
915
220
974
126
785
295
844
176
382
408
424
173
390
263
243
350
444
261
506
139
681
670
580
842
420
732
759
34
251
846
713
571
309
608
930
404
976
410
693
988
650
516
651
269
866
27
937
871
231
276
705
924
426
683
418
428
805
815
839
570
413
568
453
621
76
134
270
423
558
415
54
751
195
690
101
212
679
121
353
407
48
201
912
489
719
297
78
993
890
555
747
174
945
813
715
500
958
286
711
341
303
153
294
362
861
199
765
302
574
205
45
950
452
12
593
852
7
90
152
809
279
642
455
518
753
275
527
478
962
370
795
680
232
641
265
606
437
870
731
782
254
716
523
657
432
368
814
332
264
233
462
646
476
97
38
812
36
349
299
425
360
783
66
883
792
61
194
668
99
501
398
934
214
746
64
185
58
776
601
57
549
469
748
272
961
822
794
628
290
640
833
998
963
235
539
586
291
806
400
53
682
687
75
143
787
618
278
37
994
811
189
372
102
186
392
729
1000
224
769
200
589
347
50
436
91
757
17
342
411
136
836
68
817
300
20
770
228
598
819
587
178
35
10
409
847
867
417
470
624
456
387
312
391
11
73
736
365
344
6
737
30
218
421
472
582
706
594
996
475
79
258
820
63
728
187
86
536
917
5
951
458
542
280
818
257
823
583
869
361
780
366
835
150
983
521
802
534
168
209
873
87
743
156
24
479
221
828
900
166
491
133
434
834
553
396
760
724
289
238
581
293
595
658
21
947
854
429
829
980
790
710
504
740
865
493
649
9
47
572
216
239
135
357
266
955
285
673
653
471
324
560
973
88
