80.3392
178
777
605
824
80
273
214
712
110
241
727
124
518
793
279
111
270
846
186
285
498
47
500
480
831
417
60
127
248
869
440
257
973
6
954
429
101
719
115
986
771
623
519
916
161
268
481
968
205
961
430
709
56
928
635
677
845
385
491
628
114
877
673
108
496
808
76
918
647
207
701
16
637
558
7
897
689
439
920
160
749
221
722
461
860
237
524
574
54
386
866
972
143
547
38
739
806
522
508
296
83
609
40
96
229
12
568
433
552
539
663
260
222
272
931
240
750
925
982
649
265
720
427
766
423
535
959
983
530
365
537
224
291
104
401
19
879
795
833
945
769
454
171
835
134
44
353
742
348
22
118
363
89
937
404
863
103
583
247
624
778
588
358
864
876
821
729
61
608
39
393
315
892
416
759
828
226
752
883
1
685
79
303
310
815
132
775
55
156
891
880
606
333
788
414
264
27
841
20
792
420
177
18
378
797
555
29
447
411
460
341
356
724
610
295
412
471
325
434
34
812
912
407
206
913
764
153
991
544
738
478
329
993
617
424
706
965
779
17
317
543
902
919
379
2
561
349
787
757
905
949
917
554
463
823
601
938
168
191
190
465
629
672
332
705
1000
572
223
342
853
573
836
397
112
219
390
254
344
304
511
737
399
486
546
62
58
660
676
140
898
202
896
367
767
174
459
314
579
467
785
618
148
15
805
504
707
85
878
468
776
532
377
799
906
475
932
971
643
652
276
501
669
258
306
613
714
556
24
529
184
697
235
488
910
198
286
651
893
437
936
72
185
45
899
335
516
64
562
503
144
345
98
209
800
873
589
373
369
362
566
941
820
850
262
557
284
316
790
997
354
963
106
927
885
710
857
639
387
944
162
551
947
25
236
142
154
78
728
343
50
234
35
804
640
374
733
37
735
131
592
130
334
91
666
958
507
259
435
189
970
692
487
283
698
320
438
474
426
193
228
930
515
337
814
428
199
990
289
636
786
693
418
542
347
626
366
472
361
494
816
299
648
994
895
726
602
159
9
852
520
817
929
867
998
603
422
881
512
665
974
410
952
360
545
531
907
441
65
181
444
999
187
294
107
492
683
600
204
746
870
851
718
359
813
819
950
215
502
483
158
540
255
490
300
756
139
575
88
762
909
969
36
565
381
655
218
736
408
165
923
654
201
163
596
849
67
514
691
858
355
42
23
121
278
723
856
495
409
690
31
368
175
753
93
246
451
90
82
482
216
670
308
448
725
52
829
591
656
571
734
33
301
934
570
977
231
282
781
473
650
466
644
525
688
68
164
704
326
567
288
117
604
233
200
549
875
611
157
914
321
406
580
8
818
550
675
485
832
614
842
250
587
489
987
679
113
534
948
149
364
331
915
922
684
612
784
563
773
445
657
92
964
861
277
244
865
74
803
432
634
227
569
559
380
21
30
340
641
882
528
77
770
700
765
298
309
232
125
939
102
123
195
760
732
772
933
431
872
761
263
403
951
646
901
658
645
509
51
740
586
375
758
984
715
811
598
827
578
249
446
376
211
293
874
978
242
261
352
946
322
599
442
668
87
53
217
825
780
783
305
615
338
126
388
886
541
642
981
822
275
188
768
505
137
391
597
548
421
339
975
182
128
212
4
14
449
802
717
151
791
120
73
105
384
351
396
560
616
97
470
659
69
208
70
513
119
631
413
180
43
884
794
533
935
75
290
621
839
526
287
436
169
100
166
370
152
135
26
274
395
801
633
620
830
394
678
995
826
271
582
372
203
457
280
225
789
754
3
327
988
900
859
888
989
564
894
887
84
398
172
957
962
313
28
590
585
744
996
903
464
809
506
469
844
661
136
798
41
638
81
196
493
966
721
311
782
122
687
251
632
664
456
702
95
810
747
834
176
671
576
774
960
855
686
695
350
415
553
150
627
400
10
662
147
889
243
330
730
297
713
458
245
336
731
210
450
213
868
220
49
328
743
521
238
837
536
871
653
682
183
741
443
847
967
538
751
479
173
980
59
402
239
625
425
357
267
382
252
71
109
848
319
389
921
138
748
269
584
116
256
281
924
129
510
99
371
956
484
346
667
11
453
312
843
66
523
694
577
940
593
992
527
194
708
324
13
253
197
619
419
840
517
167
497
955
392
318
145
711
763
405
57
170
976
48
696
807
292
622
943
979
838
796
953
499
230
302
63
46
146
942
455
862
133
890
581
5
674
476
86
383
595
699
141
745
680
452
477
985
94
681
926
630
155
607
307
716
755
908
32
854
192
462
266
594
911
323
179
904
703
