84.0588
735
907
426
570
238
250
499
266
647
156
581
450
792
796
387
460
933
1
904
691
208
92
133
385
124
428
181
788
457
23
600
649
254
925
804
140
515
847
553
454
477
343
297
965
971
639
621
505
917
566
76
494
974
13
419
596
818
7
749
123
53
335
959
59
423
587
697
466
952
969
799
45
932
631
929
370
508
142
202
376
391
937
435
323
258
827
909
945
887
11
607
958
234
148
681
18
489
44
613
411
295
763
150
736
97
670
879
807
770
367
244
220
708
672
677
438
38
848
949
700
359
301
328
129
522
439
267
586
186
972
539
645
875
187
572
927
696
730
506
242
334
842
270
920
902
176
448
216
717
33
472
711
180
834
498
552
914
228
304
264
619
268
661
483
22
710
235
214
159
485
663
31
90
62
520
57
166
154
325
380
441
106
646
652
519
72
923
856
292
811
467
407
574
384
984
638
386
908
291
94
263
66
252
724
392
305
656
41
694
300
611
729
12
486
967
693
916
895
368
74
442
712
557
56
771
777
981
396
171
756
394
525
19
256
504
594
375
644
921
461
377
104
82
751
768
502
651
15
683
85
316
339
240
68
83
356
541
728
592
474
898
533
107
136
623
963
881
884
47
481
824
46
870
576
414
463
548
165
341
488
468
102
32
103
64
122
458
14
738
241
629
80
16
769
201
516
79
271
465
137
939
424
946
135
373
227
701
149
134
632
120
299
50
835
678
742
758
947
69
660
1000
578
994
331
293
863
744
529
936
609
223
290
989
261
509
470
800
643
892
692
40
825
988
625
446
813
864
883
162
416
687
970
389
950
211
203
837
431
973
249
577
608
977
451
851
850
924
443
393
153
846
826
212
425
406
635
170
4
754
311
366
538
872
58
820
337
798
310
138
172
833
262
421
888
599
876
493
926
246
603
49
640
112
222
388
60
410
776
36
985
753
272
535
5
9
27
276
810
793
96
760
877
320
655
886
309
964
962
664
340
86
996
283
402
188
956
143
797
473
688
954
767
782
247
492
152
177
840
673
495
757
620
383
983
348
844
737
703
471
821
668
874
690
175
698
893
918
48
579
507
601
114
731
116
118
374
849
164
511
689
369
610
119
30
865
255
327
913
405
951
444
381
940
547
269
204
906
319
948
617
829
67
774
110
257
791
803
243
873
225
248
679
747
312
795
185
634
213
648
360
715
978
78
859
317
866
21
3
755
726
357
199
25
321
885
759
659
497
869
666
817
750
200
704
174
748
544
510
828
812
326
841
217
453
260
734
221
87
37
189
229
521
491
298
239
890
868
604
720
155
288
430
307
280
569
84
77
205
560
662
161
822
836
302
831
602
563
772
680
930
346
593
852
207
81
432
215
612
562
575
191
43
408
281
420
806
636
583
289
944
559
674
144
614
752
2
997
823
245
361
590
676
429
658
478
209
455
259
982
100
351
26
682
17
183
437
111
61
665
627
274
197
169
896
484
350
503
179
721
390
347
354
332
237
206
306
843
999
746
117
878
318
415
132
775
667
860
294
192
862
127
765
709
591
462
233
273
901
802
702
475
358
706
540
830
345
279
555
130
857
801
938
160
653
314
412
109
961
287
780
296
378
198
338
684
487
436
723
70
322
131
527
897
190
669
476
534
764
126
894
714
891
675
880
781
355
903
551
626
333
628
543
790
778
564
686
95
445
286
364
182
993
854
427
733
942
173
991
992
530
398
224
98
141
28
371
966
194
285
606
618
671
740
598
808
919
561
713
915
832
265
582
447
399
512
722
490
745
52
526
762
324
910
531
313
513
871
990
654
861
278
479
809
500
589
147
718
785
976
51
6
554
899
789
113
968
882
401
616
695
315
146
957
595
128
336
284
352
404
739
501
105
814
615
42
955
568
139
928
121
558
210
35
157
732
935
29
418
889
622
496
469
542
573
8
934
995
10
184
536
912
839
685
440
524
413
565
943
482
395
342
382
783
528
20
922
845
63
349
766
196
73
855
905
580
979
91
741
549
372
99
975
571
125
71
330
115
253
480
39
546
329
725
168
226
641
630
567
858
303
727
230
585
550
707
537
55
365
449
88
584
251
941
545
779
556
353
456
89
931
980
158
514
761
308
101
231
219
838
277
805
452
773
282
637
363
178
93
815
65
705
232
960
597
24
218
275
34
719
716
193
523
464
657
400
75
379
624
605
417
532
953
786
867
433
633
650
195
588
642
459
787
743
167
151
986
54
397
344
145
853
816
518
900
236
911
784
434
362
422
163
403
987
108
517
998
409
819
794
699
