84.2173
2
966
106
225
875
412
622
216
909
279
642
249
156
201
3
134
566
260
999
378
987
35
160
226
339
476
154
575
168
384
903
64
781
46
65
981
898
128
14
481
23
175
6
567
772
219
206
846
305
504
454
119
596
478
21
564
776
907
619
118
164
878
16
913
657
257
514
292
748
736
537
431
486
929
509
19
825
162
7
435
232
685
479
428
837
204
322
76
333
4
222
680
625
409
682
525
671
809
307
710
464
585
113
580
99
472
927
593
689
17
286
13
906
127
459
839
591
129
357
729
608
324
365
32
559
100
446
328
840
560
241
800
722
306
380
67
259
855
777
577
835
586
673
28
741
10
227
482
633
470
730
304
993
231
212
275
74
945
437
639
760
785
679
938
655
492
491
807
806
779
230
699
561
540
473
415
49
210
310
662
718
530
886
695
613
880
264
267
712
421
686
89
611
518
30
372
696
526
570
860
724
125
616
319
996
631
84
303
971
53
315
872
56
904
461
693
284
193
520
179
614
323
449
177
754
995
826
737
866
624
873
243
976
487
91
103
964
281
946
647
336
450
598
620
468
549
836
142
651
262
618
640
594
511
652
738
988
965
235
750
890
961
192
40
224
922
692
189
460
213
674
369
184
545
970
916
799
536
605
528
110
433
944
952
159
109
519
31
273
38
377
330
610
475
856
147
778
489
153
98
814
562
630
912
423
419
326
862
356
497
334
848
571
455
429
469
997
197
503
124
954
465
139
628
440
251
166
896
95
161
202
36
445
399
329
1
546
910
88
277
761
242
26
172
548
130
152
844
63
180
635
240
141
661
972
669
612
934
920
447
541
507
732
923
937
864
843
96
556
834
270
280
59
173
143
935
967
667
990
451
233
467
458
250
768
582
181
452
744
266
554
367
789
919
358
723
236
318
535
830
597
820
758
818
411
393
638
8
576
892
717
599
368
386
849
205
568
739
811
211
557
493
590
228
444
515
252
338
850
331
683
150
634
121
615
169
607
389
265
775
681
617
558
229
138
302
810
755
883
105
629
263
986
261
805
521
424
136
902
196
513
70
82
813
975
396
9
218
517
569
462
901
466
542
797
691
117
269
258
506
870
337
426
104
290
543
742
802
477
672
350
708
408
374
888
151
592
921
209
770
52
877
61
163
90
43
578
320
272
62
274
656
463
116
767
114
5
501
532
928
20
404
442
483
959
688
719
387
480
609
195
471
670
48
939
868
847
707
953
643
968
600
829
803
915
650
44
499
973
782
308
863
123
698
626
788
12
745
394
299
317
245
438
355
359
842
361
77
321
1000
505
410
533
93
457
563
349
348
980
733
456
170
186
75
416
787
443
439
311
749
867
71
217
763
932
220
773
288
994
551
917
982
340
822
854
824
194
838
97
697
879
602
523
974
171
885
792
700
899
653
703
24
714
769
73
276
332
135
441
960
58
51
214
705
395
50
108
637
573
604
731
529
92
126
295
936
174
940
565
985
385
78
930
256
11
522
865
756
298
774
823
648
743
101
753
271
297
702
300
762
801
623
958
296
780
746
484
22
422
794
583
83
309
27
627
858
793
381
391
665
991
786
925
403
390
678
293
430
941
398
343
998
841
632
55
376
950
962
345
289
979
474
759
621
155
845
79
346
735
587
81
157
383
37
955
47
69
420
247
992
893
366
831
874
41
606
66
327
485
984
282
246
182
198
666
949
727
354
947
933
804
183
675
496
581
407
133
572
137
208
370
911
871
595
502
516
832
654
728
287
401
314
185
406
668
720
254
709
660
891
352
796
341
347
191
176
112
325
711
68
649
237
268
534
783
313
957
397
951
553
819
15
427
149
18
677
956
434
827
876
203
373
405
414
495
86
579
704
253
140
889
187
453
335
900
931
45
721
790
859
417
989
764
60
375
658
379
552
115
244
887
908
765
817
715
574
190
432
146
766
436
234
852
646
694
34
165
362
963
882
539
555
291
816
80
948
663
747
752
538
550
544
448
895
808
500
905
85
664
248
200
351
757
983
969
294
603
223
531
402
255
132
42
510
158
122
894
388
360
701
924
353
239
72
740
512
853
278
791
815
215
601
978
107
524
644
812
784
897
120
418
918
238
926
716
494
828
342
413
942
857
498
771
57
706
283
659
690
861
684
725
833
881
392
25
795
39
54
636
713
312
589
382
645
547
798
167
734
94
687
641
111
914
977
221
425
584
131
490
363
178
751
207
588
33
102
188
488
821
301
676
316
145
87
199
400
869
527
144
884
943
371
364
344
285
851
508
148
726
29
