78.403
929
390
805
293
351
537
935
764
987
616
270
785
544
894
721
659
646
779
385
92
916
853
425
126
872
471
348
364
610
972
940
139
509
178
1000
337
190
624
237
650
511
855
419
747
306
524
904
321
609
708
652
314
189
291
866
730
234
486
233
316
819
209
191
851
692
120
322
227
418
797
212
670
637
905
284
356
141
741
101
499
736
583
722
922
277
183
566
324
39
315
501
757
618
559
77
443
493
720
796
832
372
271
73
396
224
925
773
195
788
888
310
137
654
201
340
205
567
252
843
557
725
177
162
792
157
285
593
304
878
985
895
690
516
575
715
154
995
753
76
434
848
943
404
389
332
784
514
760
135
100
876
767
791
752
428
72
266
504
799
702
570
875
463
117
60
64
574
480
744
560
83
241
700
830
192
600
374
199
435
712
703
20
620
549
229
439
132
264
568
739
611
852
623
108
958
500
210
163
273
248
847
986
274
225
992
748
87
416
861
423
584
733
658
379
168
45
510
151
214
198
525
451
417
628
997
580
782
978
873
429
635
965
569
661
65
11
152
34
716
665
323
547
746
230
726
96
849
175
235
112
403
36
75
317
545
745
269
70
441
478
951
902
55
749
942
14
529
598
532
238
602
339
901
111
125
452
775
67
674
197
651
213
62
260
68
12
245
196
176
589
335
667
469
166
565
362
61
363
325
506
338
376
999
394
802
586
289
854
515
780
864
405
835
161
492
391
6
803
326
980
301
738
456
926
642
671
350
164
786
561
397
531
693
481
165
381
290
915
254
503
432
818
907
724
491
655
520
487
255
836
937
173
975
732
53
695
630
211
820
982
552
839
354
709
298
106
395
246
259
833
990
305
697
755
956
952
147
116
759
550
267
698
158
765
84
971
82
223
479
392
303
653
343
707
359
143
606
113
341
410
228
426
677
292
636
789
846
388
9
582
822
954
402
571
831
719
21
883
281
994
2
496
54
407
307
467
155
26
783
422
38
662
437
430
393
521
718
43
793
731
476
991
59
455
590
717
172
180
208
649
897
462
913
587
680
564
357
761
969
865
947
957
758
473
31
150
840
242
983
445
488
622
383
42
735
368
776
1
596
546
483
412
202
909
220
413
89
56
885
344
539
421
93
347
828
750
711
4
431
605
174
22
23
811
16
327
528
472
533
71
513
577
444
898
58
607
498
825
862
128
74
159
687
841
32
222
24
734
257
882
15
540
678
313
710
37
647
440
541
249
917
808
342
704
218
80
138
453
276
668
585
94
858
145
638
527
912
701
130
384
239
309
370
534
200
771
579
131
447
167
675
633
768
740
842
490
140
981
705
49
924
438
40
352
890
816
817
664
182
794
27
643
466
124
217
103
684
336
685
380
399
502
123
870
910
615
400
118
800
689
69
495
777
517
142
973
778
625
988
251
723
519
448
105
318
806
911
148
386
484
282
781
657
179
542
247
115
699
280
187
319
962
948
774
941
798
581
809
398
512
892
627
185
976
373
626
98
535
346
160
221
288
996
375
845
884
887
713
645
66
960
669
863
608
918
770
311
365
156
548
558
420
295
691
44
29
475
522
921
286
766
686
171
518
604
300
460
597
329
632
136
436
459
931
30
933
979
523
272
13
762
85
424
50
134
696
433
149
240
188
814
320
109
993
938
457
812
406
57
458
107
928
869
275
603
48
331
613
966
236
756
672
366
88
153
827
408
977
629
595
908
660
256
114
133
810
8
727
807
860
526
880
573
79
859
656
834
122
706
857
801
949
41
345
614
572
215
891
945
232
121
914
959
824
592
563
896
950
968
644
899
387
838
312
110
261
963
728
283
554
881
621
367
474
553
360
932
998
813
206
17
970
216
601
369
556
355
815
377
737
278
795
967
243
923
203
361
18
328
427
688
676
683
265
482
250
867
641
330
489
612
207
450
51
129
663
78
893
666
742
837
631
5
679
536
86
464
334
465
477
599
7
90
844
936
919
144
497
944
505
850
754
729
349
551
538
984
294
823
102
964
555
170
485
28
619
946
378
146
826
184
530
415
578
99
769
91
751
302
591
494
640
10
790
874
104
927
879
333
449
52
414
46
409
639
576
953
507
508
193
181
296
244
33
900
253
470
411
763
401
63
934
35
268
127
299
694
371
263
231
543
821
829
454
868
562
634
714
194
279
903
468
930
594
446
804
856
648
442
204
297
989
682
772
219
939
95
871
262
119
353
382
617
97
588
358
743
308
258
787
226
47
673
681
955
3
287
974
169
186
19
25
461
889
886
920
961
81
906
877
