72.3151
856
291
220
300
208
187
224
22
835
287
652
969
393
539
585
560
805
737
320
935
557
600
567
45
333
814
674
733
853
833
978
234
566
452
684
81
666
286
917
40
242
88
629
388
456
136
472
894
822
864
261
507
830
764
324
160
243
76
356
842
556
46
216
661
497
589
827
454
923
656
663
269
399
782
367
696
519
468
597
469
883
973
813
373
773
378
875
664
155
820
384
61
714
138
965
233
998
442
142
27
739
500
263
128
940
134
551
863
537
32
396
841
614
198
634
326
779
620
71
873
702
197
648
635
793
672
926
621
20
114
438
237
870
669
728
680
691
77
749
366
375
988
311
99
225
981
173
643
934
158
916
57
246
794
466
430
771
562
37
410
719
278
485
209
331
587
192
235
499
709
131
41
602
880
819
139
911
43
297
604
415
831
989
515
860
918
977
573
788
657
748
319
186
315
117
106
667
210
986
169
245
66
461
316
671
314
808
929
437
898
945
647
738
178
205
381
623
400
390
906
942
710
964
943
745
541
449
583
803
161
368
29
382
908
951
711
895
323
678
732
96
383
979
693
244
334
62
79
914
881
494
927
272
909
395
459
503
90
162
811
262
69
462
120
364
129
75
495
718
446
791
6
470
877
543
419
7
433
10
63
627
306
110
933
834
530
697
941
42
266
380
902
613
975
18
421
786
122
760
321
550
64
948
956
670
740
8
219
957
392
506
202
154
100
508
453
49
574
159
944
829
633
558
59
411
401
789
230
553
561
374
938
275
78
947
422
690
441
767
440
513
329
806
769
386
343
256
295
53
795
238
995
480
82
785
630
704
625
825
335
849
310
759
352
592
477
608
387
724
511
105
146
548
14
546
251
892
36
498
405
984
365
200
336
435
72
715
650
937
107
554
919
86
516
565
184
19
432
753
118
60
686
239
65
143
581
641
132
104
44
218
624
293
568
716
168
655
31
790
203
865
294
73
638
751
731
465
781
879
721
768
265
564
48
534
910
193
660
98
645
308
17
776
11
467
912
536
840
47
685
792
420
818
431
612
372
839
858
595
363
632
1000
605
758
649
172
113
824
253
845
899
424
985
476
796
130
250
817
525
802
603
741
360
479
524
983
509
194
312
542
204
823
527
928
39
720
207
797
296
907
255
121
450
897
317
111
695
137
135
26
249
787
127
185
903
277
68
770
414
766
615
474
900
481
13
869
496
350
848
418
959
970
348
377
755
746
145
843
999
463
535
359
92
727
376
617
231
631
859
821
993
478
593
966
140
302
619
514
489
990
248
679
852
915
812
362
56
531
954
654
285
871
254
610
119
545
226
93
125
148
579
457
774
572
505
330
971
609
705
677
370
726
264
427
698
361
939
533
455
74
662
274
804
423
616
332
280
101
87
144
491
488
222
282
353
309
1
744
445
801
67
676
512
152
492
327
179
221
694
784
95
51
734
949
644
596
344
439
703
444
181
404
872
156
689
124
149
636
682
936
490
195
21
952
493
83
97
901
397
961
406
611
651
371
236
640
991
931
50
434
283
913
925
922
451
997
190
618
502
836
730
175
752
305
855
756
828
701
544
866
322
504
930
528
133
273
846
867
994
757
540
763
700
586
958
108
385
725
876
259
946
571
30
706
307
590
260
167
722
673
580
257
569
857
55
891
707
854
905
955
780
838
832
520
890
191
147
681
639
304
177
436
482
70
150
747
699
987
325
394
510
403
94
281
288
284
417
12
391
549
443
276
165
171
765
646
85
893
9
157
563
252
523
547
626
338
486
642
389
89
346
214
577
355
713
598
777
5
982
717
521
980
538
298
851
799
176
409
475
708
318
429
862
575
267
487
402
861
960
683
229
816
783
80
102
213
299
483
920
736
212
188
692
2
526
126
607
884
279
170
38
754
850
398
800
112
868
653
215
358
599
826
570
407
972
778
357
584
501
885
201
762
206
16
552
339
950
35
301
962
413
153
559
84
425
211
963
889
351
116
33
166
458
591
815
735
606
518
3
270
247
268
347
103
601
258
28
882
4
174
271
976
123
241
58
151
189
223
217
529
953
141
426
809
408
772
428
637
996
448
183
968
750
115
15
227
163
240
328
54
688
729
594
798
292
379
341
52
967
34
932
340
588
658
354
460
723
837
196
896
289
665
337
578
199
844
23
164
91
180
484
687
182
810
24
874
303
878
416
349
668
290
313
924
712
447
628
342
369
25
888
886
522
659
775
471
887
582
807
412
847
675
743
761
992
921
904
974
555
232
345
464
517
742
109
622
473
228
532
576
