80.8923
184
528
678
530
55
592
301
479
945
483
515
921
864
893
353
812
461
73
201
3
402
794
440
262
712
477
115
247
997
513
210
711
207
278
940
931
450
956
451
265
544
545
987
38
630
959
938
473
596
390
384
363
11
348
773
80
399
413
293
431
39
172
41
374
578
82
323
122
232
337
565
889
318
40
822
364
221
281
768
505
808
365
393
824
54
685
143
124
269
263
392
234
770
130
188
417
310
996
198
398
823
597
463
292
814
102
1000
89
289
407
248
540
560
910
105
400
783
806
568
886
850
167
532
61
698
260
643
687
7
535
114
506
908
436
448
435
239
142
29
962
843
837
668
113
695
608
559
212
439
607
389
518
710
800
595
858
582
81
564
111
570
133
539
612
329
173
675
491
77
990
583
165
204
787
99
674
72
855
615
743
755
442
325
865
909
230
527
110
467
574
125
455
104
419
795
776
669
779
946
144
943
119
644
529
224
747
291
60
895
202
459
261
758
127
231
284
499
846
611
96
754
308
699
925
373
547
476
827
799
874
368
853
966
415
78
379
890
238
713
158
784
355
126
676
49
849
306
377
963
94
736
751
749
965
422
241
106
727
14
968
438
731
879
973
750
536
375
474
516
892
805
273
510
995
989
866
680
358
71
446
360
98
926
543
552
839
322
888
662
386
828
62
401
733
810
85
655
692
282
84
891
270
715
406
878
601
912
169
65
466
501
191
640
922
722
367
623
92
174
785
614
245
618
902
848
226
464
351
511
244
86
16
591
206
992
157
587
484
937
694
717
176
330
140
331
69
622
590
859
12
798
321
862
797
972
555
960
24
225
4
994
391
842
432
456
764
116
652
605
25
981
382
546
33
341
276
117
319
869
648
897
481
588
649
641
901
189
339
686
917
320
774
309
147
285
160
816
107
155
420
264
297
287
416
414
217
659
128
187
883
162
298
818
725
250
294
602
896
721
18
628
584
519
488
665
302
522
621
411
471
700
716
369
697
240
427
489
154
228
141
939
551
982
290
861
495
952
356
470
425
328
480
168
730
988
955
635
974
998
934
129
647
48
775
395
920
30
977
93
2
820
914
159
658
205
872
403
346
789
50
999
68
761
123
135
9
906
586
691
410
772
75
182
21
253
349
272
303
562
681
447
35
317
10
151
899
661
504
424
120
371
928
246
900
877
732
45
138
17
718
74
948
542
405
838
243
813
316
524
340
345
454
726
881
983
538
672
472
258
852
927
101
763
324
788
487
179
585
307
762
740
90
465
832
985
802
343
44
150
366
255
64
57
388
986
186
679
512
723
913
66
8
482
259
333
563
334
136
525
508
975
533
609
566
598
145
275
279
903
599
606
15
929
517
492
494
170
821
387
619
636
656
771
572
882
580
229
660
91
209
870
556
469
1
738
829
617
335
429
651
557
359
860
22
295
185
475
327
835
696
299
603
457
984
735
958
19
741
682
950
817
274
433
20
625
724
969
381
27
657
894
222
980
961
841
385
793
819
166
951
372
485
100
756
766
589
163
397
252
286
271
59
76
704
493
936
942
180
153
46
944
684
277
604
549
357
976
203
430
594
502
268
112
220
978
362
190
434
236
631
550
620
315
971
753
283
634
548
242
875
437
719
705
923
254
553
235
52
215
500
498
194
5
780
851
809
6
957
792
266
782
394
706
257
47
134
218
478
449
967
148
118
670
378
626
709
898
947
847
219
885
581
361
523
734
199
953
304
554
490
745
767
666
979
786
23
701
645
443
593
305
97
32
935
742
156
208
834
650
857
924
87
567
671
991
175
183
930
845
769
831
653
249
347
526
280
790
673
577
752
507
161
171
412
426
28
300
887
497
729
803
196
534
537
514
233
748
642
195
192
521
458
326
181
688
445
256
26
600
13
616
949
132
237
907
496
791
211
88
421
919
765
571
137
152
42
223
83
428
646
904
873
350
637
905
575
352
370
707
941
31
418
667
178
509
383
844
468
654
139
613
376
833
444
627
739
314
863
34
932
911
70
840
53
964
778
915
121
354
744
267
638
37
214
109
336
558
423
332
227
408
313
63
131
251
58
103
825
576
51
677
871
338
288
95
868
452
690
610
708
639
149
632
503
777
579
737
916
531
573
876
561
815
453
311
164
801
807
200
759
396
720
380
826
854
43
683
856
693
441
146
569
836
933
760
312
880
993
867
216
664
197
970
757
36
520
629
954
663
728
830
703
108
781
804
462
344
486
746
624
541
409
79
796
702
918
342
633
884
404
213
811
714
296
56
460
177
67
689
193
