81.1588
914
691
340
29
569
583
208
152
21
182
267
762
623
873
920
869
413
927
949
365
596
823
670
520
999
248
344
537
357
233
608
962
626
399
667
6
230
685
865
120
28
778
820
332
164
615
463
211
795
777
612
246
874
76
183
653
121
664
306
277
552
370
473
162
994
368
507
909
310
680
498
990
930
974
602
532
160
513
558
818
529
281
382
408
290
580
83
331
280
169
458
38
878
794
168
968
714
870
781
780
381
438
766
544
375
112
839
404
385
753
704
172
315
622
23
19
825
591
631
11
63
444
264
414
521
841
464
695
426
720
986
881
66
409
506
752
305
542
783
300
597
856
609
561
797
961
518
363
60
793
488
969
565
383
205
337
495
412
641
959
440
647
806
510
726
196
686
70
731
677
395
254
621
817
113
195
85
908
81
329
319
318
392
68
441
729
636
757
576
490
156
99
258
472
138
784
819
958
635
813
206
861
666
171
378
295
282
96
669
360
575
822
902
285
424
10
289
476
396
307
738
313
421
325
296
336
866
157
224
578
108
690
761
342
170
525
929
155
703
119
876
630
459
436
136
178
374
682
377
220
130
984
417
942
673
226
888
237
750
758
125
330
749
485
723
754
655
12
234
189
56
434
538
688
800
251
964
953
548
802
140
174
868
799
407
810
89
894
619
798
935
563
161
30
50
452
678
91
247
232
359
4
158
614
890
467
102
320
904
744
951
787
346
369
829
774
877
735
790
265
449
324
940
456
546
644
470
551
785
428
748
48
809
501
214
993
1
432
8
896
420
86
57
624
39
453
618
268
854
216
263
47
2
186
394
792
348
225
131
316
965
875
955
78
455
199
479
740
654
69
804
943
275
231
562
573
79
411
978
427
589
114
309
185
15
435
604
556
32
380
772
607
931
65
997
976
963
153
508
149
928
262
379
238
59
975
323
706
746
61
531
661
545
863
812
192
179
803
906
328
431
979
933
372
215
132
555
478
303
345
769
995
611
500
981
236
967
446
697
579
588
496
249
857
190
284
252
111
692
702
104
883
41
771
437
651
403
989
707
279
616
373
5
390
954
128
727
269
709
528
652
471
716
283
849
919
322
84
657
816
512
401
317
288
718
855
743
334
912
204
617
722
43
893
522
672
598
710
410
934
944
639
885
54
860
42
27
554
117
971
17
910
482
633
836
560
341
364
243
845
547
184
901
534
886
115
335
163
675
292
936
191
35
827
504
957
891
540
314
34
923
767
469
830
966
530
218
16
519
730
274
509
308
312
832
257
483
683
599
58
882
693
361
628
276
831
741
13
632
648
142
503
297
511
497
110
571
734
851
124
376
343
167
835
848
145
480
663
75
872
543
402
950
696
674
270
948
397
173
840
198
175
907
805
82
689
751
55
333
92
581
103
574
228
996
789
321
387
801
725
87
786
998
946
499
764
939
454
391
926
765
838
326
180
227
273
406
242
808
711
294
516
956
592
871
852
610
603
44
646
448
31
737
694
687
133
821
465
386
299
593
524
298
139
25
756
271
347
266
918
932
850
539
143
244
742
462
301
250
775
807
824
97
64
150
405
362
221
122
492
719
773
95
903
287
393
557
905
109
791
625
549
899
897
779
107
241
826
203
828
123
763
736
717
293
862
917
466
970
144
116
101
941
212
351
724
988
700
656
650
33
947
419
833
884
177
972
541
606
732
924
712
447
553
261
154
698
217
568
535
982
925
146
952
590
62
559
921
638
788
339
475
201
371
425
24
879
197
398
577
141
662
134
367
566
613
354
645
846
366
977
67
640
911
768
842
847
887
430
987
20
713
22
88
240
350
671
209
586
728
659
570
715
491
302
796
487
985
477
642
135
460
515
442
291
776
7
668
148
213
94
584
176
582
853
93
49
474
194
137
898
494
14
72
572
415
992
278
585
77
681
255
605
127
484
193
745
837
900
759
699
536
922
705
481
461
422
126
514
843
658
721
445
18
105
880
505
74
166
355
815
649
760
219
526
71
665
601
864
834
239
235
676
489
733
895
643
486
384
80
523
844
567
739
594
151
983
207
118
51
1000
443
867
600
188
53
660
40
52
980
304
889
973
527
45
517
260
439
533
106
311
814
400
389
684
701
595
327
272
98
679
450
811
457
587
210
253
352
388
550
708
353
859
147
916
26
338
468
782
755
165
90
502
416
429
892
73
915
200
747
637
493
36
129
620
3
938
858
245
451
634
356
627
46
222
37
564
960
423
202
181
256
286
187
945
937
358
418
629
259
229
991
770
9
349
223
159
100
913
433
