84.1684
187
207
769
150
99
648
959
523
847
147
581
881
874
812
221
5
899
944
92
463
414
955
737
17
450
772
838
307
11
626
227
453
983
486
932
801
228
219
789
970
194
406
101
561
820
125
367
157
794
387
778
134
237
248
232
46
422
370
257
15
451
256
977
754
302
926
138
677
900
104
730
47
288
329
421
274
574
829
502
762
214
276
94
344
706
716
342
688
481
181
958
380
627
213
404
756
285
457
532
110
912
714
660
650
796
341
507
888
696
407
105
885
632
667
415
272
141
144
320
472
124
603
156
505
243
410
517
825
805
630
167
658
129
318
942
860
316
802
995
508
363
312
153
692
263
452
725
760
510
469
85
489
382
32
456
664
723
887
910
255
399
884
864
880
497
476
427
89
151
162
646
193
731
449
249
283
918
981
97
14
336
465
702
234
897
915
303
621
767
353
548
29
562
669
196
929
990
419
331
106
51
366
946
296
28
182
639
819
383
803
62
64
23
202
487
493
560
327
42
506
711
757
590
118
858
833
708
693
841
245
546
78
781
403
143
305
780
608
322
330
177
836
599
279
612
2
286
468
137
671
509
776
763
374
278
35
251
715
434
220
280
154
808
355
25
287
121
755
500
580
707
837
886
680
361
254
701
879
231
685
814
250
555
429
8
882
313
459
398
116
261
594
63
923
499
74
974
21
19
895
948
643
892
817
390
26
872
818
119
843
43
233
622
821
464
13
247
673
416
732
59
988
827
799
936
952
460
637
876
863
365
644
709
878
145
259
545
861
319
994
458
595
641
938
679
540
426
761
969
541
491
225
381
1000
920
311
766
909
862
471
524
197
542
77
536
161
745
425
552
633
223
332
496
726
385
572
176
40
216
718
351
950
719
582
512
437
850
438
991
607
616
371
140
575
291
239
428
945
873
906
200
33
433
103
30
90
960
208
844
826
957
976
71
9
282
533
172
169
439
4
815
75
968
436
83
295
954
86
375
321
44
717
388
710
60
678
875
736
587
238
334
752
304
135
759
229
848
310
984
431
444
735
446
605
728
258
568
224
563
809
117
393
774
171
914
584
435
490
786
592
684
521
597
56
22
798
813
904
655
604
180
549
411
539
902
651
462
192
620
423
70
246
203
195
328
379
168
771
791
424
859
670
591
337
903
917
126
394
871
36
898
461
931
978
624
244
606
993
480
775
218
12
483
441
662
961
133
739
401
618
300
846
927
629
265
45
253
165
601
683
189
315
930
690
866
962
241
190
339
93
773
782
853
84
919
811
764
623
514
175
317
953
306
206
420
72
998
654
266
372
198
210
797
201
377
790
890
326
109
980
333
455
350
602
614
209
477
515
347
396
855
657
292
963
674
88
578
783
893
870
865
159
111
518
593
698
634
729
91
409
54
672
260
750
179
941
758
889
768
132
975
615
600
309
268
185
186
39
369
335
67
770
107
142
619
635
408
24
845
631
554
95
445
868
262
447
146
924
345
492
376
951
340
440
470
352
122
127
965
921
520
979
883
48
528
577
700
199
611
348
831
1
513
691
598
916
252
840
128
585
557
530
663
544
807
795
275
785
566
475
727
894
314
364
236
804
934
115
556
49
747
391
211
659
851
479
230
824
34
551
226
653
277
392
695
933
891
661
676
432
362
191
120
525
212
649
877
749
788
205
971
494
100
913
571
835
485
163
681
687
204
80
389
675
553
996
529
964
987
164
114
999
583
188
149
564
722
368
765
636
448
402
325
689
270
908
830
647
478
666
668
139
443
617
816
290
753
349
925
610
806
901
418
740
474
454
989
628
832
269
567
466
373
87
721
298
281
516
289
108
271
742
705
810
743
569
645
949
703
697
57
65
857
896
158
527
166
738
482
928
823
937
704
686
55
849
665
18
734
922
3
985
405
183
547
986
395
397
543
537
640
384
297
526
777
343
66
519
751
503
360
713
784
565
52
102
299
940
943
293
956
41
992
501
504
346
73
911
856
37
842
854
495
484
576
7
869
522
53
358
235
579
972
966
173
779
155
378
131
638
867
284
359
6
467
682
733
113
822
588
586
357
323
178
430
488
558
273
596
550
10
828
787
724
625
573
473
834
174
511
800
324
699
982
96
746
939
656
308
240
38
997
609
160
400
152
386
412
852
267
76
935
68
589
130
712
136
417
973
741
744
215
264
58
967
613
217
748
534
652
356
69
31
559
694
354
793
413
498
947
442
720
61
294
301
27
642
82
123
112
905
222
98
535
538
531
184
792
81
170
242
50
148
338
20
570
839
16
79
907
