84.1086
698
749
548
700
963
634
845
133
945
787
657
276
826
196
731
504
342
966
240
315
613
646
637
24
18
688
163
364
254
473
547
884
93
664
177
257
611
569
79
76
962
303
610
959
126
733
106
737
633
227
409
98
115
153
847
935
627
603
302
207
493
142
726
37
894
719
468
525
75
818
727
676
503
869
892
327
91
770
69
121
216
517
645
974
639
328
326
264
651
584
376
414
234
754
599
581
95
766
211
714
786
263
529
761
138
430
982
544
360
150
739
508
985
736
811
273
929
66
52
496
912
282
681
594
556
524
704
287
965
895
767
798
58
917
957
361
113
438
237
290
25
4
881
843
232
487
991
372
458
384
471
188
776
261
968
371
5
348
136
483
660
575
792
398
702
942
83
436
558
218
219
260
969
958
96
391
432
774
595
697
379
164
947
707
200
54
692
415
175
501
927
576
643
788
978
77
800
332
474
141
806
284
831
578
223
873
85
509
799
521
545
988
108
635
172
628
166
696
159
883
550
795
331
682
297
992
298
553
330
62
268
294
162
872
482
146
107
495
486
193
67
659
773
92
250
809
454
641
720
286
821
918
203
17
455
640
908
117
753
401
469
616
841
631
816
102
746
860
750
426
916
863
174
97
450
49
566
924
155
568
80
604
794
184
228
906
183
310
629
221
718
694
309
949
897
879
913
9
157
904
498
235
291
135
522
84
777
316
308
29
226
233
467
705
663
846
397
278
352
407
336
478
350
911
565
270
931
952
419
306
320
365
559
351
822
87
732
178
573
803
269
729
134
810
393
602
638
490
617
491
480
239
176
849
564
914
980
528
148
319
662
158
910
723
81
124
346
143
876
590
381
973
855
789
533
742
453
201
655
587
195
830
329
73
445
38
40
457
39
756
192
644
943
541
14
829
699
832
790
695
967
871
160
42
851
412
214
585
670
763
552
932
220
593
209
620
683
507
970
797
685
101
546
748
505
778
592
413
353
690
706
677
373
396
854
55
72
23
764
296
563
836
427
993
948
434
224
506
724
782
902
621
580
51
301
915
275
277
954
378
858
462
481
861
359
926
900
709
444
366
570
624
632
244
601
901
460
820
105
307
34
606
715
961
532
394
265
465
527
679
340
665
824
518
921
838
956
994
463
574
516
464
500
449
684
582
104
8
653
946
758
57
321
977
577
492
866
305
111
222
779
451
944
119
680
586
812
456
839
441
890
118
446
649
497
266
562
734
755
864
856
986
283
979
447
420
623
898
597
834
499
395
386
405
572
78
804
403
344
515
181
267
560
68
668
120
245
335
387
886
905
928
741
324
112
299
549
390
190
608
823
424
389
990
385
666
32
712
783
672
626
100
357
844
511
588
16
165
311
642
485
404
179
896
689
65
765
7
204
251
338
382
246
247
984
358
600
543
249
519
15
448
999
292
554
939
775
443
125
713
903
933
889
989
334
725
208
127
242
868
793
186
173
542
686
728
833
19
995
88
882
59
784
669
751
920
636
840
199
673
140
423
708
466
248
848
47
347
280
721
743
815
167
710
652
35
435
161
123
229
701
526
475
605
63
48
11
363
272
197
439
293
33
878
888
187
852
10
808
288
887
43
514
304
137
461
615
337
26
325
45
94
470
70
539
536
484
442
31
90
735
828
392
418
368
318
557
983
762
46
540
760
202
27
383
13
1000
64
865
323
738
476
243
225
215
131
2
349
12
520
687
907
934
110
417
479
168
213
489
313
114
437
877
198
262
899
535
380
356
258
813
893
410
510
880
867
185
452
472
819
406
354
650
987
1
343
217
433
170
930
400
53
50
647
675
850
60
781
428
757
416
355
422
857
747
827
711
730
744
853
377
20
717
421
212
975
674
513
109
130
885
925
149
477
598
194
41
671
236
151
44
661
618
28
333
771
722
279
805
972
156
551
132
375
802
703
667
612
241
971
300
607
171
345
440
530
205
206
322
801
180
399
955
3
919
909
129
619
625
769
938
596
622
367
281
285
411
252
891
630
425
255
152
103
589
768
122
147
339
561
86
923
82
431
814
362
862
658
314
571
940
796
537
976
128
609
567
678
654
759
981
874
6
825
791
374
745
189
30
154
21
538
997
494
614
36
922
950
259
56
317
998
837
89
429
271
312
785
341
648
842
253
502
22
256
295
230
408
870
231
238
953
591
191
369
402
99
656
937
145
210
964
116
512
182
716
370
936
459
531
74
555
875
169
780
139
807
583
534
523
951
691
579
289
488
835
144
859
71
274
996
772
61
941
740
693
752
388
817
960
