83.7529
199
440
221
494
208
378
500
178
661
88
879
672
61
783
355
646
368
74
501
348
967
259
625
189
370
964
859
484
34
721
276
984
808
977
822
134
233
428
908
803
290
524
590
154
304
657
102
363
397
128
905
834
667
385
701
916
980
517
876
792
912
761
748
741
46
176
619
579
433
451
188
824
767
219
843
594
653
722
401
508
673
928
270
596
365
993
324
195
444
470
617
958
496
565
225
57
93
162
277
880
406
988
915
177
180
573
159
398
956
509
939
377
750
432
765
33
26
567
866
321
65
15
826
896
728
961
4
479
232
160
754
113
193
49
678
292
724
564
865
392
223
790
762
674
996
13
310
760
782
839
480
913
14
25
613
732
919
412
582
416
142
396
968
31
942
9
230
894
272
426
312
48
473
747
682
486
21
456
505
464
168
943
862
558
446
651
773
901
998
12
41
305
520
226
205
511
30
752
521
557
53
897
785
607
874
793
626
132
458
789
112
872
715
797
555
482
17
402
166
64
811
202
864
153
69
262
438
56
566
654
570
592
42
605
419
495
991
222
420
583
717
633
769
468
856
804
847
857
609
982
703
702
242
386
450
445
817
979
638
585
373
243
114
955
953
257
322
475
836
89
268
881
965
608
801
975
279
552
507
317
360
71
135
366
584
411
844
235
54
612
560
527
679
525
337
47
256
369
83
20
927
124
831
737
76
604
418
211
992
746
288
488
586
490
957
443
549
467
216
711
253
55
729
970
452
588
659
213
725
90
435
937
766
664
850
986
338
805
893
940
708
628
534
821
648
806
212
150
907
265
642
775
497
738
802
700
959
60
218
241
453
395
694
869
503
341
886
51
255
454
632
77
1000
734
786
593
599
28
934
228
462
333
70
635
645
569
32
536
547
16
63
179
812
615
925
709
889
430
815
981
319
544
683
336
696
137
476
284
252
40
361
818
201
19
309
203
787
442
183
293
867
68
384
559
518
923
448
289
263
190
779
410
906
891
853
352
911
835
376
966
388
624
930
394
535
465
954
885
753
192
978
140
832
974
391
181
133
5
98
427
666
504
278
320
316
343
191
745
94
449
381
723
875
562
346
528
929
898
900
45
182
948
86
236
918
529
84
271
545
146
129
629
920
951
117
299
207
281
441
917
267
770
119
487
506
326
568
254
743
170
809
764
358
72
99
829
115
868
447
990
936
481
331
952
610
209
477
751
3
553
861
798
730
838
345
408
931
167
841
141
846
926
50
744
823
816
161
736
275
474
712
716
200
710
108
502
543
75
538
325
227
390
79
311
417
10
121
106
224
85
904
184
437
332
122
665
11
399
995
472
882
138
492
387
684
460
380
516
330
382
478
687
941
680
407
598
372
855
627
300
143
240
603
374
660
120
985
733
842
994
116
577
655
339
147
962
510
692
291
814
52
902
591
359
950
983
877
107
685
776
136
947
810
848
656
550
630
92
669
36
59
266
691
739
652
175
698
302
238
314
247
644
498
95
429
287
155
301
595
282
686
489
260
383
997
97
145
6
174
863
307
280
237
759
185
347
602
466
425
431
878
909
165
884
623
677
151
351
519
641
323
513
849
173
35
471
600
871
413
671
43
295
718
156
187
530
457
580
780
707
949
415
631
131
169
546
110
945
883
833
144
731
658
757
318
125
670
621
229
111
999
578
303
972
933
719
819
533
18
409
614
82
152
130
436
774
713
80
424
2
622
194
404
38
244
681
662
791
601
297
720
422
854
668
485
581
788
248
851
206
234
705
944
531
706
989
22
637
298
561
922
118
756
157
251
758
349
688
742
540
356
264
888
794
66
643
727
971
781
589
903
522
697
676
647
606
663
726
258
459
551
914
924
825
740
714
514
899
963
109
210
946
837
639
587
493
246
327
735
541
556
350
313
548
163
969
379
158
269
171
640
463
611
104
895
434
217
389
342
749
892
526
315
78
250
274
763
827
196
239
873
1
537
539
105
778
572
39
860
755
597
976
340
7
37
807
197
344
699
830
845
44
576
649
62
960
73
887
935
24
938
123
186
204
768
932
620
650
414
554
800
364
283
828
148
469
8
101
214
870
296
695
858
367
172
91
87
499
103
273
636
249
231
403
563
375
261
542
335
334
393
29
329
618
423
149
571
439
690
139
910
890
294
532
371
328
575
523
100
483
634
771
820
921
285
491
813
799
693
777
127
689
354
215
461
574
67
852
286
353
796
512
357
81
198
405
126
784
164
96
27
704
675
515
987
840
23
616
58
973
421
362
308
400
220
795
245
455
306
772
