49011002900506
48990359481274
48942814876782
48945238418862
48946265036714
48941881969058
49011867603578
49011738150958
49020719841790
48999834330550
48990572289638
48995429545574
48992902689674
48992962238758
48993139000118
48984216268988
49000216660698
48998254649542
48988705750854
49010782553574
48987344124254
48982996136018
48978378723658
49012188671784
49032737160810
49039824791546
49043209329326
49004762119464
49000434232280
49035389121462
49054639629078
49062142030292
49067842974392
49062995534240
49072719314208
49083836276282
49085474139418
49083472799532
49107189520908
49105905144532
49125296710540
49136216481124
49156479655184
49155411735848
49143987623720
49116181234950
49109854272570
49115881526150
49079626107328
49073846614998
49076254099598
49074016673166
49127413134572
49144998322912
49181836464910
49181560977666
49181292708582
49198944865314
49215041623180
49216682780336
49219161787510
49217608485826
49229637654076
49191645353970
49167743450310
49179707577162
49177102712106
49181012057568
49194997290920
49186829938512
49196268277990
49213346182678
49187840472290
49185167711738
49188303824024
49193156339494
49131908608338
49128599757438
49130661805202
49131130416846
49162454764968
49203543892492
49206553592892
49203583215872
49257574697678
49261465004238
49207051617338
49203206771938
49186242702574
49120305303232
49116323687782
49126516682790
49118522407900
49118518229020
49063705216370
49069236683912
49071709007016
49089030175392
49114666200492
49126596169806
49120887955446
49121208565302
49151824755042
49151532070758
49153786169052
49160068374586
49160196434848
49161385149268
49162664761750
49219335899150
49189380761654
49210880511046
49200330996824
49229855399060
49233527932452
49232521701016
49216081177816
49169373226032
49173529329516
49188842160938
49184377778708
49184476169276
49185692548552
49125434298040
49114722538648
49119101133368
49158422594744
49117996080684
49133924041516
49133495004492
49119090713058
49116908758694
49117416627626
49100683784616
49129025921160
49131434938960
49146541598314
49121072565334
49114058793978
49144995402978
49144642793466
49145865135314
49145740541250
49145516047450
49141398499246
49130653877446
49124009721318
49086822891494
49076392447244
49067335277836
49069079242170
49091211056966
49087954577190
49096252433190
49090541532358
49112791076334
49112105320378
49116267857722
49126100993978
49096716745586
49047794522674
49063535851294
49048750489054
49112890904714
49078497472596
49077161508372
49069390810174
49035764166206
49062981181416
49088433355296
49138869582736
49136651909656
49101284389138
49088903852422
49090866368722
49086218530240
49100066017528
49106473384294
49094043409334
49100234231258
49056907245074
49061790045036
49064621969782
49039956116038
49035668431238
49059124512788
49045276716112
49047905301076
49050296044326
49011494685714
49014857045604
49023611853254
49033901296808
49023903155618
49047316928262
49108108335462
49106638216764
49117954367502
49119453741140
49180551722424
49175398436388
49119501992668
49118721651724
49116564460724
49152260915510
49158348830294
49132113834920
49129656142800
49164929833920
49173578689024
49169160410104
49165508987092
49136385033424
49136488541240
49091181365444
49089281053844
49102706056094
49089286678034
49061909438516
49050584765638
49063235680270
49062999324862
49071469820896
49022037069208
49019351697544
48997166781532
48975772679920
48975142616752
48910952205312
48862899063660
48884558637418
48884171218768
48877694922628
48876898836428
48876768803096
48859506344216
48827041235936
48775343368656
48772307982922
48745614799770
48748997082762
48743243914194
48743206336938
48769046816850
48766159421262
48768320317632
48769824931512
48785400625912
48765347257714
48823748597678
48825957570834
48841995562138
48842461323954
48861918866482
48861124654042
48924018327558
48911371645398
48926466966652
49002306198310
49001233162650
48991953983222
49046139482294
49045922254324
49045525747618
49068642013312
49020636567816
49016194399512
48972139656540
48957962985564
49027452649720
49094945644744
49098080146072
49088102014440
49117514270616
49107861495624
49091267600068
49078115954428
49080040189084
49075644059584
49071381745330
49066081524022
49050781519966
49084973606910
49093184357150
49063278463454
49057177494404
49058976015940
48984279226328
48973733661116
48977236216736
49036430556564
49018023568760
49023808485240
49061131567716
49079705111616
49087873263144
49042729219584
49045100690984
49044113515668
49036361040828
49016495954574
49045324194784
49018400134012
49053628315852
49057025747452
49053368009126
49057271108826
49075597268586
49073480102074
49034393474354
49035745369500
49055707717968
49058062553296
49049392350016
49045349425078
49035724211890
49064422202794
49071929807418
49064261994822
49029908999322
49030166349608
49032438207548
49048563264856
49019994772882
49024525671226
49022356052116
48971586377046
48974527909432
48957602725280
48938858365824
48946611204236
48936424671604
48937776233424
48934535345094
48912014234452
48923912121274
48925714391542
48958813965552
48958985126976
48950708257776
48974662848774
49031012407174
48999483504580
49004226837508
48977763308164
49028613926836
49025288478996
48988796945330
48955956262938
48983884686270
48961168517470
48946493277982
48955119431212
48947171607332
48988382830070
48967067841136
48967278427248
48961717345304
48964186403468
48928239890668
48932764704672
48928554435372
48943494000748
48927386643112
48921249811376
48921521317806
48921919070402
48919996252802
48914978428826
48927715677314
48946791299606
48961601454474
48986850572170
49001701004426
49055771439602
49078991897602
49075822763702
49075816385734
49126011338334
49139275949630
49168639490066
49169043456616
49160116566526
49158278973698
49182659276850
49193230717782
49185998117166
49205312373294
49204922419018
49217079271462
49211516955846
49215741032422
49206776555802
49196163491418
49190945534154
49182907393258
49174930534608
49181555659518
49166132066154
49167365476398
49150127506154
49109909030378
49116355539278
49087576961760
49114639600860
49114680074412
49090469200812
49066765253984
49077935793704
49067044380032
49053451251612
49058613822228
49056208732068
49052939918016
49056570387876
49066297914856
49048939042858
49014488287916
49017502557356
49006691630456
48991907920130
48987134181698
48947674958492
48941877784948
48950866137460
48960110208224
48966902496940
48955634592676
48933408663924
48933408663924
48963247143108
48972468798874
48957360147292
48967937357152
48981215587334
48995264388098
48994841602460
48992978303228
48979785145070
48990650878312
48902369035160
48896980750738
48913620534470
48930288127030
48893167310520
48865065729640
48886757223048
48879198963872
48832578747686
48835489701208
48835681867236
48806069366202
48814979472910
48814677595934
48831387962104
48828082587712
48857686856228
48860075709912
48865106693142
48863593776934
48850394450534
48871095088854
48870611865914
48860338988318
48855742494350
48863851066150
48865200285598
48872880862450
48883643997514
48864247324408
48862597718656
48852219083904
48908556328142
48912294062926
48895624800382
48890932812894
48889216397688
48908589910650
48941874042272
48924141488972
48952574243648
48936899427232
48893097238936
48919136791948
48912082033916
48917351014490
48990087876462
48988189110138
49037446402998
49016809093094
49010031935558
48999914067900
49010908515768
49028999605960
49029968132574
49020281144674
49016228493610
49011847034578
48999082000278
48992110646198
48984381576558
48988566601950
49013044033142
49040558177832
49046218906032
49042066429616
49043684516966
49033795309214
49065707531654
49073127505514
49087854853366
49074543619526
49073166212070
49073891742876
49085285812780
49158799610644
49139600611884
49124866145036
49121403424160
49140196504908
49140624096738
49127024736996
49079377529060
49078078864856
49077261006656
49076357480756
49069662198764
49095274096608
49088373639528
49163305133194
49111885925368
49128780276066
49165317978072
49164866719968
49156806331368
49163365778752
49154478695712
49153299504552
49159673767656
49180219957406
49229007656324
49198592435264
49194989185782
49229693944962
49264428474498
49251263775972
49243431722904
49247924340910
49241354982724
49213802976424
49204828758592
49204763206800
49207326405416
49170309085586
49194524952042
49232773910746
49244917865246
49245029007826
49245784474098
49255879537230
49255257312846
49270612761656
49268785707410
49281449544468
49344556100140
49342535049772
49306305022504
49305391280454
49317236272268
49310612743668
49298210327262
49294229832422
49329787945222
49330578681610
49278798741454
49271192980174
49280026611334
49286605950926
49268497594478
49316435656532
49294754936204
49318395089832
49315009115592
49318471853728
49363274105356
49380186131556
49375483726842
49367847701142
49333595442114
49347625418108
49340652651428
49401662141094
49405408433494
49424548529638
49443328551632
49442921519094
49466455285338
49464006118458
49484386342052
49464045519902
49516302885716
49511536764434
49499421292370
49508506909124
49465404161826
49509982431418
49537914455778
49559484772890
49563780905304
49544092922472
49545262157912
49544644973888
49512234418496
49513203838376
49504985292664
49524029283448
49530652955666
49557205590544
49554344948896
49555125044080
49555693260946
49548284627220
49557372404412
49572004600420
49573034268734
49560130011236
49585673923908
49598133160200
49532662902474
49518681388470
49529542213422
49474936477566
49488807997816
49490005891348
49495209948368
49494341123530
49513795261948
49509040793228
49457816739566
49497044200402
49524713116426
49484954894788
49414177528760
49413073628728
49419755156728
49422980882664
49423326990822
49411656981894
49413420062454
49378782943672
49399605127288
49403694035620
49430169006604
49441856952626
49429799212858
49393720339074
49413617491110
49411004367918
49372755424700
49422059071436
49421818382988
49426992955422
49436026897416
49425168636036
49411030998642
49380749360400
49409410660142
49409323252414
49425324871762
49432492022266
49431760066534
49430759247274
49421750775464
49486222461720
49463470959410
49468554304274
49469449721388
49460778507498
49458473847322
49498782084872
49450123889162
49453649020310
49453681793828
49460790715124
49461803478414
49474812062232
49471670479212
49457310001252
49457387902372
49435781938428
49430031512292
49439748479340
49453937399580
49443460059360
49434774556304
49454192184512
49461531163800
49467691297500
49468519758516
49490960824860
49498281153582
49485858598582
49481422724602
49487866084732
49530637288516
49527072611972
49551330461798
49555880151152
49597869100242
49605294485442
49603399206834
49615651719322
49622353468906
49670393506666
49688804781130
49668781870378
49674651238818
49681275074626
49658079853122
49661651233718
49614426326972
49607823863404
49596340899352
49601043954010
49606891051958
49606848304748
49644316006128
49673396439860
49652100426692
49667646262450
49679831727382
49688095164464
49708688669802
49741701923314
49754075871736
49750302366064
49742277214592
49742840235776
49719352218596
49726517913704
49742670955552
49690145995596
49697035692884
49701264531176
49657950090048
49660972746108
49670294878694
49670447369102
49683634038246
49703322891606
49705639682256
49700530482876
49618670794272
49608469669688
49625772464528
49641155348080
49639361383016
49643703463084
49642180706370
49639780733158
49679225827330
49671355072112
49653077841644
49655493037652
49673777197172
49680655759692
49765308319992
49780496326152
49780256184164
49812013243860
49773270841422
49793624813542
49791993197062
49794319281564
49788293232876
49812438263964
49779943009172
49793933275316
49764534327674
49757596099334
49730461770114
49730216502878
49704131936498
49705034893268
49699308842112
49700456135220
49715839618042
49708595343804
49705519246844
49664759136928
49646529588526
49631742226738
49627200967336
49605448125712
49609303608112
49608190736112
49613160516518
49632524202032
49629097347160
49624695866504
49602191094992
49648086574076
49598266004466
49544224756550
49563825684110
49567817726146
49554822264708
49515262384210
49528934052560
49523967916736
49523764921026
49483783404374
49483760859544
49451629959910
49420238322230
49408488567988
49410311437244
49424445379258
49446645495658
49437193920802
49419037402774
49425590443562
49424593865822
49441450655470
49450572823390
49459268131180
49429206817428
49416828068892
49371103784892
49379570333522
49362875838188
49350655145172
49413557535332
49366813216560
49331027759856
49330055563456
49365569701128
49373912332128
49352377255536
49359726100616
49386949134468
49364444356500
49335314072460
49331745988244
49348671799514
49345922515480
49329171891242
49344183399362
49357848113702
49355344599416
49341545605256
49335936442628
49341344004578
49341357519794
49312123230622
49323290297374
49314778225806
49301956688916
49279897319916
49292233388820
49288164263604
49320053360862
49320681311144
49299305325154
49307946970722
49311215400904
49305948077442
49305979297058
49274399346930
49270786270110
49264293568338
49205193030164
49221019321624
49154954575150
49130795625310
49119901778406
49156430005438
49180114182482
49176843885438
49180646444586
49181459573456
49119625984578
49099053292532
49077490733396
49104960613064
49142081297370
49106601753402
49072049413946
49061043354986
49025499318218
49043090468126
49046479900274
49034178076634
49025796495444
49027058167482
49060686535242
49087441746322
49080261538960
49070603984560
49106787408524
49103177922356
49145843097112
49144776331800
49148306361780
49146804382444
49151280952070
49141328738622
49135754470000
49144819029754
49141387324354
49117940422578
49105468416470
49095741473510
49058872762966
49054368625626
49054375822402
49038923298982
49044199482766
49043870203726
49036827332898
49097262381486
49041572939118
49056974947066
49057472877746
49071506268166
49077075904910
49074394225190
49070400113270
49077296266070
49002147558284
49004474990054
49033349154478
49068989404046
49068654521102
49067966778126
49064630320086
49019668912938
49007012952738
48997778816060
48991725984416
48992754504280
49000299518612
48998561467136
48971965166000
48970787060920
48961601098014
48953508882742
49007818040334
48989178464154
48995064665514
48987358028862
48987986509550
48985758793070
49018348652014
49019308184170
48958591698938
48945694041570
48940676670218
48969028749358
48993057448352
48993924733472
48991276375976
48972097898184
48977152506544
48978378532032
48977230733952
48982392913194
49021822333412
49020401531734
48954865231546
48912190186782
48919062609706
48906664838950
48930450855504
48939635624034
48932287329410
48942913952954
48947990537828
48954078958736
48966455168726
48955162646172
48985963750506
48989991246146
48992166122374
48996552364062
49044698288226
49063957702654
49059982725980
49050317113258
49037079108946
49048621981038
49056203821848
49073952750852
49087602629902
49088006849186
49079138511890
49103615935616
49109548266996
49065797904262
49066038348886
49057202229694
49001162828966
49020228059638
49021380126848
49021012193668
49005534784638
48997279849730
48969646165238
48975061840538
48982183094586
48959694913642
48956913464374
48980922512626
48981226600166
48979641835838
48981605065828
48957053915812
48948943158232
48924991016704
48877455022500
48868322172908
48869686579184
48868932369224
48827157771362
48834252556312
48841471556272
48824101115128
48791503968928
48773140484278
48766493330086
48767083024140
48752671789722
48703040538822
48681676833312
48698684492156
48685889014876
48680917246562
48681802324382
48679821304628
48699822493876
48702586631112
48692520691408
48712103490052
48704257985392
48708006319344
48715343323424
48714920466722
48709555412214
48718118424672
48674622851988
48678831236028
48662889767886
48676199486592
48678013740184
48678904031000
48695666543056
48684727561236
48680644138932
48739883877382
48779353266850
48788699377570
48843479560234
48895693148254
48887026964770
48938960293970
48944077041614
48940938067768
49006458380504
49008042844016
48995012819684
48992529179312
49000908077882
48965706094832
48976080222096
48959880739366
48972102054134
48965382784336
48958493144446
48951935516158
48934096871124
48924361734556
48879939758444
48920461143384
48940371962704
48924666342334
48948513715766
48973967252612
48936788263628
48946883292066
48976353947566
48974379911542
48997673092414
48971138637430
48991627148966
49033499184886
49071482006934
49060552328824
49057557869400
49059041978954
49028634101892
49043202804516
49045748950932
49044142712018
49049222946770
49021943466168
48979772392280
48961691486766
48949583034444
48924935756828
48927957077564
48929501523464
48959256166904
48970675472232
48921083378202
48925403656920
48900910897224
48895621008924
48877882305304
48838035202276
48837454514476
48861670738636
48857520805804
48833003532540
48833153041830
48805789851350
48786934220798
48781095635072
48783965507712
48771643398840
48750005527060
48764420908840
48733059002820
48742525202782
48726176254558
48700701773452
48698472950250
48700467682350
48680726073440
48663943150640
48654957994190
48606605306950
48596852821030
48596046024486
48605003658462
48606063590894
48606040520222
48584578423324
48608678869372
48603899471722
48610376103298
48609880777698
48616226476790
48600519964734
48588764045286
48583174921126
48599540741198
48548667082586
48502616815466
48497204617616
48526005360210
48541695320028
48539246199068
48476826501090
48468380473968
48472874027060
48459868142932
48456723636346
48449227417144
48452020026870
48422885276030
48469243714610
48448181848650
48447817946698
48440929858274
48442149920744
48473682540520
48442254751696
48439194850346
48450808813526
48455153052936
48444802643616
48465267558144
48463053354344
48474063907816
48462490641856
48453919657648
48484530832876
48481521205504
48481384541712
48480695239992
48492514167192
48494189769480
48508650096996
48511054212892
48452645367280
48461405783428
48439377438646
48432042245180
48471427710804
48466066131440
48426268995524
48434462567674
48441106337530
48445299190166
48428267135126
48446791881616
48472851194068
48516299316996
48465376553332
48485223803322
48518713384092
48524181283836
48449134704538
48437416829250
48451408378078
48444068793486
48450517852566
48426556286062
48431456993926
48470498351634
48466476711474
48479802957540
48431527460810
48425931820194
48469642493862
48456678303500
48460771251276
48512929822494
48514174663758
48514332710286
48516194127396
48455867522316
48459970759186
48416859971578
48427746108840
48426098558880
48446799131640
48414802988748
48412245969324
48415921444600
48374888071160
48416633139756
48411157305620
48451123461554
48462670234530
48474051046196
48540902931054
48543229697166
48544093880710
48546605639226
48524884805282
48528034589802
48526344144994
48500431838706
48467109990450
48425825477154
48408404013494
48431179441400
48424049586374
48401621917694
48401473075462
48403996778230
48406358473018
48403902122954
48411714159982
48413785785240
48433885150890
48437803072890
48469976027754
48473314319418
48458567205630
48446323620126
48478375462926
48479800693998
48453439930572
48403334917832
48402665599436
48401116825836
48356499509712
48324379505884
48328638423710
48325313550872
48340896497384
48333154103816
48334297683226
48302715947326
48318297259602
48312491753588
48297935442938
48296021590290
48333660627318
48354367794228
48353024739204
48358150916568
48409069880934
48347167303142
48344287740542
48341439304622
48343824795042
48338181970488
48352424205930
48360683075474
48349419826280
48351578584472
48351000266732
48347792409088
48340704638424
48342529735866
48357540220462
48326203231970
48323898564960
48313565043192
48296042401322
48336758203654
48344624787154
48419920591476
48366124768042
48373465332470
48374769075570
48363172188982
48343957377726
48363339810234
48410775474230
48402479974230
48402890748390
48384759745260
48424963257954
48463202393558
48456546293882
48456476950950
48441283464510
48445388632878
48447800089880
48443714801960
48443365912844
48427442123544
48416511753666
48414649485642
48417356125974
48428665160610
48406795720110
48409794279260
48401155882236
48395299223352
48392747067144
48396768502180
48380808766684
48359979003298
48348184923790
48364945147126
48357648734240
48366633870560
48366723401680
48353839706758
48361121244576
48360280198680
48354550671510
48350581878998
48320447118062
48319236529748
48312872335624
48331399712440
48320378116896
48311781955824
48304892238808
48273444991948
48261922686576
48260350178672
48257639656496
48233834648346
48230093516382
48222509815404
48236587510200
48289923906806
48290419169306
48356611386374
48350266056346
48329483459154
48296360277034
48306442482404
48315049088804
48292496831806
48298886091878
48266398942310
48230209816304
48229924330704
48232920742014
48208332443514
48185507926692
48168454045422
48186384248238
48202942595050
48203063678638
48220817185012
48218141967988
48263588719072
48264168156106
48262972506436
48264589771120
48310066851010
48389418557002
48414306951832
48442468520212
48408325796652
48430188537834
48431215749154
48449500028708
48434514582224
48418780462978
48397082561176
48418427133232
48405860145668
48412918719510
48403820190632
48456976491544
48452845081828
48457978258660
48432959191250
48421146777650
48425426701014
48417660416076
48425798878404
48398826277544
48399675914696
48433402964820
48410627326760
48461349907566
48435227332758
48441098395462
48426671995058
48434599829574
48436969191820
48470890958062
48454601477012
48427219622346
48428482324246
48426350648954
48411543887996
48411196296812
48417274958554
48428144834686
48407111811430
48424266485516
48482991582622
48457252462102
48460053502682
48432844408334
48447483801580
48410439841648
48479420380858
48478542369178
48476854219798
48459139796798
48461620997078
48441911711902
48403749972620
48383869300484
48437755577844
48429691388874
48365511729522
48387697173518
48380651172332
48369106025556
48340792527040
48340519844280
48337270833384
48336873780388
48327434315480
48342616329204
48347503392528
48360332931848
48377878488750
48389319896820
48406197527588
48407481450068
48399081047108
48400405581842
48427144673762
48465163906794
48462139675578
48458617975626
48457026312554
48450890147070
48437439040254
48413042201802
48424299682486
48436593903216
48411235731492
48411264706030
48337515311860
48334407072220
48385847494706
48353642187894
48401675380186
48370031154130
48373589474282
48319029941008
48318816348758
48325670960064
48313329643714
48340000681246
48342561875596
48345158221504
48348858076000
48336919199340
48288438214910
48288203481096
48254409641380
48245614771882
48247551095632
48239632102768
48257962120978
48284581627906
48278740635906
48330999646820
48313491073100
48313810171516
48318978156124
48291663380156
48303660731888
48299329687008
48221492489948
48219594771432
48214375367656
48200082138522
48167307058562
48133209529196
48151141498184
48113374235144
48111492050344
48064837398284
48051430354556
48052759625030
48033077007348
48049690084088
48078631754684
48080666255372
48088130090106
48071035683494
48100456199138
48089302191848
48071874892460
48072466992080
48063083264804
48058438581642
48060258415626
48047293915178
48093114231626
48138228943084
48141211497610
48135659172084
48114704407358
48127453405048
48141062076008
48141672057464
48201602285336
48210365995512
48224698928192
48220475538712
48204785628106
48219890933128
48191548235954
48189320319410
48183415319998
48171163140370
48164835406006
48173162599056
48189337241804
48209871260256
48193983269472
48186236379172
48172525232762
48201169953868
48234207767152
48227624386112
48215228649788
48239986666688
48267963957456
48269848924022
48262516902794
48258852749574
48277590427758
48269807143122
48243484804646
48242030597476
48228753618526
48243347977220
48242351625162
48243596903510
48243548522550
48282465844550
48283522530050
48279685670840
48297788457818
48310558209614
48242212249086
48252945971526
48237603315942
48289088754146
48293879493242
48295270125374
48303456240866
48267642755444
48250631851264
48256635657072
48247305805656
48209355627868
48216162544726
48212095904436
48216151637208
48190127211224
48187991474258
48215052836402
48243071608726
48233974679462
48263701607162
48248118410762
48263000390922
48238682727674
48259590012634
48237501730852
48252501483052
48266416830382
48240147811822
48266678993512
48278333741164
48280906585536
48248553340628
48245914022696
48249177006056
48246231986616
48269151029496
48249129493602
48288763462386
48261493142554
48262124798168
48238564742516
48182748489716
48198065189572
48195802590436
48185068737316
48179182870472
48187872139472
48195268219664
48182599431356
48179721674408
48181840084436
48180585065936
48181919084336
48181769038296
48212442646884
48174864297092
48133016709106
48155549053326
48166742466032
48166756560932
48164419808262
48121865071414
48134709858810
48135130869394
48160163527062
48161426107462
48162354811302
48193441834962
48185410454514
48196758732434
48204706814994
48205844888994
48206880745794
48170532416890
48176914868530
48163141844150
48129483730178
48111673065540
48110398538060
48112344099564
48042070190964
48033082807618
48033547770928
48032962654936
48064984325656
48054309920656
48048513787448
48041305191908
48034909349428
48050550801436
48051420535456
48079302163648
48095444722948
48095243835568
48097611395978
48105971251242
48095546808528
48064770622002
48070233267082
48062356995958
48067606791052
48080402417398
48081124965052
48078164484496
48050236535464
48037351331140
48052321223108
48048198385316
48092260000998
48101030363724
48102850803092
48097201761792
48100731158784
48094506188534
48093015054582
48089841600072
48127944691500
48134600761352
48138625838408
48154545548768
48140612750660
48126425189106
48116870159722
48162690223274
48154740617402
48150368195012
48150391416902
48130636379002
48134158730638
48133354234112
48124459927732
48091288376322
48097849881580
48100765964112
48123327554040
48095410258144
48075997178404
48080587450216
48095180274660
48087472027536
48105837026154
48118280298782
48119658358522
48113660646426
48114108569222
48092683967442
48118416035154
48116620887774
48167977786614
48177984480470
48151280550130
48162028286530
48174070081504
48174524868424
48181376035096
48185824903432
48203512548552
48190323085416
48193413814512
48184649015670
48189330089310
48193531852782
48188781302980
48189078585220
48208835049134
48209808435854
48209708961446
48212059346646
48193391584542
48193661587842
48199238852822
48227721883706
48251475209358
48283360600098
48246645364450
48243916871746
48254855264002
48259058649192
48248374227648
48253787466528
48265691492960
48263446016738
48264472603790
48293297138190
48239563750950
48229390991990
48221952920052
48223715269712
48209978833544
48190513455380
48185514323332
48212532197314
48222080833052
48185924432694
48184353528060
48188951506146
48186077913196
48224744293076
48210267866540
48173163329194
48179260466122
48164239753870
48153302120982
48162530192390
48175722062022
48173897549970
48156552012662
48139254058904
48067509821064
48064975117824
48048120611544
48037033600472
47964355789688
47984083500980
47916793812962
47889157429344
47888373277830
47914873355798
47923267110342
47971125395234
47964046755778
47961066053560
48018522085402
48014375463382
47995042572266
47960104037178
47963172119658
47963172119658
47963755279096
47912965640952
47863665582096
47881267872912
47907318256172
47905872639182
47926368602174
47953159264538
47951666436530
47949238961912
47976346719274
47978682925684
47977164489182
47941857199612
47963026084244
47950865823824
47960606590844
47960496862344
47974873078964
47949235059034
47875801592898
47875661376834
47849351513324
47833993912032
47853451435476
47836985732510
47834951741432
47837420306674
47842329600004
47843174886052
47843932290682
47863532102382
47817369948286
47791684917686
47788378680322
47839656994302
47888847603956
47909038404180
47898945131856
47901202957446
47898949568742
47899287236514
47895115785002
47875312305530
47854654038450
47840507954388
47868656442570
47876698944452
47841693925132
47838193084570
47834569941724
47883356043112
47872148915114
47887825286458
47877820080838
47856005610888
47885727250200
47879892451286
47872918912506
47853644544042
47852505006482
47844375763934
47808568877808
47843857079184
47808367609302
47835988853718
47836529494554
47823759338790
47832750432738
47822866787910
47808835727574
47837134931010
47813820361420
47813963593804
47809133394500
47816911710760
47823919698012
47778620089840
47795707051760
47814610053248
47824592739140
47830815465192
47828046212354
47774588060792
47750246253992
47733009671632
47804965068640
47819655929668
47816989733828
47816088037418
47816166469176
47819285399340
47816033083212
47784582713894
47805781858598
47787645437942
47783841942092
47782686382512
47705080380400
47667472748640
47657480765520
47658414436304
47677838356424
47689432272740
47675726682816
47673830450082
47657503103538
47668872084018
47669096775338
47666118570668
47657717069976
47685165830976
47691421790536
47712383729048
47722327047012
47715013171000
47702692395944
47674483381032
47695221998952
47709321927784
47675288812280
47667816886364
47661827080980
47671829953290
47671112572130
47683201257700
47684415803140
47692490391988
47692827699376
47717458845996
47721837492258
47762327310522
47770653215462
47797956645238
47848953608066
47845176616874
47793433255134
47789526527954
47786757407306
47763253047658
47738569348274
47728740633812
47712266294920
47708663575498
47684696941384
47696833224520
47691732823556
47682534097622
47710376912062
47719722205406
47719694722174
47687858353892
47662275583448
47677766898404
47679292157748
47672976224554
47665693527930
47651412673440
47696524013574
47693848144456
47687176643536
47685177611824
47677541008240
47674152512866
47678346094048
47679285006844
47678627884742
47679232136866
47678146483354
47682037601134
47654587668494
47650932626994
47650935173070
47627359514328
47631656929666
47599757406274
