999061092
999060040
999061130
999062418
999061522
999060154
999063990
999062700
999062092
999058842
999056472
999055104
999055104
999052912
999053344
999051676
999051060
999047244
999047878
999048718
999048110
999048110
999050598
999051906
999053146
999052864
999055690
999054438
999054438
999054040
999055024
999054024
999055688
999057008
999057596
999059120
999053486
999053486
999052226
999051422
999057470
999056918
999060742
999062644
999062340
999061608
999062808
999063320
999064596
999065268
999068726
999066670
999067598
999068850
999067666
999068914
999069322
999068458
999068930
999068930
999068930
999066872
999065822
999061888
999060232
999057320
999055888
999055888
999056032
999057000
999057360
999057360
999056380
999054988
999055684
999054384
999053740
999052306
999054526
2068526
2059544
2060790
2054630
2061392
2063438
2061320
2060588
2060588
2062616
2055056
2053060
2045990
2047128
2051008
2052932
2053714
2051662
2057806
2055832
2052624
