162499913334
162663025766
162746039838
162879552608
162963371028
162541810790
162597305586
162541905826
162086718926
161841631896
161775822432
161678060382
161524958818
161339657622
161371808396
161304359874
161678541570
161448648564
161117644314
161323471614
161408386518
161105472868
161356017442
161144532610
161726941426
161565328754
161850001948
161867922634
162065189070
162199571206
162386400190
162902476534
163356232886
163324931540
163640966000
163407335712
163340904112
163758198832
163767913342
163904159408
163904421900
163996455948
164231297146
164317689466
164761430398
164615303428
164662956088
164612552800
164900195104
164544030192
164867862390
165248317454
165247965764
165292932636
165699618236
165965677858
165993669250
165778576162
165864654632
165916585304
165627588590
166003376160
165702596520
165479189040
165528122560
165445803246
165171916516
165661229956
166012013072
165969354512
166205719840
165739561378
165879863870
165404492798
164948953118
164914845792
164538387222
164611196662
164187817706
163730085178
163731746068
163069414372
162791287172
162617048372
162808549044
162602412800
162472669448
162873930308
162974852970
162965221694
163111757234
162889183442
162941505842
162772755434
162709922048
162699314792
162479916272
162683318104
162423368044
162305254508
162581101668
162792261960
163019172462
162786748030
162764456086
162669340696
162433607896
162668539786
162881690866
163179458116
163749936794
163341052946
163452914626
163020185644
163276018186
162763992724
163028088124
162673243196
162863926588
162393819544
162041351190
162180707940
162272256144
161771922432
161898576532
161540496978
161833195778
161476125878
161644075670
160863645572
161069239356
160838377128
160945935702
161181415296
160734144108
160768280592
160372921392
160602717852
160730583552
161163213252
160993259832
161388200532
161185377028
161826006082
162395315166
162404950434
162517684510
162434076832
162395657008
162844863438
162513258402
162455886972
162470467248
162414756684
162717507576
163083892996
163233267816
163224250358
163326582050
163543943810
163543981228
163879530524
163833022604
163861655208
163618125456
163597144944
163773561696
163875086462
164017608658
163386306250
163433365738
162979264558
163129305108
163874118606
163758835882
163926937760
163693213100
163382636988
163197017526
163077180886
163067848526
163084117654
163072374360
163331287284
163432515600
163462873104
163455709344
163368580744
162991769632
162879949888
162602405488
162813676528
163037553832
162748641448
162812974208
163326919224
163644657100
163990157528
164098927520
163783680096
163838424954
163663676436
164006655492
164170047422
164614499094
164528691876
164525123766
164227790886
164596431906
164457077358
163811657154
163672432762
163585359682
163945134622
164098208950
163975562998
164130659818
163998440952
163901020300
163908268540
164062971608
163691135882
163372366322
163012586446
163826631594
164226675902
164300161822
164285977984
164739834946
164932026634
165145238074
165453932174
165643980174
165689438606
165383686350
165290950470
164772219486
164773174062
164524157072
164505869552
164725983080
164649871664
164211261492
163975065492
163449856362
163187708042
163140693690
162864186690
163109904934
163341287494
163154061606
162944540056
163360497104
163406865284
163292371008
163352996888
163814319288
163606105044
163945580324
163982749052
163893246380
163670019068
163579441856
162904098708
162858272818
162862888226
162672758600
162605338844
162443988076
162828033304
163066072274
163228262078
163609782360
163612213968
163494718208
163566168256
163598385056
163802258456
163778727862
164066762198
164115147154
163583935654
163654296074
163786164082
163546364066
163345910032
163704906560
163235847632
163651319972
163984715684
163973814552
164224076144
164800740964
164376783360
164276012656
164157878662
164054643622
164055445212
164135736012
163960002388
163854480888
163897003368
163916486370
163820534866
163968454582
163784967190
163906991902
163911085656
163519311636
163463395016
163325067888
163857574988
164238023042
164231402444
164523279324
164133008526
164038048606
163727164858
163520452058
163174165358
162984479622
162779070762
162634514982
162411328596
162375196376
162169224386
162416558434
162328345522
162583848682
162555006624
162710655328
162882545956
163231357536
163343666936
163376805068
163665131100
163436796996
163519636116
163415451616
163404996220
163815390844
163374094564
163427353966
163507398486
163323342306
163500472830
163835885532
163678323582
163669369152
163530912132
164191127524
164559204574
164761126726
164881746526
164724834514
164768064316
164733138610
164764746262
165027932548
164673462148
164660745850
164607078538
164695466408
164820107938
164798862924
164807218902
164707179534
164466375282
164016924060
164056279538
163333925412
163404558612
163165010662
162829872702
162535970940
162796733736
162933833136
163023939164
163005851380
163360320572
163500034108
163387073454
163839489756
163184252652
163652850096
163654831128
163745625464
163328871490
163366760926
163221379334
163225891946
163570256456
163573085592
163480329144
163986333336
163898054736
163054313418
162851424494
162779948006
162259317158
162510125702
162725089414
162986134934
163097295384
163126027542
163208028630
163230920790
163103518268
163589930768
163815206208
164044157268
164178669468
164229658428
164570630572
164253135556
164368868926
164226342948
164355339546
164377533398
164378212010
164401759738
164949607734
165025088646
165185357352
165043293552
165368374308
165494600088
165271963128
165173168056
164874249636
164509069236
164509070508
164631279156
164752682576
164686795376
164981715008
164698314842
164844685136
164610951116
164302498096
164442985756
164057623996
164033195342
163948471742
163929966010
164397592778
164586678584
164228951952
164248712252
164215231304
164506758560
164614535614
164944698054
165138645768
164878613790
165212029404
165242863284
165165857784
164822280264
164676702692
164867872902
164575135224
164670558332
164953963072
164927213844
164676110132
164192322632
164308472662
164181813934
164392183198
164539824670
164555141950
164635811342
164481501666
164235154786
164081460526
163737575836
163254703680
163566107580
163837925100
163710274364
163690490924
163849657164
164298347358
164277083528
164198798952
164008290096
163965969990
164108212662
163742547642
163561793530
163381431894
163600633974
163125395786
163155910570
162910876830
162681487044
162321740460
161681582860
161480033764
161616617884
161819518834
161659998802
161814218266
162208571514
162486234136
162452128666
162027468436
161834821706
161876118368
162116690368
162367277112
162540273000
162513432718
162358160240
162744434906
162306546994
161861705740
161769147852
162022567044
162352296528
162738046724
162637730972
162496241858
161923061012
162076924400
162024714410
162235947652
162399723140
161953574110
162017628100
162394082800
162436053762
162084828266
162333509930
162155524760
161646276146
161913162770
162268515106
161910392370
162398314818
161959913106
162153356120
162595066640
162527677892
162487991724
162940694604
163124646220
162528631484
162074754184
161928655112
161760449802
161893882990
161640706762
161310033064
161043394728
161172573236
161878075672
162046270240
161792398724
161714859676
161709525148
161499483484
161482194956
161423329292
161607775676
161791464988
161652723092
161718593220
161863352928
161725929278
161644842090
161581055742
161505354242
161489931692
161113294772
161040590756
160441347476
160518616004
161159248984
161381246078
160660787926
161326512110
161223014900
161172141944
161076139476
161087122356
161182381636
161106017604
161387370672
161428570622
161596207838
161772777092
162132105548
162409655680
162648524660
162600732968
162111649426
162261467842
162109869890
162205628604
161817987324
161623413528
161315110006
161563167250
161658484050
161665280918
161745636116
161718770036
162005834936
162089951456
162037701242
161843820090
161882048730
161987666412
161966066720
161472280766
161428386416
161490232416
161542765260
161837224524
161923351424
161822111824
162001737172
161459835352
160950747300
160651204500
160680625050
160674316180
160740122296
160512950044
160272146984
160374645864
160427884434
160617720954
160439930082
160523400180
160465707864
160469517558
160602823982
161017664110
160923201630
161392799330
161470464984
161383820764
161258917996
161492645658
161615409130
161695492042
162051186414
162197907704
162297177178
162393488068
162135124686
162416213286
162376595478
162407538874
162517746628
162534136828
162153817724
162116415902
162137271502
162652391646
162584681118
162363312218
162422549894
162204100460
162449135278
162795915074
163033683458
163532017640
163442657160
163508296578
163229358512
163150130536
163241186080
163317697606
163138982086
163084223254
163167796304
163251295346
163409184294
163377137720
163226084504
162576574216
162150254216
161809712560
161500232592
161732830496
161236667428
161185036524
161577619024
161527981024
161740744708
162198363268
162166728418
162247225570
162034066888
162091929840
161798585568
161288843718
161607623072
161535768406
161786893058
161293197978
161270826970
160869532076
160848443164
161139853534
161203778654
161348863518
161605976148
161450474508
161372723868
161501273272
161619797062
161773040134
162127212958
161816333482
161468142734
161547693854
161019788620
161113245536
161766895592
161961284764
161940245036
162052734122
161587924972
161934888752
161571321702
161391023782
161837989618
161824535478
161699714880
161693976338
161444648258
161487177582
162022858742
161799466634
162388261142
162079593434
161997195734
161891426110
161302548746
161333538250
161479523858
161504890430
160806150058
160892655466
160704435610
160810825586
160640579186
161313153018
160982518736
160954372016
160431944006
161003198246
161017755846
161005609602
161456655048
161625978488
161494511450
161504117234
161215173198
161404358922
161275018514
161509994996
161770700612
161970925252
161947569670
162264332402
162128187146
162067073608
162620616750
162390556734
162401088062
162183220412
162745429028
163079235844
163149095914
162646275660
162439654836
162366392556
162281013356
162085370156
162169954436
162459131668
162309223366
162192452316
162538925612
162368388748
162523546660
162570671248
162574290778
163136598098
163113362124
163085018116
163115696500
163351285150
163640632950
163313096166
162960766688
162791025592
162658426104
162618341850
162381800814
161717763862
161935970730
161228357506
161902719678
161834164336
162112615378
161733953764
161718758990
161732444750
162069360274
161586932698
161828668906
162048802390
161683533802
161630376082
161569137584
161832760130
161305709002
161519075302
161658971650
161866756546
161845912394
161293848546
161689267146
161896960346
161883753326
161888485550
161727758582
161553597286
161325879838
161354450424
161167968856
161539416064
161641713484
161869352080
161936067170
161896270868
162384122430
163180058308
163219265644
162781495948
163190998428
163647989610
163911125066
164603407634
164282085714
164416761906
164745468198
164888984658
164823424754
164489512796
164445216404
165029070932
164866220860
165293662480
165320195920
165943979090
166286493242
166134398378
166441770310
166242035528
166132616192
165976614374
166063718090
165879022426
165820723402
165887612882
166176724754
166316392568
166533297368
166640771402
166855408370
166609536700
166847676152
166861840568
166834969804
166672424614
166086862678
166007284718
165696955574
165757692328
166023716472
165948251500
166109466230
166366978070
166790269168
166839565376
166568439798
166388434938
166132331298
166030739116
165700182194
165664559410
165851383282
165300986722
165440452282
165431028842
165523345206
165272362124
165543532500
165519663516
165344056776
165289680428
164706545434
164638664842
164627474640
164224452976
164361748256
164133773936
164673606686
164733395734
165075899062
164850388132
164391676220
164145108070
163928251918
163701116208
163154635464
163789147554
163269525854
162789318638
162826572014
162733636526
162697734140
162202798026
162317107046
162305048174
162493825632
162385214802
162286973890
162507486970
162175491372
162458180372
162425112484
162423976804
162425656980
162553997080
162813963622
162383601758
161840086382
161643362816
161465749454
161249939608
161375543698
161534526144
161205504612
161284639580
161733697820
161790081128
161176091548
161145915520
161365623740
161839069948
162153577300
162644960236
163035239110
163254794698
163429858770
163019409926
162916443790
163135820846
163390123006
163693511566
164019771826
164357068100
164892476518
164933355590
165275554484
165613411106
166015636172
165720143132
165729705884
165716080132
165461148138
165476247098
165661994510
165892997188
166183366324
166072377534
166215544190
166265866190
166326813958
166249211878
166082599078
165982645358
166147737178
166218034682
165884799376
166052232768
166118888370
166319748876
166367923626
166475617086
166220501322
