164777749022
165306738974
164889583142
165387114920
165293766824
164806855886
164092333434
163983829428
164004015842
163933929442
163967869458
164040506570
163865046044
163657712060
163762565564
163532228030
163504461686
163514251606
163419818638
163487327134
163553806564
163278806314
163462177642
163205832490
163080343018
163234432714
163076187718
162970675628
163018420836
162704594092
162794249252
162723770558
162144121694
162394601152
162295900418
162574701354
161850901234
161682863442
161919237426
161886870406
161804808686
161840183316
161995826716
162310433498
162321200342
162533160910
163068343516
163051935252
162591565104
163193998824
163397442296
163238651600
163495620520
163572687640
163222144328
163031358242
163059874466
163252764204
163193553726
163314095598
163382136598
163278896518
163112546102
163100987522
162987629480
163201763708
163313029596
163391291388
163293166252
163598676136
163494147316
163520479924
163645496134
163472958034
163263032990
163153787410
163417688290
163599802882
163634524162
163611061250
163947501026
163946234582
164286061678
164016641908
164144549266
163673123570
163562654102
164131814890
163964227034
163380963626
163263192236
163004491242
162733467632
162541742890
162654375166
162745263530
162337510616
162448235808
162677258616
162389728656
162399721128
162408683328
162758899496
162884177192
162736788748
162814820884
162649808332
162674316466
162496938874
162414364282
162774407066
163204504726
163236919196
163242024476
162859334792
162824423816
162723750398
162412397552
162433386188
162285711938
161708952194
161625485294
161839430894
161798425892
161647804196
161797728418
161781410050
162049836880
162532637362
162469890690
162269467110
162410019132
162640415644
162895874848
162936965536
162708117150
162918030250
163139689012
162969335072
162938203920
162443610576
162460098264
162431056164
162915974316
163206695724
163056508368
162929989200
162936043624
162969743224
163104139200
163771863180
163712232180
163719429972
163917801180
163353151324
163161720524
163151514394
162967191346
163051954578
163240128428
163382673578
163032791086
163338589018
163544723878
163288146172
163318681754
163983334454
164087605598
164087300272
164254721042
163954861634
163846239892
164421360316
164093824472
163740786322
163977094436
164356231970
164353244150
164607876354
165388643770
165253474970
165157233920
164560594536
164442484394
164456916266
164739013062
164470448962
164255789860
164142093796
164300008556
163923729752
163642277736
163661394888
163666259904
163595568962
163995248688
164004122866
163718064886
163799634966
163789724088
163487161200
163307860160
162952184048
162802852208
162504524336
162352317196
162353681506
162334594308
162142729456
162426678352
162317914864
162186515184
162045392244
161990212748
161710761848
161638238408
161885346908
161773509916
161643177900
161428846266
161245640478
161747460966
161397384726
161621806230
161628884222
161630412794
161566950122
161701570710
162025332696
162030026448
162332249354
162011637258
162298906942
162471701074
162758071018
162558158552
162391862024
162667249644
162497730734
161888751630
161991654070
161869626742
161858521504
161851511008
161911477728
162030956796
161879026446
161554084766
161525187934
161778094288
161863775728
161869010776
162018448736
162603803786
162579886158
162925578010
161931082626
161630662106
161393664506
161182724432
161142170480
160926711920
161421880210
161303532780
161419252656
161228075104
161237237816
161121019480
160921942908
160686292900
160220915140
160070278342
159630016842
160265691000
159554032624
159922807156
160016543716
160028694316
159779281580
159695171786
159947844602
159694360970
160022497226
159658991296
159657171926
159651418742
159909904642
159668473242
160057334282
159493209318
159427459302
159460938150
159740645950
160083680338
160161858298
160679772838
160207040238
160341152784
160146847788
160119920580
159635370580
159637566980
159486205768
160372886260
160402705780
159916404460
159986308960
159827673960
160083269522
159386427696
159424678488
158873712224
158759739014
158539121312
158181481472
158257669290
157997134974
158411743246
158937840526
158937840526
158898559454
159469701620
159611076080
159388405712
159329410496
159209835326
159547315742
159564053446
159800587842
159829747788
159631302972
160025995136
160303309406
159904891756
160126749360
160172776880
160007986150
159987233446
159712553646
159960399522
159985515906
160068229198
159757577458
160030336130
159700833026
159928546514
159662362794
159501457038
159399450346
158752443768
158709952372
158953317672
158687912972
158471179574
158160250582
158009437282
158061104282
157761617350
157956060700
157976765140
158187018942
158167795354
157853268536
157733000776
157700186904
158121680664
157862046968
157520583288
157581719928
157755407686
157719890326
157808345302
157633935952
158116851726
158820788658
158906158836
159057844544
158977611704
158967711016
159284086216
159842743828
160070225972
159796416540
159468398850
159563797552
160070733788
160218296328
160275695208
160261349240
160033520320
160030024354
159967993784
160113156834
159784769878
159505721742
159464221840
159630616720
159694768682
159227557874
159007746422
159092182748
159424885220
159354118504
159448974288
160049104588
160268483976
159900510686
159918809854
160587651874
160665246130
160045024110
160494577060
160804498784
160608637734
160640453406
160907618566
160916328618
161063250618
160825047898
161183378938
161168858938
161223358798
160824762518
160688919118
160876154218
160634398078
160476536110
160696559894
160690491950
160634709730
160599785052
160509428204
160599438956
160903199556
160763641306
160561080946
160528675826
160436363308
160172309916
160265852726
160502582066
160633827122
161077476414
160889628318
160595411934
160556142774
161323336344
161603456744
161570361896
161717054540
161491315256
161466174904
161650677046
162042527626
162258156442
162103493402
162389229902
162885536160
163163611244
163522257524
163420280932
163452424452
163657742182
163139267476
163920139540
163960196956
163942879864
163835477526
163930373646
164294967342
164590777962
164676175218
165093719926
164991064358
165137171798
165058958622
164932163322
164935464850
165286034918
165232110410
164957654538
164676639308
164868675804
164550589596
164625667246
164728286686
164401596486
163943865366
163799821466
164170042086
164533254744
164533254744
164873797180
164732503300
164162381800
164273023514
164261911028
164802680156
164888099654
164414221718
164211434766
164659605828
165223677558
165165109518
165042073564
164411468836
164149153300
163867659934
164330334796
164711716460
164746644332
164278742042
164242116250
164194070350
164133082276
163908786820
164133187192
164228579212
164513052912
164675627682
164878854478
164466366658
164642255458
164704999700
164890237844
164799778124
164884268778
165178335756
165399365322
165534113338
165708553638
164912365818
164677722650
164287775222
163956777022
163986638226
164031141996
163884316488
164037812058
164244225398
164377522646
164446444478
164620109768
164559281048
164879837528
164235803102
164191064906
164287440150
164316548550
164644445574
164918152566
164856118078
164506020954
164280829398
164462097212
164281496870
164318649926
164632101354
164523485514
164515267668
164677869718
164710233294
164889716878
165553228722
164970319342
164877881434
164388890344
164516684644
164964330268
164920088572
165413487292
165414410252
165495944204
165183811356
165255643896
164882369436
164833103164
165271932404
165344047814
165131490984
164776383634
164643045436
164556426922
164554610492
164676498826
164515255370
164555949562
164582668294
164761147646
165039999118
164945555686
165275117116
165131197836
165201565956
165342763036
164957807020
165065613404
164864718108
164687083704
164109467808
164383059918
164725425506
164344669806
164107103666
164508785478
164403775678
164436237184
164625458736
165071611914
165139180174
165492187968
165954996624
166000928250
165950670120
166176037132
166340031538
166471086850
167124649482
167087443218
167137044882
167442589482
167110605018
167335125786
167133908728
167579149528
167960054168
167931224776
167718964216
168160244972
168343562044
168058486092
167944175492
167911782020
167911782020
168066054842
167794779722
167618402290
167739901850
167979143902
167767923046
167913568156
167332159090
167219746642
167421108838
167380702448
167700509530
168015888720
167491354336
167348560888
167265235038
167574673104
167554922040
167895663222
167443510446
167422880046
167298773622
167423358246
167734025770
167409098258
167547164098
167270866178
166974792998
166810325778
166801064082
167028161458
167055373448
166625781346
166871174986
166705569200
166927143700
166740263454
166948895454
166614122370
166619595630
166694781986
166955281820
166893042500
166963151564
167239387264
167525703584
167840570084
167689773604
167947360324
168150296776
167855563776
167279749200
167090405232
167371338324
167258688844
167459085268
166939162156
166603713868
166904544916
167227100796
167270365246
167161905286
167251850046
166666427646
167005351602
167045909630
167075787846
166894289606
166984345806
166852694330
166489091636
166743527818
166787692614
166884557390
166673911802
166509995142
166198416822
166302251442
166187039954
166224065574
166078785166
166245557974
166439874710
166734899582
166426965584
166244427008
166477836374
166581637302
166628598114
166644934346
166773518200
166751914360
166727965984
166829361208
167070975896
167428867534
167654235976
167395015088
167302795730
167321169670
166924770962
166946984446
166930404066
167079373172
167179605988
167488089790
167832294706
168215545822
168652592286
168852006116
168285763428
168396293724
168535827804
168402499596
168770838112
168469538982
168522544270
168842773882
168369301306
168080613698
168364144838
168537859746
168734123138
168712581650
168676030254
168936819998
168855204202
168670537746
168466023258
168865806642
169326931310
169741620398
170250556688
170276633648
170103454928
169933046212
169295288260
168861388024
168850654090
168636162748
169232016268
168922299212
169002808752
168865865512
168738685954
168783556508
168920053076
168406661890
168293852488
168617068456
167865171592
167909512454
167287045622
167483786250
167636337638
168046219334
168224449274
168279819940
168198846956
168007011346
167630926614
167903039924
168314612724
168432910924
168092183708
167921656556
168484179010
168372133826
168694038730
168331334810
168270564500
168202730692
168121884656
167821671216
167389356976
167197236202
167174824762
166895919322
166418806098
166396939814
166735146650
166978125098
166513701848
166283726298
165966886474
165972190794
165939527424
165908292146
166048843258
166322801516
166691732972
166491455576
165842244140
165951093848
165591126592
165765693644
165662910928
165599490038
165439143334
166026854422
165824824942
165703140982
165712598858
165279478898
164920863506
164960362406
165067805924
164785240424
164552880072
164755217038
164828669018
164853540326
165188233666
165183343970
165312019010
165531222152
165535868996
165781063264
165854689312
165865325762
165849393058
166458040190
166026104294
165738067942
165837880252
165745158424
165697026804
165972403668
166137054074
166497585884
166611900882
166583336274
166693505058
166850324658
166873308696
167259466692
167211322398
166987906848
167230569742
167276403762
167103055986
167194766994
167675323650
168166817890
168073798770
168128522690
168347478722
168466897462
168522257998
168759152578
168588662262
168951572598
169099302030
168996406198
168612408454
168317716222
168165570638
167640713422
168085465710
167835373686
168003397074
167825398694
167609547058
167749332634
167747313474
168111403704
167825279598
167411369710
167343815806
167421228532
167530248772
167437566160
167352201180
167382925586
167389825762
167553569810
167875250906
167874105978
168164113088
167965330880
168666818616
168673328548
168494072240
168770236874
169267743590
169314622380
169388254980
169564068180
169426727900
169447847024
168766968436
169006272416
169017133490
168670804780
168680572300
168007041292
168001333680
168245109000
167894920200
167961436592
168310355944
168360401792
168564496356
168297194376
168215341976
168344112492
168896241452
168597329228
168292895834
168365510874
168331724302
167798379292
168302226460
168392810992
168604008860
168205947932
168322281164
168875244536
168528422660
169041064180
169301703130
169073160228
169047078012
169159295950
169147538710
169315300762
169405233182
169275941006
169587233500
169424663414
169185753914
168989147258
169356163574
169130640436
169214366572
169128805792
169311915784
169694542182
169668335118
170165714826
169496270874
169485054004
169774587080
169991247130
169815340490
169777506122
169740598826
169721369538
169490829466
169350031886
169695164500
170068468128
170222408580
170393009270
170195443926
169568636392
168761107602
168726995202
168784086298
168675465298
168625808152
168707454340
168775013660
169272649634
169600427994
168974465266
