120940126866
120848604306
121062783202
121181931712
121178403600
120854419926
121368031320
121337762624
121145829584
121207482760
121338491080
121222757058
121086236898
120806875628
120823948404
120734433968
120710798390
121151572734
120776515230
120914793582
120897071852
121535232570
122536297026
122692184706
123055681378
122620765970
122843814714
122842634438
123042948572
122718671268
122886493540
123022664862
122848362442
122889313982
123227383958
123285985520
122680254284
122609754320
123065128610
123159033520
122635714980
122561289876
123562420750
123573439648
123734627488
124243207076
124613538014
124177735774
124631831374
124520476246
123836451964
124042848692
123872214802
124086788370
124202484522
124368845342
124722986246
125319032258
125126287290
125161593114
125339685642
125537746848
125312068140
125500954496
125438554228
125352641038
125162493998
125239079702
125222506202
125289584156
125562435476
126254839958
126859441802
126937510208
126339065844
126534454224
127166883672
127917960264
127579611348
127080898168
126875071064
127282940428
127877778316
128445079224
128148114934
128258448470
128317183890
128727757810
128733881226
129488725648
129588313272
129556384052
129831455408
130011352208
129778005248
130040398424
130174171508
129580707494
129758986194
129559967984
129403916760
129659414278
130278595126
129938238292
129957420522
130183440342
129298891018
129805998944
129848271416
129952355528
130039149048
129525763164
129800896644
130416672106
130197948270
130178351420
129557845612
130156824772
131027839128
130405006924
130424741548
130384172668
130463855950
130197095418
130720546346
131088813102
131270298880
131341758880
131299149940
131532451736
131560186488
132263551260
132344799516
132470008512
132635835712
132989264140
133799926804
134532932022
134242379190
134200433574
134295711772
134306836312
133726541074
134289703744
134628974174
134822566094
134947977086
135241563414
135372394414
135387505238
134846917938
134691934514
134397268824
134389137324
134216774364
133982139694
134050416782
134283130564
134165718852
134593733608
135024206136
135076378494
134971056322
134930851186
135074864452
135093409096
135532651480
135548390590
135663342934
135886618198
135976364190
135836372954
135399777088
135277086684
135622221630
136218756246
135992104392
136748216062
136938860362
136764432420
137133955624
137554077544
137944166162
138018871652
138562713974
139337335614
139421936910
139449309930
139693761240
139550820344
140081086080
140205279960
140179821780
139862891172
139607673272
139205453304
139654767808
139593023060
138846735500
138542492748
138777712428
138518062016
138746874922
138695865522
138466064674
138707286950
138790647740
139487827538
139757108666
139556876140
140157014240
140163775840
139967245436
140047330450
140043785730
140158192422
140809015062
141192930198
140740663114
140701723402
141009048364
141168416300
141016813868
141073526348
140760981956
140827554476
140633708908
141023674344
140934176744
140879464844
140894008698
141536895754
141787291010
141534486722
142208163198
142382987262
142389655482
142575586272
143498515012
142747422656
142184166248
141431590576
141470364874
141478338508
142253313136
142748666112
142906486208
143447761040
143277563984
143228249600
142949019272
143162721696
143545672616
143411753688
143196122328
143289136728
143093807112
142891868814
142718714474
142607014004
142271410476
142845578044
143280039248
143610214478
143430618578
143627586250
143528147482
143333869082
143482331574
144153681764
144557678500
144684550600
144337059064
144304330524
144953963664
144889577784
144850674304
144831473736
144864868136
144817014224
144663285694
144539171014
144057961138
143606435446
143399192036
144057038276
143901362580
144023985828
143883828666
143736241446
143769765786
143783421162
143553648042
143202823474
143132349332
143549403790
142906603366
142498240166
142528188036
142351509334
142270354632
141841154164
141812195728
141408498752
141735025680
141675631576
141288159416
141253099092
141951752262
141603410870
141643389270
141224675496
140805245240
140791790318
140516283758
140427379470
140996087038
140853101318
140969817918
140852340694
140941959346
140989217712
140556062224
140659859320
141161514284
141435136984
141384064756
141868740146
141503169446
141682007026
141945072542
142078809778
142328597278
142928340046
142697207546
143125704798
143301235650
143467444810
143099324694
143073349394
143259347826
142893794328
142989201312
142889466688
142489745008
142426584058
141949200690
141770407170
141051805594
141536882446
142021519846
142440667936
142543565284
142783958056
142722687160
143540480080
143643315472
142902966364
143456668624
143609915608
143542418152
143536101840
143419608094
143079296940
143455773020
143558340568
143437822384
143932653918
143900601248
144266372078
144443500414
144482782734
144351749304
144833783424
144726741888
144743586624
144556752054
145639322004
144935356752
144993256968
145166661588
145136879568
145624932342
146541836358
145820070922
146326107656
146228447500
146032569282
145720522662
146478854698
146315051146
146478133720
146429420950
146369781006
146373328974
146447026542
146791920198
146905215194
147450972538
147811787594
147785419840
147862831450
147630137374
148014201800
148341165008
148140131184
148184308448
148463808084
148908054204
148699470240
148933009368
148843582680
148503177810
148959432930
149263843842
149125977378
149084160098
148889365406
148791275102
149070394054
148757573518
148528160074
148751969822
147993736962
148000793740
148340572108
148481576656
148565227228
148331402708
147840891488
147563067884
146732326284
146774090600
147567378444
148314735384
147863771448
147820227556
147244778514
147851270554
148032067762
148077032626
148038426986
148099353026
147756132950
147665046570
147678048436
148147716628
148216681908
148374691228
148567184280
148718118168
149175307754
148908495246
148563591110
148655890070
148645077518
148188396584
148140166472
148246372472
148825043384
149139686952
149111442000
149113809096
148805680152
148078295256
148119973536
147781615746
148072866006
148074113066
148483719466
148569681802
148651369464
148406334564
148484494632
148633932932
148019353682
148622110472
148610984222
148763277802
148994085562
149144957978
149463335818
149176530694
149138254638
148503087374
148329714202
148597641954
148591334328
148414462458
148491410658
148844280678
148909439366
148925887526
149032830926
149317967742
149476710030
149246154782
149622158242
149374252474
149839144850
149992199890
150051274648
150128265748
149909201108
150103210420
150461996100
150699874260
151047656084
151354205390
151317795618
151611501032
151713932032
152354252512
152993994510
153615531710
153377747774
153371053658
153459052040
153410045710
153792523806
153483413062
153179737886
153204210838
153209388358
153017428310
153026637590
152996497590
153091939770
152966339922
152849085902
152740463632
152940047604
152488884408
152475782964
151477835986
151199544826
151322571706
151443190500
151310720830
151584454556
151086492476
152037765392
152092525552
151671251986
151773941486
152054748138
152429830698
152500258026
152904587484
153226395612
153000509772
152638477992
152367594232
152703070048
152821061836
152695010848
153074112304
152898338066
152904266132
152802420580
152595863882
153394275658
152905884106
153466563696
153639630592
153447109396
153512095396
154049539268
154064787776
154167446656
154617648620
154643751340
154643751340
154124019584
154401760784
154944511630
154076805166
154490099994
154607972970
154778449500
154647038008
154545476328
154913433920
154785747704
154789702904
154612653412
154887492452
154742400176
154667798860
154256906140
153982253734
153815849782
153754123546
154186797862
154543485602
154543680426
154479099338
154156538506
154024453806
154290150446
154212358028
154212358028
154936970336
154694593240
154468902154
154935621650
154853006610
155111286054
155465753802
155550562494
154848709374
154525662916
154562932276
154924938724
154777254740
155515078246
155370663878
155062960988
155552831552
155418113762
155933366570
155823650926
155963652110
156126682058
156320762558
156959297198
157449804318
157447764126
157350446846
157832517050
157762986246
158532635016
158368753928
158136307000
158029605952
157595793424
157606663214
157826775214
158112831854
158153850574
158018090114
158020916610
158532573322
158557563348
157987716004
158125631912
158881132968
159045559386
159246785916
159397951184
159380890756
159388198442
159530959192
159216907630
158910604894
158118686286
158163983386
158131731194
157962930018
157711238194
157500347890
157616046404
157769766892
157509426700
157464781390
158146413166
157872675910
157101474730
157149822868
157352947652
157652690332
158398243036
158240520412
158188506802
158466859656
158854878680
159142827946
159031551466
158608587814
158354376028
158559921908
158073379124
157704496964
157729465376
157844593760
157794423700
157465879820
157527334268
157656311504
157705252252
157891844748
157812866078
158191475362
158445990142
158335147154
158243990858
158546826898
158082852028
158162303268
158163433380
158130888816
157936819890
158023267336
157593067192
157728832328
157599643070
157713559960
157871308120
157380573578
157528405738
157456183978
157853440198
157673547590
157859327534
157634555534
157787920014
158057675990
158441755378
158230942256
158205331616
158903649648
159109692398
159236811258
159125168796
159212105672
159257655436
159292822568
159205614638
159378364750
159632931790
159727683758
160119027858
159870448620
159403609120
159488697400
159075610550
159221919878
159438141578
159651563486
159939539542
160171843222
160408544502
160374602550
160531661790
160623017054
160810988158
160252962298
160294543698
159979711866
160427528664
160260472152
160219638504
160000083800
160465382744
160521457070
160471797950
160834597590
160381904094
160369654294
160687038246
160778999100
159979946970
159873930858
160341285944
159561434684
159916938084
160036697370
159900833228
160061197484
160634058916
160816929076
160809755138
160448325954
161016745362
160741744882
160799362580
160201117868
160265418588
160777196512
160902475442
160871967614
160339429470
160328354510
160359041954
160455784028
160579488966
160530881606
161007536624
161230717624
160865397774
161361118544
161421784016
161371073720
161589530034
161293780364
161027552948
162141497780
162088227380
162580460688
162230519184
162188453840
162150089808
162194080528
162804138760
162550598536
162523207558
162071024598
162148987494
162170551526
161983275878
161470837136
161391718276
161086651154
161111680802
160352622566
160368374934
160795006566
160995800432
161125671332
161646156252
161197786512
161261749928
161322966578
161652545468
161372452058
161315519862
160816967604
160465347132
160903116828
160852393536
161484518112
161454385002
162171742908
162121704972
162108819668
162158001472
162384768960
162478569128
162257282848
161645271952
160912232736
161079081882
161281430490
161261463254
161358883526
161685473222
161577591834
161905459274
162600652274
162495624482
162684801922
162763645332
162784906474
162811709218
163286242056
163472291536
163404271376
163523813948
163526174748
163623238534
163505264174
164247492108
164212671396
163985485956
164102631764
163935091284
163988681884
163973254212
163571378538
164047417002
164145266132
164371811900
164417733772
164373487372
164383844644
164323632380
164612722280
164916718728
164764913646
164377541406
164433110634
164442084594
164768690550
164249319926
164131578272
164767088160
164620395006
164296495252
164075447484
164136574080
164358918864
163407650590
163162831742
163217181156
163004914244
162626576648
162773907468
162799402094
163094988830
163731761494
163850444994
163728576698
163990597184
164565227464
164477640166
164466139846
164752382916
164992428876
165401019876
165094118506
164703387838
164308397116
164131431460
164538894316
164268327100
163614793876
164230226166
164376007626
164329790322
164608515274
164553780136
164440056424
164615527288
164645523628
164367557784
164687551304
164151354648
164171196624
164414630624
164331843274
164258614930
164327660186
164069719608
163942427464
163940164814
163828445954
163326786854
163527960142
163142522580
163822186580
163494045212
163758947552
163549787162
163541134938
163387802088
163619223408
164269105398
164666708694
164644681234
164625384122
164567143226
164530156122
164697857950
164681081406
164371414470
164512459718
164632967534
164743487844
163859131996
163827219292
163860768836
164067442032
164127906048
164117265484
164666956954
164977312882
165434638886
165530499760
165073704346
165105122852
165123069374
165141182518
164834191984
164699616752
164679401456
164264248858
163725527488
163799751120
163590136750
163620397570
164236771338
164379474878
164509042582
164652475798
164627827570
164573191162
164907930682
165246781700
165171603854
165087374870
164346320348
164432945012
164152808180
163865816442
164559548118
164107196120
164579757086
164463152766
164546029246
164632849280
