335461456102
335705800902
336254627726
335929338094
335920350946
335702457292
335806455936
335643191098
335467192858
334932645878
334931219206
335018541078
335032185346
335304266946
335192345166
335379986416
335552788684
335421329564
335474344314
335027629944
335060684934
335171518086
335201488950
335270409620
335171992408
335296718832
335388131214
334831546078
335066326638
335384721428
334810916172
334235687102
334272353472
334298604536
334322656784
334410539280
334479826968
334761786352
335092492702
334988467018
334587859844
334140301948
334139015292
334439419312
334304647442
334385976438
334182090672
334403566080
334619861198
334578834434
334842722558
334817037346
335318028646
334980513228
334923866828
334857548268
335145887788
335338732188
335085928020
335331236682
335326843492
334859076916
335203269680
335319212604
335216711612
335491957450
335621526724
335584350168
335888744264
335618045920
335516673304
335334563218
335541074826
335868827886
335729560310
335896431560
335524756660
335691510892
335617822892
335631218960
335979208498
336193467304
336201082300
336562189948
337326756198
337215981078
337264196154
337321079970
337731212344
337625321208
337670036448
337996607770
337837712330
338356856410
338709244850
338702515970
338381158862
338610503582
338502777744
338338238810
338353020314
338799193354
338578271086
338521711326
339372726192
339573529040
339357934340
339708288450
338843240482
338196026946
338479229002
338271913618
338505651682
338660527158
338808923078
338958568328
339627647444
339736504776
339648882696
339960220646
340199285268
340117166868
339962534220
340113751570
339947645894
339829279430
339962670072
340006010472
339906525240
339906810720
340476598444
340863250234
340666845936
340751125480
340403264398
340422223312
340431862854
339931162452
340059009332
340154580832
340036951572
339932009556
339573909792
339766086022
339458097022
339355581910
339239372938
339079615186
339034794644
338834678644
339501297196
339730749032
339739573376
340598537046
340720946554
340035833014
340360934230
340487201322
340507959744
340386192000
340738536424
341088710024
340962054134
340594405424
340649232272
340263523788
340151497838
340351276568
340448702128
340127034178
339245891174
338979851482
339016386650
338718426498
338792691834
338825059902
339421512024
338778134024
338764658204
338611484384
338539249560
338888665374
338885254374
339099346868
339752664718
338861158382
338889204268
338861610702
338653578206
338643693134
339067357912
339026759972
338889927718
338597143722
338153255610
337531558676
336850953184
336879254134
337229304310
336943691138
336440282778
336409420638
336054653390
336337397490
336553065388
337455357634
337323986872
336631317856
336844438144
337145408800
336487490440
336220159200
335906315100
335915679240
336274485556
336430093306
336373367742
335914204882
336239250148
336223354088
336434737078
336143411614
336352466066
336244762636
336777570016
337058524304
336936514284
337392558222
337185569702
337021291062
337236550362
337389611850
337588919042
337578717562
337746483410
337563005346
337425009426
337168150186
337366999322
337450053622
337288932622
337021171852
338167767756
338492364420
338617392742
338747668790
338960437894
338640800362
338638330026
338942338090
338632204180
338759002860
338675050860
338593231170
338689926860
338765409320
339231618040
339075108984
339348733874
339394826650
339273846426
338578060568
337914727160
338122042758
337660927530
337696742382
338289230626
338319262166
337826216186
337952350550
337686003190
337687328454
337704903394
337435722642
337393910586
337249013476
337684128916
337904688766
338390279716
338564206216
338813247914
339038071674
339351872088
340018692600
339709698226
339880875958
340256543102
340349180798
340084872938
340076454388
339785637836
339950140012
339761767270
339956808550
339873024982
340024561798
339855192354
339941878754
340006582742
340041997590
339781830326
339210174850
339158891310
339187135430
338937326600
338365141644
338446298244
338417107748
338004992276
337963663118
337715605118
337723450118
337936184888
338001312568
337814603608
337561966248
337156085354
337778460854
337660502828
337656592148
337668276540
337956932180
338380650154
338368910164
338879786206
339053626798
339091755588
338850820460
338729188962
338911461816
338774944574
338629820350
338441517270
338367383874
338246418214
338068414610
337549849240
337023787168
336333888144
336669142476
336592463292
336106419390
335983177790
335980010078
336273955598
335766406298
335883964112
335855231360
335995151360
336082138632
335350172046
335364534584
334584245736
335091988200
334828514496
335143598736
335336369728
334619241184
334333967800
334154468060
334014079916
334381680116
334260477056
334275936896
333999141896
333884126072
333930615122
333274520198
333049367550
332959265196
332897735232
332674373952
332329034016
332157627570
332153349392
332258695562
332530739098
332378125962
332305491456
332317534628
332341182418
332737398130
332930389442
332944707774
332774942014
332792705484
332576778284
332254783754
332508993856
332258705944
332055655426
331967822482
331742317836
331728968688
331667890804
331813170384
331824183048
331345097280
331536223676
331640119206
331535690144
331323336702
331569116374
331380643474
331698733442
331611125472
331366702800
331338922986
331067676234
331177616740
331200243740
331298165130
331279504026
330439007060
330732795852
330787018306
330717600378
330692359146
331010617680
330466970644
330742227990
330287039808
330345694272
330951698272
330306697056
329860929744
329736456450
329725035390
329469487742
329672292926
329973188486
329790518150
329665612694
329508128794
329604163278
330392967278
330057194558
330061653810
329653166896
329656462872
329406591000
329409470184
329180275074
329276221506
329560937474
329173859030
329148111680
328739937500
328811702438
329323930186
329275178358
330078563248
329698045848
329772723528
329320037668
329218378600
330026737576
329845725366
330413273110
330525965446
330261189144
330278767278
329560113678
330257702798
330192486590
330142366604
330178419124
330758778678
330722117438
330109705724
329601644590
329715717514
330050781266
329778560762
329545228574
329608459064
329559976814
329536763438
329733589518
329680365034
329483137366
329505000886
329621152062
329501223750
330102814668
330138454208
330467717120
330500655878
329918987478
330062968490
330575167714
330573771334
330667130818
330511038522
330402333922
330415334080
330377391808
330376453892
330274159472
330040045416
330045979758
330003778428
330109668108
329936140804
329894456596
330062241122
330495472178
330426704034
330666570594
330394030340
330366733140
330902954836
331506567392
331282883670
331765608746
331876927118
331641652046
331732614990
331492557510
331521067590
331917004614
332001179022
332333641614
331952665964
331001297168
330827852336
330828724328
330829091960
330820770640
330531750268
330564457280
330614899328
331139489668
331130088556
330976632664
331164215664
331428600396
331557672906
331533961706
331730138102
331878509178
332040996726
331864304520
331419514972
331392104694
331511189110
331830788950
331784466526
332142373230
332193937540
332035623490
332132319534
332178396474
332077788282
332227459818
332015855708
331922035988
332407464288
332310732778
332442931648
332578991948
332614347020
332572159572
332500768948
332730495478
332757990918
332734156258
332806106038
332542102918
332662046590
333001755862
333352913266
333038246862
332995405134
332733393654
333115147294
333092062510
332891042692
332662644452
332603757620
332535923546
332202890324
332594887558
333174878922
333176283850
332889651042
333172805082
333440733142
333309839578
333587109034
333564768528
333382714118
333017070174
332669124856
332655195096
332334916116
332228019896
332037007348
331867205800
332059871640
332120400094
332011767262
331914157308
331911004288
332268484298
331737654986
331733963286
331617910070
331786661232
331516013924
331916174300
331745536930
331842261288
331751693848
331590790802
331881988754
331852282562
331859007042
331792928700
332023036476
331961879192
331123183626
330647418358
330419103718
330255550018
330566542578
330680296858
329839550270
329970379630
329549814118
329525321254
329529762656
329287731104
329769782700
329865740506
330545835322
330805026982
330673633972
330777733858
330356171284
330420522946
330414083130
329956580720
329834430506
329690303138
329796578594
330156738442
330062674058
329647532658
330442363410
330993136394
330820097934
330393165510
330203021982
329666849566
329562501086
329688500496
329555654160
329599056240
329757213680
329663503024
329678581282
330059769082
329870508192
329949831502
329976065222
329841241130
330345177130
330388763434
330379400458
330410864638
330270488974
330744556846
330667247438
330459161512
330934228348
330856316212
331051607720
331070846632
331410560536
331075211454
330822752274
330631409182
330875562416
331208031280
331539721884
331476786396
331676584964
331747943988
331688083908
331452639636
331508128520
331705116902
331570222202
331467707144
331252204962
331601950050
331167333162
330794253370
331002457662
331451812134
331419854934
331202381788
331433067220
330906037470
331151781804
331286943852
331303188008
331667883608
331397632928
331135836556
331147577010
332015100290
332016532066
331507122914
331685377178
331792708070
331334311266
332072353620
332142591864
331936796792
332123295328
331935355024
331293490080
331174649472
331127110596
331137680844
330713193324
329981802632
330063655480
330072424312
330915681700
331326596404
331782053764
331376615608
331277369584
331541655084
331557889404
331551409454
331138824138
331476203986
331619737106
331951539892
332141117956
332441198256
332516027824
332291842856
332426454776
332614005752
332794671688
332558015060
332240141972
331863996516
332664956474
332936864474
332784208194
332804379930
332684499930
332769321986
332391974234
332425476890
331708087898
332087898298
332416708078
332715480208
332835752964
332787741780
333061585428
333179277108
333114134008
333105939902
333311788706
333362671610
333407010146
333113102890
333282980344
333345119694
333932498496
333909639972
334273024356
334481296074
334419181224
334836997024
334987106828
334777867910
335219488834
335231083538
334919279634
334639291536
334575651960
334189228098
334097481414
333811645058
334108057634
334218281358
334301550078
334272170448
334171493830
334305276806
334440091558
334414807046
334611475062
334107016166
334197287050
334525795946
334997244770
334758613520
334035710510
333726752590
333280803454
333403732960
333320134470
333651397374
333367449024
333411372624
333564327846
333589466724
333069751972
333472883074
333487551370
333489097642
333359404642
333502515778
333704269330
333432597806
333591402124
333428605808
333429234038
333331190006
333172979746
332975615936
333094299756
333488451998
333401714978
333671921954
333822825954
334048644450
334005287820
333810413052
333591507324
333737651294
333491059718
333694647028
333788307452
333900516422
333962879058
334092490578
334116248120
334257350796
333474496386
333445258674
333401159542
333274615078
333387686288
333717718256
333752534540
334030696172
333695159502
333895138182
333852385478
333476889494
333282176646
333586669126
333977989852
333630763504
333412582744
333352574484
333218030556
333210406536
333269938536
333336402164
333340184824
333005863012
332791025480
333389598416
333396318284
333815055308
334208866404
334234420692
333719795842
333772971430
333874094346
334104476652
333871669352
333846335960
333245800110
333292632598
333364731526
333332247840
333368934928
333254959248
333557752676
333555930284
333465408380
333807344870
333759159502
333443866354
334173788746
334102070386
333893058344
333811960796
333818899196
334150171676
334262199080
334345696532
334725275732
334667278166
334676965638
334789364238
334723710298
334420336938
334119236134
334557485414
335264507876
335303532182
335487523088
335873135392
336200908386
336106620418
336261757616
336403777340
336374779080
336128272348
336153370972
335725406242
335865683584
336017877154
335975665138
336070810382
336690857154
336686708858
336620737118
336589261562
335890444908
335324627084
335558966364
335469166966
335368263492
335206365626
334910673242
335499946442
335333791870
335473221702
335904943696
336154485996
335754570918
335876161428
335926513968
336204544408
335561707832
335193574680
334912425112
334941956146
335262501042
335288052642
335525423352
335804513724
336055507812
336353787154
336242995464
336138237784
336358032264
336594996600
336700060840
336857987472
336057062596
336020011556
336178295094
336037062310
335969845706
335726442766
335365777142
335309253214
335363885046
334495332228
334552312732
334656439160
334385071016
334373453886
334038961200
333689250320
333649433560
333613565552
333645884970
333542412990
333377997770
333125977610
333135559172
333602987636
333519285996
333564940696
333559377238
333524945010
333550802506
333925578466
334304223810
333830857110
333789904930
333603290138
333653909838
333739334328
