272850103280
272661157840
272670359656
272647673256
273017853990
273039601566
272916185922
272750885316
272922784764
272833506400
273379421980
273119293588
273265863040
273256480366
272875432384
272621051644
272794784794
272733321808
272824419132
272815795310
272810765726
272857144926
272849279838
272744337350
272752537416
272451115898
272633467290
272368348210
272417408878
272503429108
272242891328
272860379136
273066273216
273123101952
273334178302
273135402568
273120592912
273116766112
273239178820
273464137636
273601015454
273472391230
273158166188
273278681738
272991916738
272566252522
272457734762
272230535606
272098476338
272108960428
272366476098
272244911298
272033454998
272101683530
271948750706
271879603922
271963053276
271838600986
272055047250
272311249746
272084061458
272065845908
272332583672
272546998272
272695361022
272819154276
272735971526
272261754998
272688171758
273022645058
273133158998
273419986262
273524398206
273452112006
273388288626
273487654374
273506281118
273250856702
273357520892
273359536412
273413352636
273683804896
273912091696
274007963260
274076293660
274252428586
273971451946
273812286352
273750340052
274046126690
273796965934
273402517434
273422979766
273281147262
273296389668
273455796356
273501633872
273435027472
273361986688
273400081024
273759469240
273787592050
273865667698
274089506950
274076344930
273804578754
274021274334
274170255796
273973755856
274022001956
274103235856
274084813356
273718723212
273714454712
273531181792
273281689864
273208680354
273259552626
273385893746
273411461746
273384226336
273310586636
273251403500
273341391044
273449251076
273560772356
273634097876
273563274266
273641772634
273897808594
273886320910
273691080710
273927371666
273895699978
273738311938
273897348310
273894775558
274349656198
274383971038
274516925538
274448488260
274667857530
274769376324
274617211268
274076180514
273465150370
273910016304
273806066854
273847176706
273653829286
273082133710
273280926808
273291672508
273421469038
273420821902
273378161830
273400499890
273720096324
273808168002
273595138182
273506572318
273353773678
272954594304
272950441260
273012994940
272733113340
272733190404
272761052886
273062933374
273053715774
273531637342
273562072846
273315731926
273434068214
273440102138
273597684026
273308784086
273242617302
273435982426
273482931794
273347476188
273210044388
273211015156
272955705556
272648589528
272719098428
272733261556
272501844370
272219214018
272144973852
272088363958
272615491798
272711857718
272584269374
272432199762
272586295278
272731214808
272854168008
272969036214
272980323778
273321633964
273427277932
273462553486
273375304686
273096003130
273004574862
272656204262
272632034384
272781874394
273382585916
273303498964
273806326744
273949589596
274086128528
274151474234
273901773034
273816204688
273664753108
273721701706
273592115018
274554903314
274503112484
274506785984
274749046640
274901854572
275310498156
275367021356
275156178762
275320751682
275474827258
275666659168
275621575654
275830123818
275797921188
275788754788
275519034148
275457473612
275513804844
275458063878
275568807958
275932224502
275953508086
275973577702
275962772842
275836475914
276004100550
275928615286
275697993054
275396011374
275611387782
275828289358
275826310542
276079563474
276507449406
276626183042
276207175440
276168691044
276160333704
276142738718
275609709858
275667672918
275666321334
275642278506
275692782586
275554340000
275480306256
275471125338
275507050354
275420472394
275259121296
275463432096
275415028272
275823347088
276127618416
276038421126
275968018566
276492364344
276437432080
276325308116
276515713900
276878356120
276700703724
276458482292
276582212900
276782090678
277055191418
276876237578
277026919270
277111955894
276937639740
276885699380
276591825828
276653464868
276526472366
276775276922
276934374692
277038423392
277029037672
276965153226
276556366564
276565741160
276363142652
276781768818
276852642162
276920049522
276991004338
277043455738
276882736764
276908258700
276830373660
277632382560
277354077652
277648241302
277694184034
277711426490
278144183066
277925510780
277351056124
277506714312
277324673412
277304076912
277406359984
277527745984
277766178144
278235863968
278105004992
278125521536
278332900328
277897471292
277743679492
277584514932
277248300092
277131921596
276812272956
276028738096
276160694732
276214722518
275962614926
275989350606
276145553814
276667588854
276175022384
276154601648
275343049088
275229501344
275412779954
275697164690
275469441686
275186819576
275026272616
275494616936
275611430322
275249997446
274846300156
274655569596
274575516972
274636953952
274677816832
274294032722
274093465862
274348815412
274548971808
274524083808
275114912154
275359554690
275142817722
275028692090
274528543098
274798227598
274865984008
274849897536
274999735890
274836115454
274808846882
274626760142
274835694924
275016837476
274947372900
275460733064
275522445412
275787355194
275677323104
275291201340
275184882594
275177467146
275006356466
275295495752
275182363512
275510541452
275522474912
275508284162
274917946822
274774916042
274537456386
274502253274
274438976724
274477561012
274511022580
274461088934
274830792554
274996226162
275356759330
275064309666
275009093442
274903300222
274607543842
274504194442
274438619272
274501062622
274329918016
274329675348
274142997186
273984100770
274241915912
274198020480
274205861758
273968901358
273660394930
273462267490
273383400236
273313990636
273582911372
273494033246
273906428374
273571500784
273534188440
272746725820
272442516124
272215281076
271744287356
271705566116
271548783380
271417583852
271090166468
270738181706
270254694174
269542856072
269202745572
269271054022
269357160172
269612187412
269527124296
269525342894
269563550782
269396087758
269067181466
269147485378
269499429610
269198161530
269167627806
268851209092
268552357684
268615867668
268445049944
268611739466
268611260516
268513414580
268883875580
268750500910
268799772660
268544898110
268432981058
268556122076
268207742110
268214412958
268291923048
268199028048
268187534748
268184974806
268432882830
268204961246
268672394836
268537395718
268477500406
268672954126
268765462212
268685301858
268735341738
268791667210
268887849946
268717782466
268180386992
268388540998
268112503566
268134528630
268037204838
267628129566
267676811302
267717884026
268278823326
268380911264
268621305710
268684197686
268843251940
268893706540
268531201408
268354744890
268342793298
268552251208
268703614368
268591320936
269140541538
268975714786
268974674714
268960185554
268974059978
268931277642
268470389172
268381183692
268565943344
268822125242
268647940238
268834086624
268875884192
268856820056
268434551440
268192474768
268440675324
268699963350
268734738582
269846687322
269979778826
269994210876
270584390522
270247397330
270401496146
270169244642
269890136960
270374590898
270403931306
270531167646
270038701012
270190815708
270106710712
270843278152
270119928932
270099900908
269914601230
270014252470
270046438026
269993688698
270141069076
270170020042
270148096112
269983286236
269694643064
269675278916
269606225596
269607497812
269754025858
269592361372
269428071342
269740058322
269864558802
269903502938
269573485376
269783764864
269950830966
270324857854
269789867632
270015000312
270321045282
270429728922
270559909962
270670293410
270435725426
270357681590
270777879110
271141435862
271111029352
271403785048
271286249080
271113059026
270997226426
270929284706
271187326992
271459497600
271525884544
271445421980
271688374016
272190743858
272376867440
272733646260
272630228348
272463957408
272584624120
272654625832
272654199624
272628029016
272171498776
271964711436
271926566238
271609274418
271843889922
271797674850
272319294242
272178018338
272220106570
272764009494
272683815086
272918984384
272965820060
272793657380
273141182068
273204249898
273045489178
273144984556
273016473496
273583706008
274088055214
274215657486
274161428046
274215119166
274194405966
274273564420
274264269764
274258939328
274278185632
274541933104
274143207120
274027674974
274603459978
274826091720
275000143642
275037328338
274564795338
274787731794
274670897754
274811269370
274839681028
275312324196
275195729898
275139140638
275228230310
275336339402
275523018608
275197609688
275005648838
274937426374
274868264454
275049072326
275395536326
275312771596
274995815962
274772381958
275012066358
274472911016
274851025116
274703989976
274402783532
274621338602
274666678938
274836329756
274985611740
275265168886
275323763228
274874504732
274574365212
274483702716
274494905490
274569681520
274536216664
274637726424
274454244546
274098565254
274462563482
274487950702
275041238542
275535495736
275868209656
275385305208
275473034620
275474099788
275426047388
275983631324
276322792076
276272767772
276063922102
276049068626
275644656176
275644436826
275615033532
275421571956
275096436912
275162575980
275180823642
275296021614
275407905366
275449034790
275345985494
275264160854
275282830238
275543317766
274798704918
274981529038
275662504978
275704354024
275996192956
275989180102
275844244528
275806221328
275809210968
275820530288
275993911988
276437769546
276696779442
276681224306
276673979642
276716746262
276742006694
276756701494
276381155618
276277759458
276261033848
275740253828
275709896228
275363045220
275832049180
275904930596
275935949476
275933766308
275930817746
275898946130
276286157474
276445479252
276413726388
276365640300
276451756110
276352892686
276114546380
275748613436
275741436700
275516049292
275711549632
275649038328
275637637626
275630824396
275661815334
275491422614
275487280322
275645429794
275654394146
275599288096
275403945232
275194344892
275183630892
274749731058
274599625282
274467221854
274608089566
274756720890
274586504076
274695545236
274615857012
274773710334
274744593246
274818194454
274671473478
274891476492
274613218282
274462298242
274819624770
275009951886
275246753010
274945927650
274894648170
274557684060
274691588428
274911712180
274845256196
274973571292
274864106988
274768502476
274770095444
274781467628
275241211378
275702415906
275861516078
276048375806
276106888106
276181251906
276188544966
275977601608
275947318594
276026301738
276220859238
276405132604
275909652654
275884676494
275948122280
275850712904
275807990358
275925810258
275954152818
275795275730
276191230562
276244575338
276196971278
276078308006
275966343386
276266883514
276411734488
276559568290
276480082000
276520456614
276725671316
276484718900
276517124084
276342346118
276161904164
276118100512
276408986372
276176918852
276084176372
275783618792
275986434856
275671030626
275619465546
275466769098
275438872508
275390691068
275550066268
275648807404
275733170040
275437663432
275645664232
275205374212
275087981096
275389115534
275378222430
275342193886
275229794166
275654713618
275501532514
275453041966
275779593566
275770514528
275413088744
275648934794
275435411394
275559503934
275686461534
275462234934
275035256112
274924198996
275079707194
274938819430
274978255210
275074278466
275080630954
275107684298
275106446488
275050271674
275246040314
275796168168
275818319208
275951662896
276317532654
276376078926
276532102172
276653196812
276569045400
276585364120
276640820644
276549368458
276561243058
276621748492
276440655622
276279032122
276140467428
276099578932
276225212286
276186184686
276137406396
276390288956
276468645176
276408110288
276370666802
276470049692
276536581368
276402045720
276405150096
276153621700
276162999920
275480523440
274992509680
274719671980
274758600960
274806652416
274691007436
274781871062
274675715022
274661259636
274659757914
273948666270
273939616044
273536574332
273742629446
273555770810
273744391466
273794933126
273730830206
274009683962
274230002158
274295658406
274176965870
274127043008
273986571104
274032155312
274135135340
273993016840
274001891090
273901947400
273816482482
273797988234
274265509962
274189722978
274043213602
273827073314
273319510474
273060044164
273141009100
273246152684
273440441660
273543300254
273584999762
273553307380
273426210442
272980603982
272801217296
272680369996
272585088010
272570771574
272689025794
272581805584
272457522040
272764031910
272853219710
272886391120
272782424366
273216999254
273088943966
272761291102
272418591862
272581741212
272817134412
272999974212
273013371164
273012406564
273103117276
273123358168
273334815796
273357456232
273176660362
273380669618
273190393350
273386846966
273638542832
274080206690
274098083042
273993525992
274028990232
274170333854
274416636092
273837989492
273799817408
273724144332
273629396994
273549225980
273338835914
273872554346
274231167896
274953229038
275340350790
275081762306
274986624676
275330449170
275276855314
275445527244
275310933932
275135409342
275134215842
274910343858
274866987570
274869066330
274715271738
274740639990
274466609086
274452577996
274539975376
274886400742
274954942404
275266780564
275164486474
274908521354
274807630214
274857111800
274385063300
274311841578
274120875614
274188437134
