282076110826
282063741280
282565549192
282658846648
282598422620
282823455788
282065615306
282327032462
282726961610
282762475634
282556835482
282539830708
282261241204
281913928142
282346182608
282467911488
282365759100
282324359560
281854595224
281837494686
281398828860
281585493172
280659936586
280674307350
280640304670
280367625530
280386748018
280127403898
279852207424
279585088806
279370048022
279561720486
279937753806
280411200278
280552432460
280769814584
280620297146
280807840306
280821751720
280544792290
280914104128
281052097984
280854826624
280774392340
280750547642
281069835226
281108620010
281119415466
280827131754
280763012234
280510450134
280484116162
280358659042
280325468118
280680078678
280541187726
280499718750
280249528118
280117805826
280321929896
280287858344
280058961402
279974146006
280134503650
280065576514
279683446918
279543769382
279767495102
279769279868
279637703228
279630586766
279579135662
279553441742
279534082766
279393392976
279440817094
279159447206
278664638136
278603929708
278416997796
278870739628
278801952844
278932585360
279000698878
279270716338
279156493294
278992374274
278856272386
279056664266
279024600182
278590698512
278810892584
278915407104
278688311834
278668050138
278890975698
278848983174
279051537174
279308738734
279311355502
279260067752
279254953192
279437291034
279435521474
279265921892
279183638372
279175180844
278783266348
278756262332
278841777112
278797472488
278824237028
278296752746
278535730520
278106498372
278163704064
278853943008
278983880928
279599256710
279424722662
279569549034
279054209564
279048580204
279271485224
279366432076
279437996764
279585665076
279734664372
279581968752
279628567350
279217538430
279122028678
279379993350
279439783446
279130810638
278956583198
278783827678
278588789086
278086072042
278241074890
278540810838
278388337226
278490694660
277780594112
277861529924
278073578404
278200836964
278455080466
278478555922
278312973130
277773598158
277462118094
277481640198
277526975202
277603130244
277437430276
277591685496
277608259010
277706283760
277663371000
277525202760
277538963792
277577392602
277587102414
277316089878
277251378210
277246177338
277026079098
276760412718
276953174018
276967334458
277387121068
277981086524
277915277804
278101265204
278100811334
278227732294
278100711794
278317886754
277866358850
277872013262
277669742626
277295217970
277117446586
277423207942
277672734622
277658443012
277638189730
278073379170
277995004350
277704657854
277961976968
278075850008
278117442644
278236629894
278265742796
279426939046
279530157910
279478996492
279630329604
279539526276
279793575588
279685472384
279788869872
280311060272
280259193578
279719559678
279724551158
279789552188
280480401816
280434715656
280922927176
280958242986
281429982738
281598905810
281958261536
282267015488
281860698084
281859702624
281697812528
281815410272
282098336558
282006594458
281742574124
281086867124
281258630122
281472628522
281356665052
281561081692
281747488500
281303238774
281315076570
281295508242
281813919312
281748948588
281670125058
281550136008
281420278278
281501950942
281799129706
281903686970
281877559240
281767048580
281560974560
281752367160
281803022388
281652024636
281281110252
281719119768
281038795556
281250646148
281809970468
282094530716
282422680286
282403612496
282402281072
281931870272
281668316736
282108612400
281991769700
282300420814
282337887774
282062121354
282280702794
282481512420
281857120500
281969372514
282247385678
282025864958
281615797522
281875650234
282047157764
282090608936
282005764136
281827804796
281924596540
282048202272
281932994652
281930259192
281926572882
281703031758
281663863062
281715229034
281881242974
281696460698
281183870394
281132056190
281957639850
282258497462
282444154110
282231061212
282290192076
282275428834
282287466334
282822523120
282903047020
282878456580
283261272636
283070434044
282858790884
282740362596
282323338420
282340542026
282388156130
282289172450
283047911538
283498260558
283626248850
283599452338
283585205490
283632510930
283434767690
283833254282
283693435994
283700850250
283385701802
282770756610
282610625802
282473375602
282579570070
282857237590
282606384874
282595656826
282575246146
282008478892
282340028056
282493679264
282153755528
282324574306
282148619426
282202211446
282374043446
282373951406
282345374096
282297736220
282087904484
281781425220
282131439340
282126344900
282339481548
282449178456
282300546972
281908995852
281906396244
281986884948
282285081028
282352771588
282179549088
282106550952
282085752406
282141786406
281961166798
282729653374
282528148374
282483869238
282384969462
282419086770
282785513274
282785513274
282923917890
282945138130
283181568904
283344940764
283645717164
283676545194
283554154456
283956735496
284177176696
283996201836
283947093294
284005854514
284131954268
284166605668
284543252368
284674316812
284843141596
284825526706
284674719574
285193798190
285553651666
285528261574
285536951308
285284659346
285420553410
285436686260
285650120168
285411814568
285590446544
286332774704
286621231240
286583357152
286487335648
286856345182
287009594824
286938163912
287055174088
287086739518
287361675262
287428725694
287417256510
287279855180
287280017540
287649373588
287960927962
287919228640
287910348078
287933497854
287724231518
287738689458
288127637030
288454017480
288307349160
288586861800
288623934848
288775167680
288452584466
288065306576
288144707348
287841391258
287782894426
287867140186
287802248506
287411461762
287438200690
287556041680
287905498458
287947627272
287787392712
287557604010
287982858918
287670656430
287406020630
287033849622
287082545208
287200101514
286513248394
286525478794
286444740874
286466720834
286217542784
286303231420
286456116352
286101842568
286129078708
285799077428
285956344022
285936789062
285995368748
286014193878
286035137342
286157827162
286606378108
286803900988
286875227506
287123037970
287484389070
287574854096
287539514276
287482443262
287493061870
288078221170
288141816184
288735425332
288721456868
288987213692
289010580992
288795989536
288985188656
288909072056
288970279656
288857180938
288814361088
288806880128
288846633656
288730110386
288674606390
288957346310
289523309558
289256262392
289135322422
289266783426
289371916116
289509356116
289528718788
290157990284
290272818494
290066955374
290114760670
290378909896
290321554184
290538702752
290673893406
290643657646
290752017952
290667021586
290600002914
290562859794
290320945590
290390456892
290713833212
290360294168
290433718688
290708158216
290578375332
290517206616
290320868328
290284984410
290248378010
290250740006
289956391106
289957430582
290188520402
289544979138
289089162578
289359690956
289552520406
289613325414
289625075922
289567283730
289676856978
289897759794
290333412386
290113352332
289964198932
290421576372
290473521348
290942021198
290686318478
290487280658
290437876268
290286388210
290107203722
290377767626
290050001506
289679794496
290080088320
290147582400
290644833080
290191202720
290254550670
290278192764
290694374192
290711937936
290949947712
290963047614
290422003536
289727193476
289677674860
289448601652
289372893460
289055649676
288811326844
288960931540
288609757222
288365834242
288486003454
288558900070
288496011494
288296365970
287888908010
287750548360
287884949780
287797603988
287833844936
287759376376
287296152864
287452563936
288106935936
287993791144
287984756294
288139283790
288207598790
288420273862
288280757926
288045730636
288226197322
288265720232
288146664872
288180210428
288562056018
288745400652
288781834588
288535809916
288350292952
288218259368
288197024388
288486514318
288598283092
288354102100
288344339188
287960578118
287698811812
287190408192
286747609400
287427109240
287351312064
287477467656
287120024636
287027194060
286638701764
286380522576
285865894140
286114947028
286402654628
286068755244
286276225098
286265476158
286242804432
286090254800
285671556912
285665327896
285770137328
285604097024
285525785764
284919142564
285134574932
285358591088
285349345488
285263828848
285192357288
284995904154
284527465344
284538947568
284142761648
284217901208
284079217544
284162928088
283945532116
283576483156
283585818902
283611312918
283729568676
283863615396
283666941420
283574571044
283418313158
283886864180
284020681028
284004630084
284130500814
284129027746
284190875938
284347021818
284282660676
284071328344
284352123016
284513750908
284438013932
284703825948
284998131354
285151205412
285853313810
286276304562
286173875970
286109023050
286006467450
286040480506
286218525906
286618900346
286952725508
287163426754
287373429796
287245792608
287053097756
286935689256
286733713146
286723392936
286928002392
286301459480
286259673432
286324311736
286623529816
286675274790
286446853542
286433682342
286262558882
286414537170
286597962750
286636749950
286635781874
286482129874
286546125526
286515305496
285743592984
285882043296
285712424960
286053858592
286469264770
286632591242
286855792352
286626933362
286397235890
286101119842
286235107870
286244426474
286263476274
286636387926
286535878608
286006640400
286159932668
286323260888
286137899288
286206037522
286648802708
286477026572
286364577216
285928305124
286046364964
286123602676
286251089224
286201310164
286525923860
286477089420
286617983570
286448062402
286628230072
286904754902
287327396186
287520356254
287483902036
287383432348
287135859472
287288737624
287581425898
287861835316
287833900552
287143490000
287270228240
287493344732
287259376220
287732032668
287730017818
287611583450
287315654454
287774904118
287127344988
286490774196
286553429532
286622766412
286812198820
286893160744
286602076048
286581095680
286915108986
287481793566
287473054682
287335512200
287421817584
287412378858
287647863978
287700761790
287983539762
288038315792
288014188642
287634500674
287377165330
287473668040
287675337376
287636228812
287997566412
288262638870
288366518178
288075189690
287967506994
287961464394
288236239338
288202372422
288383825222
288446670758
288468797062
287836967046
288016803846
288347773606
288346819836
288574585236
288377733516
288581794542
288708854050
288755714066
288494148884
288369887630
288513989084
288711338764
288916609436
289612102864
289687636168
288895819240
288774018792
288783267920
289198430488
288841026948
288710651604
288486735472
288449431306
288714935226
289027124226
289009670594
288728913392
288460226726
288526755790
288509016880
288299453498
288493415810
289031368210
288863184634
288859510366
289007079766
289201068110
289229745660
289211179380
289388597842
289231012774
289121801374
289123630642
289467418242
289268554982
289237011382
289225344566
289166184542
289312249538
289413988562
289540292506
289060857338
288835011458
289185929090
288993047882
288602209478
288658933702
288727972262
288823303622
288837278264
288799290776
288865054772
288943203904
289369720656
289223155658
289025591798
289037204894
289134006334
289020852974
289164057814
289300405364
289420760508
289150000248
289239767868
289378939346
288707821166
288306918942
287654492878
287860090886
287865667182
287375934656
287166800744
287210761388
287213471592
287028266592
286811355360
287020309600
287193736770
287154131050
287160834114
287090622434
286715507078
286690363788
286874836572
286997695590
286423778630
286107630798
286110689478
286515978986
286551162726
286604785590
286559096934
286776524214
286709957978
286293395294
286693306814
286534720920
286355610240
286392761576
286019629544
286043957594
285753965914
285830565010
285533050702
285905594266
286656828166
287235905378
286874583506
286711229726
286501508802
286613731952
286687354524
286600336910
286775236430
286810895744
286750015068
286797864870
286752373974
286314725732
286181274182
286056489074
286406706506
286403417682
286410818802
286423460104
287479019050
287408613550
286899076210
286375710060
286485471852
286606895532
286548001636
286501742886
286513309942
286492994724
286599804644
286777048228
286760144764
286526260540
286574375980
285934420420
285720068068
285423588748
284837964998
284645663084
284342982188
284388627086
284620334006
284460618296
284194297754
283556322834
283151852562
283009521218
283760218574
283785176090
284129960096
284753005824
284986222956
284507847756
284507847756
284343658276
284131313260
284412785932
284284868584
284289726334
284566966654
284651165838
284461777440
283647825544
283636968808
283638371440
283968205276
283480695556
283301240908
283385298532
283588896628
283121555012
282872905284
283173252716
283314133732
283167512166
282928876436
282962101460
283358646300
283364942108
283847227012
283613743420
283564696720
283468109454
283600968572
282942074244
282770083924
282673306324
282300303148
282280453408
282374104336
282295625904
282261704016
282183032394
281889826122
281521963146
281621752842
281511928750
281301659586
281606723506
281793097862
281658496112
281869815792
281990443892
281774091612
281678378112
281523246212
281387680780
281347641976
281213322476
281532008116
281527512700
281652930700
281934446798
281582970472
