137001917996
137282418454
137485862502
137490623832
137628497316
137326556612
136983473312
136982298308
137005983300
137402260852
136935314152
136665148284
136110031068
136442227998
136380967842
136983891750
136548748570
136536417330
136311766962
136877290674
137132371458
136677210466
136684769388
136551031048
136494230308
136827083092
136844106022
136883902774
136716895762
136464638848
136608417148
136592881724
136725744034
137095757454
136679023674
136606399350
136049008700
135772018740
136105990048
136013201978
135779258138
135778550314
136151726678
136358585990
136647869690
136874872662
136625286282
136648472886
136473680372
136606122472
136781005382
136594126646
136637156462
136671276586
136796870866
136885163854
136872658854
136834142166
136619197878
136990468182
137241427926
137241404526
137292538942
137491191022
137593379702
137631498902
137270256982
137478545646
137527015018
137282062058
137404633212
137441025828
137640081220
137679804148
137646436408
138058902988
138255163372
138584202338
138220446818
138297743234
138339608366
138245827406
138683254734
138552004026
138546033426
138275589636
138201843284
138161188436
138284155476
137786348236
137768354524
138091643380
138002813992
137914329672
137898039036
138007363086
137976861690
138438487602
138248365842
138287078526
138256041950
138288499830
138682151404
138487671084
138187368158
137965155246
138041010612
138025450536
138090638632
138214219792
137835308016
137864064376
138177868272
138138372144
137947549684
138511704100
138772990048
138705210868
138984194974
138958223458
138936787928
139025117528
138995281512
139241791464
139028418164
139035913704
139063803816
139008375078
138852110498
138604496738
138559854102
138770687910
139022391270
139005813262
139341335326
139498479306
139528363926
139686580182
139597491766
139285592896
139120178944
139053367444
139212359880
139727113572
139669914276
139817589720
140093740300
140688251780
140249661068
140951684348
140762178392
141136393406
140983018766
140633163124
140536350688
141015144418
141000939394
140728317940
140961702322
141085615034
141427647386
141210512042
141603124618
141458749110
141438968934
141537023518
141422460510
141618638918
141928310238
141904376678
141822712940
142035842636
141748621892
141354398426
141336534426
141469049962
141844274050
142335867070
142181725180
141720660216
141686518408
141644411728
141694037456
141365392328
141355763228
141510918668
141591685906
141645071106
141722056806
141472414234
141537225022
141217772952
141215171320
141242373880
141205770150
140848249138
140598805778
140664644978
140087147450
140193044798
140188855760
139980654060
139458060780
138965907378
138830442876
139084289258
139202686432
139433548798
139366539898
139575452182
139358640492
138897437672
139030300872
139430256116
139093011816
138767261784
138982787562
139037341980
139127827068
139069979740
139616057524
140085598412
140101329554
140692458106
141045026608
140552790752
140302704416
139742711128
139800568852
139283462804
139188729884
138886240536
138271987524
138308979784
138579483598
138900044118
138795998634
139069520910
138731740410
138585803606
138587700848
138473757200
138623535972
138693022530
138492979754
138639563048
138763839692
138869477480
138901401344
138612858654
137882074944
137167133724
137068133340
136721177810
137043578330
137044140494
136990778302
137033195974
137252096854
136696494238
136649960374
136508221606
136731867686
136830487966
136732609262
136722718090
136091065978
136367711222
136381143070
136394504182
136556959558
136549019094
136311463576
135982289976
136039595188
135939558132
135952574100
135989623504
135830964016
136309475440
136521418240
136700591104
136722918604
136736144598
136780564582
136688848390
137025379018
137053499710
137031361870
136770624302
137478168554
137480575714
137442314814
137750059486
137443175146
137610148546
137995420758
138203166166
138240596872
138180443464
138216869176
138747681648
138776781408
138770937440
139171939904
139585949234
139242920834
139146627010
139112571300
139126123884
139032457948
139106496298
138836955258
138445628652
138137562324
137986821324
138199172772
138171417926
138449348376
138866255160
138866255160
138985899576
138427063516
138403988356
138173656716
138478684824
138357067592
138198083896
138367962878
138333316344
138616057510
138682311334
138640147022
138905661782
138634863806
138744837758
138804960502
139045812982
139013085602
138808216522
138880806972
138887692164
138827105486
138652494486
139014284446
138706332494
138622544846
138813726912
138771854592
138972929312
138740637368
138412194280
138550956124
138433531036
138276377020
138497984770
138495722036
138820306172
138497720468
138439812800
138372706658
138376911738
138724016174
138497085066
138515311470
138552900696
138720756736
138652675632
138427562340
138528756400
138639324088
138083289568
138615945952
138779369806
139134934198
139424200786
139295424362
138969354452
138767020656
138248776320
138220453232
138110498372
137614922542
137931198410
138057365288
138015371478
137905006186
137499996676
137202664828
136956808468
137082655468
136960302118
136977446704
136385554144
136496045450
136770985962
136871235650
136944824114
136950819950
136679189522
136655640722
136701238286
136569730658
136358542534
135953368094
136031876958
136489159958
136419683276
136618212216
136379443086
137080876490
137045271918
137264276286
137681858040
138144080904
137739670238
137859069198
137812260378
137810345598
137794729226
137550164846
137699664046
137738884150
137575411276
137606497846
137117850286
137159079502
136880213102
137463238286
137477999846
137230245614
136909113086
136907736680
136773486200
136742891296
136593927354
136642814810
136155739970
136070932426
135879235760
136025454228
136317260788
136635681532
136613732152
136643354152
136830640096
136724867038
136537929238
136859994078
137144125554
136977592194
137274231432
137188201880
137103651104
136997617064
137046171108
137230507260
137038574860
137252825676
137323678212
137356021674
137150134106
137661306458
137587166798
137478986262
137498698668
137492256956
137138456956
137281065916
137073461060
137061700932
137193995028
137232070914
137101436418
137059341852
137489555356
137213674538
137173737626
137197426042
137114403466
137204529450
137355770570
137418989526
137408922912
137300943672
137018824452
136628470752
136639135580
136268426026
136087106064
135767937564
135808102084
134930754676
134933053066
134800699226
134593707446
134548133666
134626404826
134586159196
134617961196
134710061196
134285989912
134690571496
134440521352
134323926412
134186384488
133805116808
134088386778
134123253918
133494696186
133398231738
133184746842
133180814886
133231014102
133796707830
133638726930
133816533030
133563576424
133473878356
133255528756
133161360496
133178721056
133066862966
133007272162
133085045242
132859054906
132956106334
133325924702
133183585994
133637220548
133962120032
133945068712
134275717576
134232789002
133840025512
133904802552
133676392542
133539893046
133567660256
133503275388
133553817456
133592914286
133368094630
133692342666
133738671906
134114633954
134228567074
134222416986
134237944536
133938474572
134209487748
134150157568
134228066356
134149038316
134812410974
134687415442
134385660842
134294823722
134372236826
134168681672
134057859896
134199113738
133991958218
134224690738
134460864670
134801387050
134861321310
134624398686
134620717866
134286964490
134988632254
134948150166
134596736836
134363315908
134423637568
134276743228
134603760118
135140695558
134839217626
134603101746
134628201346
134657836152
134830331956
134810232548
134837419610
134813671874
134905524866
135241561986
135272599870
135437588318
135020198138
134904386930
135489384110
135503239046
135943739498
135999081162
135982174194
135806929394
135621783434
135625855964
135929953316
135763347090
135477570126
135481997846
135240505526
134883971894
134451963176
134527677872
134478880928
134553458272
134944907512
135400633048
135414774504
135444421612
135235419364
135445917484
135316624398
135317590608
135441378824
135341425616
135272253302
135273886750
134942753322
134985655524
135117174684
135453289852
135982512700
135952048710
136010170554
135987925930
136141235174
136580972186
136625239706
136966153370
136642867002
136349249666
136831600162
136836780972
136604123962
136166853148
135890384290
135773116090
135777416036
135647249844
135189356508
135179251362
135401713636
135121859772
135115276284
135163462844
135175070332
135082981830
135071136774
134893887814
134461024180
134223462668
134561535324
134547394368
134916864228
135284075108
135055138928
135034164476
135040165636
135126241698
135433680898
135665398894
135728285204
135836382212
136021702228
135405508052
135540837488
135476718368
135419635032
135191093160
134871696320
134897139880
134869525136
134400526034
134797974074
134624323824
134610332096
134548914002
134130515378
134266767122
134220192992
134368479784
134147684846
133350297346
133087527186
133138230992
133084530752
133178955196
133295266114
133068451890
133435399614
133624442526
133556935710
133291212798
133202061534
132968020830
133246080026
133142735336
132951678866
132960957104
133093209194
133135721162
132862128020
132816205012
132772906690
133081108070
132980033822
132816837362
132905750410
133146251230
133155739230
132918668846
133305249256
133398241570
133085784106
133303742810
133200123906
132926858626
133057905318
133018161682
133184454292
132937146316
132886890316
132948705840
132810519440
132558878540
132176615412
132197433178
132258310356
132885757766
133239177702
133490062710
133492817136
133713778188
134007603060
134026360004
133823725248
133803526032
134155764884
134173904442
134173241692
134161710314
134568268388
134750812988
134670855604
134717118304
134524358440
134513465944
134386304304
135027499304
135155490128
135234526234
135166855814
135187214390
135161717786
135163988670
135378510500
135561681044
135580142236
135593637686
135860037686
135780281334
135995456822
135861910838
135677567928
136117691628
136088102288
136106286428
136347459938
136126651058
136067918834
136203557084
136186848220
136332350044
135954351052
136020615352
136223392104
136426817744
136259198852
135948199898
135845627018
135509265002
135305665672
134692986472
134992820004
135036034176
135259563972
135403149700
135525227280
135730105440
135742644870
135613407290
135445820606
135450282698
135547615468
135761807446
135612066968
135956310400
136348162144
136383703814
136319668802
136095131786
135888745578
136012057712
135985433180
135515333252
135389941076
135047192852
134828376212
134889941492
134903282722
134854000566
134976597834
134699419530
134672270772
134594818904
134589078984
134578420644
134001458452
134254624162
133956269182
133720525584
134350311168
134318730768
134537173114
134655259786
134431776576
133886002848
134166588584
133852635176
133811641384
134279535572
134296749914
134257700198
134080637242
134002830190
134093298112
134316219964
134406540232
134369642644
134567427616
135003429844
134889232984
134808296842
134721598270
134672394210
134434184816
134744895572
134713904082
134870760974
134893341926
135090570914
135188917694
135129028794
135401086650
135473133882
135161884146
135495353956
135545724100
135755937704
135736364096
136347283148
136480970636
136559677544
136623251638
136620868024
136567769110
136721396532
136824042532
136460451332
136411266932
136339275842
136570053370
136642980910
136657246018
136334893538
136144072118
136187642678
136024109378
136137997898
136042644926
135807997826
135870843014
135626512702
135368982294
135445790478
135244561206
134924270856
135007280430
134973997598
134817601610
135046406018
135107903348
134943444728
134766326384
134592478382
134740118350
134650307008
134605589752
134728235512
134712668272
134570703072
134181159866
134286677306
134109515046
134259725766
134911542022
134862113272
134978741742
136135589682
136345315802
136312111466
136143862874
136082021914
136045318348
136046151178
135664618306
135626238052
135596976172
135726985324
135595295164
135478918924
135016751284
134842330676
135124073300
135204033620
134936182728
134670535884
134520140674
134591187522
134386287190
134314007586
134330022586
134189850050
133900729130
133893362050
133607831110
133650020374
133821865994
133820804058
133858069398
133537237068
133374836808
133409410152
133670132816
133620840716
133652652836
133359012668
133335650854
133393867558
133142167208
132763263308
132623227580
132502123724
132642248684
132509799724
132457818744
132704447556
132792151332
133085377804
132975482200
132738285772
132190713388
132190377388
132308313914
132661036754
133413079058
133342995422
133525245854
133459596038
133869841118
134022219002
133998222854
133819731170
133476832850
133022179490
132971468522
132272751260
132451005182
132632479242
132514005222
132500934400
132614550980
132550320764
132613686576
132726978742
132803103736
133044070096
133038327354
132849206026
133133517130
133043363586
132759740336
132761720972
133023453590
133212777340
