2096458228
2068793050
2128702736
2296304564
2299137764
2380526960
2269600772
2266396154
2266542082
2252729044
2270647476
2379773220
2427668170
2362198750
2315886360
2425192120
2425374496
2224128304
2255083024
2254574830
2422987712
2288431368
2282569848
2278303432
2281700912
2396110832
2327312958
2327067446
2408838434
2448145768
2573727148
2340760692
2373635676
2373433784
2316724664
2272807774
2368419374
2267154540
2213319590
2152971192
2163402154
2163402154
2100276696
2083016824
2001873502
1993097668
1782906232
1637165958
1821736414
1880560064
1945591184
1945591184
2052808134
2095768646
2036837322
2010435898
1931717098
1894523338
1836520630
1837686970
1759740948
1795842022
1776067022
1776067022
1880407258
1888157698
1703532606
1524792538
1540783426
1309218988
1387692388
1550117692
1710336340
1894483966
1555166470
1506429490
1760543434
1760327924
1810335444
1730207044
1792334404
1792334404
1820869716
1804586084
1706847956
1706847956
1666867016
1542274122
1572792330
1741521662
1790613838
1788487438
1765189780
1698260128
1826976274
1811734306
1752411670
1944741898
1958438278
1944104428
1982124088
2276053198
2233078124
2183188604
2131231316
2131231316
2278689606
2248326002
2453723552
2341802054
2419981946
2435357886
2360445804
2352839660
2330401736
2302395940
2337285138
2337285138
2502911928
2392138328
2349989672
2383513272
2383513272
2432381648
2417986806
2385054004
2386841670
2012720524
1857227536
1851064640
1903645040
1854009162
1917800802
1969240762
2288335218
2368144280
2368144280
2419107786
2242467872
2259950450
2152360314
2243537802
2167096682
2213020166
2189516486
2394337268
2542174698
2561069802
2511945828
2508514086
2508514086
2507532142
2661529568
2644891520
2750348720
2651665380
2497721228
2538081260
2404721836
2405534402
2447525928
2568090310
2706513826
2499222644
2499222644
2466245704
2491809124
2680807444
2680019790
2556131070
2396644050
2568341758
2489633758
2477848078
2633708830
2617316542
2707245982
2776795822
2776795822
2736003854
2638957214
2639697368
2607294776
2662723256
2678126456
2672170290
2652728700
2662735962
2546199642
2587806034
2478072344
2478072344
2549023560
2457782928
2454048228
2449254756
2449254756
2448144296
2502328800
2542712916
2543748340
2561397160
2276207872
2341390516
2581169708
2579639258
2659348288
2660449408
2676823828
2580122548
2522245092
2740129332
2499589632
2453085290
2666359026
2533462036
2509426456
2473478836
2408216522
2206639562
2161444176
2161444176
2032854868
2065863664
2020329280
2003895972
1941524162
1876223222
1805215458
1642424978
1871170994
1864863032
1953868532
1814834654
1814509134
1849795734
1620157170
1620157170
1493117562
1458039522
1515655566
1679886836
1682918628
1766732244
1844732438
1905230652
1839285500
2022789020
2055261300
1916045716
1899740716
1951388872
1964277806
1939546576
1833694596
1915864604
1971909854
2042482854
2085375554
2190188392
2352420700
2434070500
2377020040
2324437108
2324437108
2024805844
2030234720
2031542528
2050259688
2140303774
2140407702
2141835132
2170732368
2170541120
2170137026
2170137026
2012453678
2044683272
2105100266
2105100266
2051272676
1856755996
1805181256
1804752296
1891232606
1940942652
1810359756
1612536132
1612535672
1744886432
1882066128
1794090162
1829191194
1803186842
1862846006
2029973448
1977355848
1859581224
1750857142
1763619206
1826177826
1826900402
1763065772
1808648684
1817857100
1864941086
1827667716
1926945908
1678072112
1678070488
1722070324
1774483648
1897662132
2065248852
1995361152
2193448348
2191877822
2167945102
2167515790
2292367246
2274793576
2212479776
2256997376
2238458582
2238590574
2207914254
2445300430
2526236362
2383896338
1967565932
2175826642
2248593022
2266628830
2240063602
2240831286
2322314140
2293591308
2352741052
2546794798
2559092434
2311776802
2329461046
2306704334
2349873554
2397715136
2652264692
2612161202
2585636130
2589541410
2588824312
2584003324
2723529748
2643744548
2543336812
2543336812
2468857582
2508992782
2495365742
2501479262
2510944942
2585217542
2514398582
2465975742
2350451382
2351799178
2162236102
2112559104
2175811904
2258346972
2184741912
2340963056
2152027056
1959505392
2120062698
2050242464
2050254016
2094425976
2128334760
2219164134
2303551502
2358633338
2303772896
2280567538
2172689900
2052736220
1930842292
1988052492
1975868036
2087180036
2154020176
2243978664
2242663434
2058830738
1961198818
1961774740
2030879746
2015407842
2027751436
2209874436
1976875576
2046859252
1904148136
1900919428
1793577628
1835347164
1984164204
2006977596
2051303210
1973752746
1931275794
2160898028
2365344790
2449946840
2412001580
2400728736
2400728736
2322717320
2271806858
2270215072
2321507600
2341411886
2255497886
2022851818
1913689558
1906342718
2006047534
1977228094
1901666558
1887943378
2135889056
1981128496
1932284088
1853402736
1906563624
2057083008
2112104508
2163509956
2143601362
2105299042
2390794144
2414601790
2512210678
2588664978
2595750948
2622864480
2353237704
2501211608
2454010028
2613379786
2580450946
2657921896
2725651660
2702685132
2624869692
2624869692
2625392242
2624475410
2549763800
2488780800
2508680864
2368075528
2280506734
2388520498
2249995336
2199808168
2286304388
2152719204
2026628596
2020898928
2046013478
2215975078
2176566514
2193747106
2067084984
2008725366
1897730652
1897730652
1744808208
1505682720
1657706592
1742158396
1807690270
1743014822
1699017302
1819235432
2003539898
2133223562
2185521668
2092794436
2235826828
2264253148
2205141340
2025090956
1983769312
1917432916
1918822894
1886968222
1876795332
1926745512
1916534688
1912942398
2035732646
1987521634
2116059874
2129559676
2476691292
2437026498
2246680394
2381658978
2317532538
2381658978
2282847598
2447447046
2478312452
2628363348
2720619148
2709577682
2676313388
2580930416
2502840404
2619713888
2711585882
2644398418
2642859970
2719430586
2580252618
2427814182
2323630982
2368869302
2369485976
2403973096
2257293004
2369690226
2179910268
2105602860
2105333014
2120968342
2185609420
2232053576
2142870836
2201293856
2266735296
2266735296
2207843796
2036881472
2061706118
2080921916
2041780300
2164905484
2311661544
2392066960
2451851080
2545270324
2481563824
2394718162
2281235884
2279149252
2575011780
2426150902
2426150902
2393843986
2344004596
2091174492
2091724076
2072235836
1993364006
1993651958
2086232146
2086232146
2127829952
2150278112
2018018048
2004891488
2006674016
1861546374
1976904870
2074599450
2301099210
2240544510
2238927230
2211609530
2127732170
2004300616
1937645720
1865283122
1960728242
2387266618
2383610538
2383610538
2334872270
2335377940
2233263700
2133411570
2151905570
2157085568
2155455056
2120364236
2359880060
2385410450
2418952434
2420106310
2355737890
2356075774
2088978904
2088488392
2214854680
2122809080
2302342222
2285262882
2271520638
2238186084
2150739654
2134840214
2123400758
2075245650
2110464810
2117547916
1917542060
1917542060
2037631364
1967085770
1974433830
1974608462
1852293450
1777147054
1943731854
2146889772
2240851596
2321448954
2406453308
2434747756
2408332756
2408332756
2386156814
1953499902
1921706844
1955429650
1770136542
1884542022
1883669548
1670173996
1511061796
1291209976
1318134144
1318134144
1354534174
1282705358
1157053234
1451802172
1451802172
1442305124
1422698138
1589172460
1658926298
1812042358
1777426272
1757560748
1885579490
1892256308
1919021156
1754564026
2015026666
2015026666
2079854236
2079854236
2536056396
2236938196
2143390020
2073585480
2067406110
1976338234
2077747810
2113085134
2113085134
2109805282
2151289308
2151289308
2339984574
2297667044
2339610046
2370072116
2325465456
2238863648
2273771132
2274702104
2364406724
2431712980
2268211880
2270101656
2273073066
2240632156
2299867810
2129816714
2173421710
2211132154
2352816058
2603411198
2428175018
2502547018
2502805444
2457685548
2352450880
2333109720
2371758724
2220634144
2250971990
2165000786
2150354156
2303719536
2290847356
2249439500
2284818732
2283732136
2284857824
2382530684
2133750764
2119552460
2119501238
2137800404
1931361338
1946848820
1985376120
2077460988
2043432166
2043432166
1989343840
1868860180
1886284540
1926567124
1838567724
1720926054
1743217750
1805613446
1827673390
2036091534
2011138032
1954048260
1932697284
2061688748
1945264012
2062301012
2062229980
2089823764
2089823764
2081838394
1978993234
1969461344
1905513104
1977413744
1923385448
2057828790
2057828790
2080651818
2046305524
2179087684
2134756060
2017894508
2017904824
2017904824
2040959664
2040959664
2084081784
2084081784
2066417142
2085210726
2132119206
2132119206
2107228706
1882819138
1877549202
1847486206
1693911646
1688563564
1688121108
2025957006
2287794758
2380055414
2380055414
2273773366
2304597526
2360307490
2583251224
2692745944
2380062464
2380062464
2466675764
2407017644
2484396664
2438434144
2337401544
2579244904
2567887466
2549211782
2558200678
2556837238
2358834538
2576468922
2536740506
2569636250
2546839122
2530362132
2178416974
1949891486
2155415842
1931905002
2082430902
2079722556
2099886856
1973354056
1864244692
1864244692
1828700308
1713412528
1769360508
1898469004
1865537432
1607529720
1615568772
1809256272
1828557384
1831241806
2064397570
2256486050
2220804754
2230918672
2200446732
2028826686
2035169418
2203514552
2152918472
2091432664
2166986716
2143278364
2084361044
2199768946
2028803266
2077809346
2046987310
2046987310
2071113550
2058723776
1942594836
1991696616
2170215350
1895065254
1667084054
1677292924
1767894984
1752510524
1639669262
1637649614
1560453546
1574845070
1706365830
1555338912
1509769010
1264417904
1234420604
1106968864
1138561514
1146756964
1065068412
1012321500
1125076956
1115337464
1118727944
1099743900
1229846544
1215956980
1244980240
1226833274
1249229896
1456242568
1610939496
1709051076
1878701168
1974624278
1986311286
1995400802
2053080202
1932628780
2145286038
1926750116
2100230656
2116027360
2151658960
2151658960
2005741240
2044190968
2006567022
2035004118
2011723978
2003088838
1794796546
1816576258
1872822098
1962765458
2297410614
2200737474
2204465282
2369744892
2460905852
2480396774
2381495774
2388178606
2145841968
2382905268
2430181182
2410771104
2491897974
2493248796
2464072836
2528382940
2538370960
2575416260
2604686744
2433994496
2290343450
2213901406
2157610192
2158119124
2156245306
2227156606
2192019184
2187455184
2368349416
2284519972
2481004530
2645814482
2644249328
2551752368
2610778376
2633561994
2554695888
2392317038
2367285810
2216162130
2277426570
2505085442
2500789484
2458971884
2445332456
2447079850
2206604346
2202925110
2254669110
2254669110
2350709190
2119825932
2006859732
2050329988
2278592020
2294979792
2294493622
2430975088
2205924800
2330214792
2318896992
2247803984
2114711514
2269560554
2271360716
2408694890
2430980340
2112033428
1959293042
1990200338
2040081704
1830687414
2009973782
1979956180
2057189064
1844098152
1832942728
1743818224
1745925530
1735503878
1676193698
1678733246
1753745012
1689322368
1746478320
1777838320
1878744340
1912646914
1908403644
1844199300
1803075060
1854658228
1872361348
1789650772
1759421300
1737979156
1775178676
1796989270
1796989270
1791460422
1651936252
1817214160
1917619648
