20 1000
0 6 1 2 2 6 6 2 0 17 14 3 18 12 14 10 14 19 6
6 1 2 17 10 14 8 15 3 9 12 18 16 5 4 19 13 7 11
1 90 25 16 14 56 57 6 66 80 44 53 37 71 96 33 36 74 61
560079 976062 599585 535470 94296 888390 860923 689405 278384 898376 20810 312076 23864 191412 118490 634662 638530 426903 58652 622617
15 67716
8 35707
11 803139
10 998446
2 656249
8 312541
10 394090
10 381669
0 633043
8 191374
14 278476
10 804637
17 888928
1 205923
9 788631
7 920985
0 724231
10 24613
18 187630
0 470134
15 763637
7 635908
14 226141
14 188048
16 649350
18 664338
11 239222
0 347378
10 409359
9 951058
11 885542
7 142335
19 724083
0 246432
18 428050
2 465306
12 501922
17 502421
2 231241
11 390883
3 613313
6 617887
15 502788
14 33942
10 94850
8 114393
19 75344
16 185209
16 773013
2 486996
1 567207
6 999314
17 911646
14 417518
3 173527
13 47926
18 100055
1 360575
16 588291
0 829602
15 180697
3 442938
12 403047
6 84520
15 611855
1 403633
16 313
17 229432
7 176214
5 211301
12 795414
19 578575
7 724908
8 857912
7 6015
1 132872
7 544392
0 721847
13 319706
12 394772
18 358919
6 156819
11 624779
13 231208
8 560
6 238331
18 217975
0 134905
0 266449
3 960931
14 855841
18 209115
10 4549
19 372002
5 587664
14 719752
5 414206
10 750015
1 605692
2 200319
18 299638
16 925198
17 65405
19 218022
7 434313
6 515885
2 841442
11 375897
17 987590
5 199797
8 266478
12 435235
8 11675
0 224657
15 249953
0 70779
15 812682
1 193460
8 914610
17 564790
15 638514
4 204571
6 829495
13 496797
9 916947
11 105956
0 964612
9 30404
10 147329
13 463303
18 518723
3 590514
1 547858
13 742868
9 786552
9 975673
6 209034
15 849107
15 119190
16 980875
13 158139
19 499434
17 273030
11 482378
18 420791
10 941208
17 837295
7 474345
10 750805
8 884507
6 936075
0 473640
15 755543
17 773791
18 860196
2 412384
16 490607
19 624002
15 204471
0 879923
17 934064
16 874570
15 776469
16 214407
6 75607
2 269006
1 689877
4 826276
0 486096
8 194547
18 480465
13 629836
18 293065
6 10131
8 910895
10 687269
18 667771
18 957562
6 895421
14 355538
1 150729
0 856173
19 523994
1 458665
12 512251
3 546065
10 611914
5 229058
18 471994
11 823414
15 323024
6 204662
14 989031
13 133963
9 966823
4 810508
6 738416
0 300943
13 428444
3 847439
17 938016
2 345740
9 291019
19 725175
16 978035
5 224583
2 692301
18 476582
1 549634
18 73660
14 472268
18 981511
16 211985
16 63882
9 796407
2 114488
3 668069
8 595565
11 288477
18 141607
3 330790
6 594749
9 491693
19 827054
14 65711
4 766386
15 52809
1 186851
17 666994
4 230891
4 983345
8 540232
1 681326
10 73023
0 138183
2 267908
19 118293
6 311659
17 182110
1 486448
10 296341
2 981957
4 993318
19 376977
3 912881
11 784364
3 420753
5 761143
17 306050
4 535372
12 430726
8 993286
11 890011
11 687296
2 521731
7 648434
2 765406
12 783591
2 951896
17 706099
19 877694
1 940058
1 623111
19 715401
6 153257
7 13622
3 461267
4 539674
7 53277
15 424892
0 190147
0 903862
19 804590
0 808238
0 606191
6 620938
19 317913
11 951473
15 674549
6 340293
2 717863
9 30753
2 493625
14 61881
10 631536
17 895832
4 110125
17 140780
2 493623
19 726403
4 561374
8 221567
3 723215
13 287116
5 935585
16 596135
12 520503
15 187877
11 60292
14 175828
2 765617
0 967479
16 392840
19 867091
14 258046
16 542789
16 424084
4 887947
19 98962
0 966667
10 802078
8 681333
15 696879
18 839885
3 201665
17 896838
0 181404
14 44361
10 800414
19 484306
8 527178
12 208934
1 870431
8 364557
0 247400
1 700007
7 611020
9 365199
7 127103
5 136032
11 749897
12 478994
14 205395
17 795444
0 631242
3 809746
4 793464
13 608582
9 825042
5 171990
9 238986
19 538887
15 602843
1 939836
8 784220
9 842184
8 432435
13 464424
18 856157
0 272693
10 781728
5 579962
12 80068
15 187935
6 789560
16 186889
12 280744
14 83725
14 138310
14 222825
12 652107
18 561078
17 610624
1 298034
0 946591
5 25684
16 28682
12 968371
15 528989
2 445595
7 458080
12 23691
10 35520
16 540011
11 177600
4 793502
2 637647
14 525582
17 957301
13 923051
5 186742
17 747910
9 787195
3 4689
18 61271
13 260584
13 571509
16 501207
1 916434
11 725470
16 787699
0 288976
4 212683
2 181579
0 576937
3 520398
14 387440
11 826647
12 934306
9 235065
19 754886
16 333205
8 404113
12 397597
16 466229
18 681342
14 591131
9 340102
16 219253
13 340656
16 950534
9 824573
2 549414
19 637771
15 482407
6 845450
16 702090
5 37881
3 508519
16 865442
8 578712
18 323367
9 273279
1 309977
11 766427
13 882530
1 149869
7 297992
2 489748
9 860828
13 41440
11 366063
15 156451
7 410621
7 729518
1 455544
17 944114
17 868127
14 249146
5 872662
5 942275
19 939033
2 822158
10 62985
8 816550
16 6758
13 845646
1 193313
16 514305
1 10375
10 363260
11 921225
3 337127
13 422736
6 92912
0 838212
14 240960
5 723820
12 92682
16 577681
9 527640
11 203448
10 781918
16 301278
0 621888
12 293836
16 55717
0 78394
10 577287
1 512666
11 715573
10 72049
10 292313
11 296162
5 615526
19 155527
1 896363
7 205811
8 3198
0 913690
14 807802
8 578039
13 71239
18 140044
15 671746
16 628396
4 639274
11 724835
7 9355
19 596985
18 258487
14 280018
4 47003
14 42081
8 352405
15 694165
3 235679
0 857795
5 711216
10 161405
10 115350
4 324055
11 527769
18 693359
16 671389
7 986358
17 384410
16 286073
16 559309
1 278332
1 732859
11 200579
3 892521
15 821708
13 886733
12 755115
3 810122
3 561881
9 301614
15 499022
10 568348
10 924441
9 142402
0 88571
11 828207
13 130331
19 126496
12 234199
18 881852
0 396908
2 972102
11 135531
3 936684
5 337517
10 396215
0 261985
4 375487
5 526526
15 690940
4 154957
12 415606
13 485991
6 33522
2 716052
16 14843
15 898993
17 618749
11 5923
13 824247
9 748832
0 703773
6 745966
19 414827
5 372766
5 206395
0 80244
7 979212
16 613755
9 291313
6 926527
8 69011
2 499359
7 443555
14 46988
18 800651
2 156438
0 224220
11 764777
6 772143
9 389886
14 247418
7 163343
18 745957
9 394110
15 299292
15 775980
8 925981
5 868675
1 396444
4 149637
1 244679
18 396468
3 15553
7 22125
15 476961
18 794156
7 925808
13 804377
6 261369
11 365283
0 477055
18 368680
17 237634
12 508076
11 407742
3 3385
1 49730
4 937518
10 495170
14 546900
11 417200
10 245680
0 645997
5 87690
0 400741
3 946417
12 47848
17 922875
2 82180
8 805435
16 507594
17 589110
2 13052
14 444762
11 22486
1 245392
3 999276
4 279604
6 61614
19 785473
8 186614
11 82716
0 488057
9 104264
3 438482
12 880772
5 681719
15 865233
9 295253
11 779473
14 697391
1 98642
6 919859
17 504469
7 9162
9 219914
17 633182
15 99559
1 734228
0 51820
5 57463
12 85211
19 106918
13 950704
6 594496
2 171313
4 43325
16 107428
5 919302
6 357023
15 60315
11 618760
16 637601
15 348554
2 837035
3 180153
16 574335
16 982038
3 229980
11 838144
2 122004
4 900110
6 971995
2 403863
6 470266
7 975692
7 341967
13 442290
1 346425
8 132409
11 91686
13 993429
15 494576
6 971932
19 96795
11 431719
6 930664
10 977057
11 84854
9 319305
9 391490
2 209921
13 522767
8 438615
0 517306
1 844784
7 484565
17 9132
14 714264
8 464680
16 878723
8 984291
16 337159
11 442272
11 751374
19 534091
17 965602
10 297847
12 457071
0 646519
7 388972
15 59722
13 417652
16 460245
1 5203
15 185085
11 46692
2 146240
2 813046
2 757080
14 344551
7 463928
0 103221
0 666065
1 547830
4 81755
17 911410
0 640454
10 368774
5 315679
10 428803
2 924590
11 801486
17 781529
6 174208
8 509832
2 400748
1 644632
8 863188
12 17074
16 85590
14 543584
4 287004
13 537543
4 972590
10 332084
19 357888
11 626478
7 737215
9 115602
12 602259
0 604938
19 443054
6 625932
2 366029
1 73270
2 324586
18 102229
1 472718
10 122672
15 740636
6 322181
11 813552
11 532025
18 655488
19 306228
4 588177
0 610096
6 317214
7 786060
6 799680
11 885485
6 224189
5 264028
5 318980
18 850940
6 590429
3 44230
7 310616
9 103114
11 639067
18 211046
8 816275
0 388868
9 903673
7 865357
5 588748
6 927899
4 238565
18 339480
3 459976
10 986795
18 795708
7 202892
6 573766
19 573553
19 389423
16 332020
8 413095
12 97096
7 715272
17 738180
19 331782
14 623842
18 790027
5 47718
16 983816
14 269124
14 562836
7 666973
9 864628
16 50539
9 183534
9 769582
9 140912
19 881457
15 696953
0 618088
18 437440
0 18586
1 365652
19 634621
10 206145
15 928143
4 663264
3 214218
4 37231
7 694504
18 941766
8 582403
3 234251
5 729460
4 669101
14 244253
3 309728
11 389297
5 227647
5 246193
16 586670
18 730949
13 203381
16 827288
3 132800
15 684683
3 994053
18 18592
1 637908
9 67874
6 268759
18 119118
3 901592
3 200092
10 835655
3 768623
16 270304
3 68823
18 140839
11 665602
13 161116
11 332121
17 675066
7 399400
17 944148
6 956801
8 68706
11 199695
4 209642
1 37962
6 402663
1 669815
1 833724
7 61844
13 33708
11 520023
10 487816
15 967223
15 392036
8 511232
7 14277
12 173473
15 99343
11 594184
5 642769
7 544061
18 374438
3 808171
10 916251
14 284277
0 858944
2 575366
3 110188
9 946623
9 43582
12 928130
14 425319
18 522903
6 553000
5 216109
19 753293
11 285791
16 360868
2 474148
6 97742
10 75447
13 152076
14 927514
18 897667
9 836580
2 53830
14 960798
2 772437
13 647516
16 422941
19 448043
4 231625
17 19199
10 994297
8 925933
11 126692
15 434578
9 839781
13 488951
11 653824
1 889213
11 957474
19 538384
9 435297
10 437510
16 179495
10 219327
9 436503
5 210630
10 494177
5 107889
12 905310
17 709635
8 190587
16 805242
4 773763
0 76367
1 375341
8 708359
3 280215
15 108685
2 66442
11 752300
18 267985
1 715699
9 975979
10 477526
1 483379
10 424660
0 950064
7 34579
8 676085
18 483585
6 609221
19 834804
16 69945
12 340479
7 126677
7 610283
11 886626
0 706979
15 672658
4 33466
16 465773
12 283890
14 326039
9 660594
7 938353
16 471506
10 956963
2 398301
7 148122
10 364946
14 601997
3 652464
9 164399
7 527966
17 595064
17 889846
19 177116
14 502395
16 187670
11 903899
10 324552
1 153878
15 683152
9 342152
3 171698
4 221479
12 440690
1 714467
8 973476
2 379852
8 410280
1 485999
14 962959
18 557348
13 39437
14 693053
3 11682
1 692663
8 601601
6 386322
4 203292
17 357311
19 687233
13 585119
